


materialPath: C:\Program Files (x86)\Steam\SteamApps\common\Team Fortress 2\tf\materials
Loading E:\mapping\Team Fortress 2\cp_change\building_c.vmf
ConVarRef mat_reduceparticles doesn't point to an existing ConVar
fixing up env_cubemap materials on brush sides...
0...1...2...3...4...5...6...7...8...9...10**** leaked ****
Entity prop_static (-48.00 -256.00 -624.00) leaked!
Processing areas...done (0)
Building Faces...done (0)
Chop Details...done (0)
Find Visible Detail Sides...
Merged 290 detail faces...done (0)
Merging details...done (0)
FixTjuncs...
PruneNodes...
WriteBSP...
done (0)
Creating default LDR cubemaps for env_cubemap using skybox materials:
   skybox/sky_day01_01*.vmt
 ! Run buildcubemaps in the engine to get the correct cube maps.
Creating default HDR cubemaps for env_cubemap using skybox materials:
   skybox/sky_day01_01*.vmt
 ! Run buildcubemaps in the engine to get the correct cube maps.
Finding displacement neighbors...
Finding lightmap sample positions...
Displacement Alpha : 0...1...2...3...4...5...6...7...8...9...10
Building Physics collision data...
done (0) (298852 bytes)
Static prop models/props_badlands/barrel03.mdl outside the map (464.00, -128.00, -1007.00)
Static prop models/props_badlands/barrel03.mdl outside the map (464.00, 320.00, -1007.00)
Static prop models/props_badlands/barrel03.mdl outside the map (208.00, 320.00, -1007.00)
Static prop models/props_badlands/barrel03.mdl outside the map (-48.00, 320.00, -1007.00)
Static prop models/props_badlands/barrel03.mdl outside the map (-176.00, 128.00, -1007.00)
Static prop models/props_badlands/barrel03.mdl outside the map (-304.00, 320.00, -1007.00)
Static prop models/props_badlands/barrel03.mdl outside the map (-432.00, 128.00, -1007.00)
Static prop models/props_badlands/barrel03.mdl outside the map (-560.00, 320.00, -1007.00)
Static prop models/props_badlands/barrel03.mdl outside the map (-624.00, 128.00, -816.00)
Static prop models/props_badlands/barrel03.mdl outside the map (-368.00, 128.00, -816.00)
Static prop models/props_badlands/barrel03.mdl outside the map (-112.00, 128.00, -816.00)
Static prop models/props_badlands/barrel03.mdl outside the map (-240.00, 128.00, -624.00)
Static prop models/props_badlands/barrel03.mdl outside the map (-496.00, 128.00, -624.00)
Static prop models/props_badlands/barrel03.mdl outside the map (-48.00, -64.00, -624.00)
Static prop models/props_badlands/barrel03.mdl outside the map (-48.00, 320.00, -624.00)
Static prop models/props_badlands/barrel03.mdl outside the map (336.00, 320.00, -624.00)
Static prop models/props_badlands/barrel03.mdl outside the map (400.00, -384.00, -624.00)
Static prop models/props_badlands/barrel03.mdl outside the map (208.00, -384.00, -624.00)
Static prop models/props_badlands/barrel03.mdl outside the map (144.00, 384.00, -624.00)
Static prop models/props_badlands/barrel03.mdl outside the map (-48.00, -256.00, -624.00)
Static prop models/props_badlands/barrel03.mdl outside the map (-624.00, 128.00, -624.00)
Static prop models/props_badlands/barrel03.mdl outside the map (-368.00, 128.00, -624.00)
Static prop models/props_badlands/barrel03.mdl outside the map (-112.00, 128.00, -624.00)
Static prop models/props_badlands/barrel03.mdl outside the map (-240.00, 128.00, -816.00)
Static prop models/props_badlands/barrel03.mdl outside the map (-496.00, 128.00, -816.00)
Static prop models/props_badlands/barrel03.mdl outside the map (-688.00, 256.00, -1007.00)
Static prop models/props_badlands/barrel03.mdl outside the map (-560.00, 128.00, -1007.00)
Static prop models/props_badlands/barrel03.mdl outside the map (-432.00, 320.00, -1007.00)
Static prop models/props_badlands/barrel03.mdl outside the map (-304.00, 128.00, -1007.00)
Static prop models/props_badlands/barrel03.mdl outside the map (-176.00, 320.00, -1007.00)
Static prop models/props_badlands/barrel03.mdl outside the map (-48.00, 128.00, -1007.00)
Static prop models/props_badlands/barrel03.mdl outside the map (336.00, 384.00, -1007.00)
Static prop models/props_badlands/barrel03.mdl outside the map (464.00, -320.00, -1007.00)
Static prop models/props_badlands/barrel03.mdl outside the map (336.00, -128.00, -1007.00)
Static prop models/props_badlands/barrel03.mdl outside the map (144.00, -64.00, -1007.00)
Static prop models/props_badlands/barrel03.mdl outside the map (208.00, 128.00, -1007.00)
Static prop models/props_badlands/barrel03.mdl outside the map (361.98, 30.76, -1007.00)
Placing detail props : 0...1...2...3...4...5...6...7...8...9...10
Compacting texture/material tables...
Reduced 1037 texinfos to 810
Reduced 8 texdatas to 7 (180 bytes to 162)
Writing E:\mapping\Team Fortress 2\cp_change\building_c.bsp
0 seconds elapsed



4 threads
reading e:\mapping\team fortress 2\cp_change\building_c.bsp
reading e:\mapping\team fortress 2\cp_change\building_c.prt
LoadPortals: couldn't read e:\mapping\team fortress 2\cp_change\building_c.prt



[Reading texlights from 'lights.rad']
[34 texlights parsed from 'lights.rad']

Loading e:\mapping\team fortress 2\cp_change\building_c.bsp
No vis information, direct lighting only.
4265 faces
750482 square feet [108069488.00 square inches]
240 Displacements
298 Square Feet [43002.78 Square Inches]
378 direct lights
0...1...2...3...4...5...6...7...8...9...10Build Patch/Sample Hash Table(s).....Done<0.0310 sec>
0...1...2...3...4...5...6...7...8...9...10FinalLightFace Done
138 of 138 (100% of) surface lights went in leaf ambient cubes.
0...1...2...3...4...5...6...7...8...9...10Writing leaf ambient...done
Ready to Finish

Object names       Objects/Maxobjs  Memory / Maxmem  Fullness 
------------       ---------------  ---------------  -------- 
models                   1/1024           48/49152    ( 0.1%) 
brushes                715/8192         8580/98304    ( 8.7%) 
brushsides            5970/65536       47760/524288   ( 9.1%) 
planes                3408/65536       68160/1310720  ( 5.2%) 
vertexes              6401/65536       76812/786432   ( 9.8%) 
nodes                  593/65536       18976/2097152  ( 0.9%) 
texinfos               810/12288       58320/884736   ( 6.6%) 
texdata                  7/2048          224/65536    ( 0.3%) 
dispinfos              240/0           42240/0        ( 0.0%) 
disp_verts            6000/0          120000/0        ( 0.0%) 
disp_tris             7680/0           15360/0        ( 0.0%) 
disp_lmsamples        9920/0            9920/0        ( 0.0%) 
faces                 4265/65536      238840/3670016  ( 6.5%) 
hdr faces                0/65536           0/3670016  ( 0.0%) 
origfaces             2977/65536      166712/3670016  ( 4.5%) 
leaves                 595/65536       19040/2097152  ( 0.9%) 
leaffaces             5015/65536       10030/131072   ( 7.7%) 
leafbrushes            979/65536        1958/131072   ( 1.5%) 
areas                    4/256            32/2048     ( 1.6%) 
surfedges            32527/512000     130108/2048000  ( 6.4%) 
edges                19561/256000      78244/1024000  ( 7.6%) 
LDR worldlights        378/8192        33264/720896   ( 4.6%) 
HDR worldlights          0/8192            0/720896   ( 0.0%) 
leafwaterdata            0/32768           0/393216   ( 0.0%) 
waterstrips            335/32768        3350/327680   ( 1.0%) 
waterverts               0/65536           0/786432   ( 0.0%) 
waterindices          7422/65536       14844/131072   (11.3%) 
cubemapsamples           0/1024            0/16384    ( 0.0%) 
overlays                 0/512             0/180224   ( 0.0%) 
LDR lightdata         [variable]     3720412/0        ( 0.0%) 
HDR lightdata         [variable]           0/0        ( 0.0%) 
visdata               [variable]           0/16777216 ( 0.0%) 
entdata               [variable]       93962/393216   (23.9%) 
LDR ambient table      595/65536        2380/262144   ( 0.9%) 
HDR ambient table      595/65536        2380/262144   ( 0.9%) 
LDR leaf ambient      2982/65536       83496/1835008  ( 4.6%) 
HDR leaf ambient       595/65536       16660/1835008  ( 0.9%) 
occluders                0/0               0/0        ( 0.0%) 
occluder polygons        0/0               0/0        ( 0.0%) 
occluder vert ind        0/0               0/0        ( 0.0%) 
detail props          [variable]           1/12       ( 8.3%) 
static props          [variable]           1/12       ( 8.3%) 
pakfile               [variable]      105671/0        ( 0.0%) 
physics               [variable]      298852/4194304  ( 7.1%) 
physics terrain       [variable]       48436/1048576  ( 4.6%) 

Level flags = 0

Total triangle count: 11706
Writing e:\mapping\team fortress 2\cp_change\building_c.bsp
26 seconds elapsed



materialPath: C:\Program Files (x86)\Steam\SteamApps\common\Team Fortress 2\tf\materials
Loading E:\mapping\Team Fortress 2\cp_change\building_c.vmf
ConVarRef mat_reduceparticles doesn't point to an existing ConVar
fixing up env_cubemap materials on brush sides...
0...1...2...3...4...5...6...7...8...9...10**** leaked ****
Entity prop_static (-48.00 -256.00 -624.00) leaked!
Processing areas...WARNING: areaportal entity 151 (brush 3249) touches > 2 areas
done (0)
Building Faces...done (0)
Chop Details...done (0)
Find Visible Detail Sides...
Merged 290 detail faces...done (0)
Merging details...done (0)
FixTjuncs...
PruneNodes...
WriteBSP...
done (0)
Creating default LDR cubemaps for env_cubemap using skybox materials:
   skybox/sky_day01_01*.vmt
 ! Run buildcubemaps in the engine to get the correct cube maps.
Creating default HDR cubemaps for env_cubemap using skybox materials:
   skybox/sky_day01_01*.vmt
 ! Run buildcubemaps in the engine to get the correct cube maps.
Finding displacement neighbors...
Finding lightmap sample positions...
Displacement Alpha : 0...1...2...3...4...5...6...7...8...9...10
Building Physics collision data...
done (0) (333868 bytes)
Static prop models/props_badlands/barrel03.mdl outside the map (464.00, -128.00, -1007.00)
Static prop models/props_badlands/barrel03.mdl outside the map (464.00, 320.00, -1007.00)
Static prop models/props_badlands/barrel03.mdl outside the map (208.00, 320.00, -1007.00)
Static prop models/props_badlands/barrel03.mdl outside the map (-48.00, 320.00, -1007.00)
Static prop models/props_badlands/barrel03.mdl outside the map (-176.00, 128.00, -1007.00)
Static prop models/props_badlands/barrel03.mdl outside the map (-304.00, 320.00, -1007.00)
Static prop models/props_badlands/barrel03.mdl outside the map (-432.00, 128.00, -1007.00)
Static prop models/props_badlands/barrel03.mdl outside the map (-560.00, 320.00, -1007.00)
Static prop models/props_badlands/barrel03.mdl outside the map (-624.00, 128.00, -816.00)
Static prop models/props_badlands/barrel03.mdl outside the map (-368.00, 128.00, -816.00)
Static prop models/props_badlands/barrel03.mdl outside the map (-112.00, 128.00, -816.00)
Static prop models/props_badlands/barrel03.mdl outside the map (-240.00, 128.00, -624.00)
Static prop models/props_badlands/barrel03.mdl outside the map (-496.00, 128.00, -624.00)
Static prop models/props_badlands/barrel03.mdl outside the map (-48.00, -64.00, -624.00)
Static prop models/props_badlands/barrel03.mdl outside the map (-48.00, 320.00, -624.00)
Static prop models/props_badlands/barrel03.mdl outside the map (336.00, 320.00, -624.00)
Static prop models/props_badlands/barrel03.mdl outside the map (400.00, -384.00, -624.00)
Static prop models/props_badlands/barrel03.mdl outside the map (208.00, -384.00, -624.00)
Static prop models/props_badlands/barrel03.mdl outside the map (144.00, 384.00, -624.00)
Static prop models/props_badlands/barrel03.mdl outside the map (-48.00, -256.00, -624.00)
Static prop models/props_badlands/barrel03.mdl outside the map (-624.00, 128.00, -624.00)
Static prop models/props_badlands/barrel03.mdl outside the map (-368.00, 128.00, -624.00)
Static prop models/props_badlands/barrel03.mdl outside the map (-112.00, 128.00, -624.00)
Static prop models/props_badlands/barrel03.mdl outside the map (-240.00, 128.00, -816.00)
Static prop models/props_badlands/barrel03.mdl outside the map (-496.00, 128.00, -816.00)
Static prop models/props_badlands/barrel03.mdl outside the map (-688.00, 256.00, -1007.00)
Static prop models/props_badlands/barrel03.mdl outside the map (-560.00, 128.00, -1007.00)
Static prop models/props_badlands/barrel03.mdl outside the map (-432.00, 320.00, -1007.00)
Static prop models/props_badlands/barrel03.mdl outside the map (-304.00, 128.00, -1007.00)
Static prop models/props_badlands/barrel03.mdl outside the map (-176.00, 320.00, -1007.00)
Static prop models/props_badlands/barrel03.mdl outside the map (-48.00, 128.00, -1007.00)
Static prop models/props_badlands/barrel03.mdl outside the map (336.00, 384.00, -1007.00)
Static prop models/props_badlands/barrel03.mdl outside the map (464.00, -320.00, -1007.00)
Static prop models/props_badlands/barrel03.mdl outside the map (336.00, -128.00, -1007.00)
Static prop models/props_badlands/barrel03.mdl outside the map (144.00, -64.00, -1007.00)
Static prop models/props_badlands/barrel03.mdl outside the map (208.00, 128.00, -1007.00)
Static prop models/props_badlands/barrel03.mdl outside the map (361.98, 30.76, -1007.00)
Placing detail props : 0...1...2...3...4...5...6...7...8...9...10
Compacting texture/material tables...
Reduced 1195 texinfos to 879
Reduced 8 texdatas to 7 (180 bytes to 162)
Writing E:\mapping\Team Fortress 2\cp_change\building_c.bsp
0 seconds elapsed



4 threads
reading e:\mapping\team fortress 2\cp_change\building_c.bsp
reading e:\mapping\team fortress 2\cp_change\building_c.prt
LoadPortals: couldn't read e:\mapping\team fortress 2\cp_change\building_c.prt



[Reading texlights from 'lights.rad']
[34 texlights parsed from 'lights.rad']

Loading e:\mapping\team fortress 2\cp_change\building_c.bsp
No vis information, direct lighting only.
4821 faces
751524 square feet [108219544.00 square inches]
240 Displacements
298 Square Feet [43002.78 Square Inches]
378 direct lights
0...1...2...3...4...5...6...7...8...9...10Build Patch/Sample Hash Table(s).....Done<0.0354 sec>
0...1...2...3...4...5...6...7...8...9...10FinalLightFace Done
138 of 138 (100% of) surface lights went in leaf ambient cubes.
0...1...2...3...4...5...6...7...8...9...10Writing leaf ambient...done
Ready to Finish

Object names       Objects/Maxobjs  Memory / Maxmem  Fullness 
------------       ---------------  ---------------  -------- 
models                   1/1024           48/49152    ( 0.1%) 
brushes                830/8192         9960/98304    (10.1%) 
brushsides            6810/65536       54480/524288   (10.4%) 
planes                3640/65536       72800/1310720  ( 5.6%) 
vertexes              7039/65536       84468/786432   (10.7%) 
nodes                  936/65536       29952/2097152  ( 1.4%) 
texinfos               879/12288       63288/884736   ( 7.2%) 
texdata                  7/2048          224/65536    ( 0.3%) 
dispinfos              240/0           42240/0        ( 0.0%) 
disp_verts            6000/0          120000/0        ( 0.0%) 
disp_tris             7680/0           15360/0        ( 0.0%) 
disp_lmsamples        9920/0            9920/0        ( 0.0%) 
faces                 4821/65536      269976/3670016  ( 7.4%) 
hdr faces                0/65536           0/3670016  ( 0.0%) 
origfaces             3198/65536      179088/3670016  ( 4.9%) 
leaves                 938/65536       30016/2097152  ( 1.4%) 
leaffaces             5588/65536       11176/131072   ( 8.5%) 
leafbrushes           1301/65536        2602/131072   ( 2.0%) 
areas                    5/256            40/2048     ( 2.0%) 
surfedges            35798/512000     143192/2048000  ( 7.0%) 
edges                21437/256000      85748/1024000  ( 8.4%) 
LDR worldlights        378/8192        33264/720896   ( 4.6%) 
HDR worldlights          0/8192            0/720896   ( 0.0%) 
leafwaterdata            0/32768           0/393216   ( 0.0%) 
waterstrips            362/32768        3620/327680   ( 1.1%) 
waterverts               0/65536           0/786432   ( 0.0%) 
waterindices          8151/65536       16302/131072   (12.4%) 
cubemapsamples           0/1024            0/16384    ( 0.0%) 
overlays                 0/512             0/180224   ( 0.0%) 
LDR lightdata         [variable]     3762560/0        ( 0.0%) 
HDR lightdata         [variable]           0/0        ( 0.0%) 
visdata               [variable]           0/16777216 ( 0.0%) 
entdata               [variable]       93962/393216   (23.9%) 
LDR ambient table      938/65536        3752/262144   ( 1.4%) 
HDR ambient table      938/65536        3752/262144   ( 1.4%) 
LDR leaf ambient      4628/65536      129584/1835008  ( 7.1%) 
HDR leaf ambient       938/65536       26264/1835008  ( 1.4%) 
occluders                0/0               0/0        ( 0.0%) 
occluder polygons        0/0               0/0        ( 0.0%) 
occluder vert ind        0/0               0/0        ( 0.0%) 
detail props          [variable]           1/12       ( 8.3%) 
static props          [variable]           1/12       ( 8.3%) 
pakfile               [variable]      105671/0        ( 0.0%) 
physics               [variable]      333868/4194304  ( 8.0%) 
physics terrain       [variable]       48436/1048576  ( 4.6%) 

Level flags = 0

Total triangle count: 12979
Writing e:\mapping\team fortress 2\cp_change\building_c.bsp
33 seconds elapsed



materialPath: C:\Program Files (x86)\Steam\SteamApps\common\Team Fortress 2\tf\materials
Loading E:\mapping\Team Fortress 2\cp_change\building_c.vmf
ConVarRef mat_reduceparticles doesn't point to an existing ConVar
fixing up env_cubemap materials on brush sides...
0...1...2...3...4...5...6...7...8...9...10**** leaked ****
Entity prop_static (-48.00 -256.00 -624.00) leaked!
Processing areas...done (0)
Building Faces...done (0)
Chop Details...done (0)
Find Visible Detail Sides...
Merged 290 detail faces...done (0)
Merging details...done (0)
FixTjuncs...
PruneNodes...
WriteBSP...
done (0)
Creating default LDR cubemaps for env_cubemap using skybox materials:
   skybox/sky_day01_01*.vmt
 ! Run buildcubemaps in the engine to get the correct cube maps.
Creating default HDR cubemaps for env_cubemap using skybox materials:
   skybox/sky_day01_01*.vmt
 ! Run buildcubemaps in the engine to get the correct cube maps.
Finding displacement neighbors...
Finding lightmap sample positions...
Displacement Alpha : 0...1...2...3...4...5...6...7...8...9...10
Building Physics collision data...
done (0) (333868 bytes)
Static prop models/props_badlands/barrel03.mdl outside the map (464.00, -128.00, -1007.00)
Static prop models/props_badlands/barrel03.mdl outside the map (464.00, 320.00, -1007.00)
Static prop models/props_badlands/barrel03.mdl outside the map (208.00, 320.00, -1007.00)
Static prop models/props_badlands/barrel03.mdl outside the map (-48.00, 320.00, -1007.00)
Static prop models/props_badlands/barrel03.mdl outside the map (-176.00, 128.00, -1007.00)
Static prop models/props_badlands/barrel03.mdl outside the map (-304.00, 320.00, -1007.00)
Static prop models/props_badlands/barrel03.mdl outside the map (-432.00, 128.00, -1007.00)
Static prop models/props_badlands/barrel03.mdl outside the map (-560.00, 320.00, -1007.00)
Static prop models/props_badlands/barrel03.mdl outside the map (-624.00, 128.00, -816.00)
Static prop models/props_badlands/barrel03.mdl outside the map (-368.00, 128.00, -816.00)
Static prop models/props_badlands/barrel03.mdl outside the map (-112.00, 128.00, -816.00)
Static prop models/props_badlands/barrel03.mdl outside the map (-240.00, 128.00, -624.00)
Static prop models/props_badlands/barrel03.mdl outside the map (-496.00, 128.00, -624.00)
Static prop models/props_badlands/barrel03.mdl outside the map (-48.00, -64.00, -624.00)
Static prop models/props_badlands/barrel03.mdl outside the map (-48.00, 320.00, -624.00)
Static prop models/props_badlands/barrel03.mdl outside the map (336.00, 320.00, -624.00)
Static prop models/props_badlands/barrel03.mdl outside the map (400.00, -384.00, -624.00)
Static prop models/props_badlands/barrel03.mdl outside the map (208.00, -384.00, -624.00)
Static prop models/props_badlands/barrel03.mdl outside the map (144.00, 384.00, -624.00)
Static prop models/props_badlands/barrel03.mdl outside the map (-48.00, -256.00, -624.00)
Static prop models/props_badlands/barrel03.mdl outside the map (-624.00, 128.00, -624.00)
Static prop models/props_badlands/barrel03.mdl outside the map (-368.00, 128.00, -624.00)
Static prop models/props_badlands/barrel03.mdl outside the map (-112.00, 128.00, -624.00)
Static prop models/props_badlands/barrel03.mdl outside the map (-240.00, 128.00, -816.00)
Static prop models/props_badlands/barrel03.mdl outside the map (-496.00, 128.00, -816.00)
Static prop models/props_badlands/barrel03.mdl outside the map (-688.00, 256.00, -1007.00)
Static prop models/props_badlands/barrel03.mdl outside the map (-560.00, 128.00, -1007.00)
Static prop models/props_badlands/barrel03.mdl outside the map (-432.00, 320.00, -1007.00)
Static prop models/props_badlands/barrel03.mdl outside the map (-304.00, 128.00, -1007.00)
Static prop models/props_badlands/barrel03.mdl outside the map (-176.00, 320.00, -1007.00)
Static prop models/props_badlands/barrel03.mdl outside the map (-48.00, 128.00, -1007.00)
Static prop models/props_badlands/barrel03.mdl outside the map (336.00, 384.00, -1007.00)
Static prop models/props_badlands/barrel03.mdl outside the map (464.00, -320.00, -1007.00)
Static prop models/props_badlands/barrel03.mdl outside the map (336.00, -128.00, -1007.00)
Static prop models/props_badlands/barrel03.mdl outside the map (144.00, -64.00, -1007.00)
Static prop models/props_badlands/barrel03.mdl outside the map (208.00, 128.00, -1007.00)
Static prop models/props_badlands/barrel03.mdl outside the map (361.98, 30.76, -1007.00)
Placing detail props : 0...1...2...3...4...5...6...7...8...9...10
Compacting texture/material tables...
Reduced 1195 texinfos to 879
Reduced 8 texdatas to 7 (180 bytes to 162)
Writing E:\mapping\Team Fortress 2\cp_change\building_c.bsp
0 seconds elapsed



4 threads
reading e:\mapping\team fortress 2\cp_change\building_c.bsp
reading e:\mapping\team fortress 2\cp_change\building_c.prt
LoadPortals: couldn't read e:\mapping\team fortress 2\cp_change\building_c.prt



[Reading texlights from 'lights.rad']
[34 texlights parsed from 'lights.rad']

Loading e:\mapping\team fortress 2\cp_change\building_c.bsp
No vis information, direct lighting only.
4819 faces
751524 square feet [108219544.00 square inches]
240 Displacements
298 Square Feet [43002.78 Square Inches]
378 direct lights
0...1...2...3...4...5...6...7...8...9...10Build Patch/Sample Hash Table(s).....Done<0.0448 sec>
0...1...2...3...4...5...6...7...8...9...10FinalLightFace Done
138 of 138 (100% of) surface lights went in leaf ambient cubes.
0...1...2...3...4...5...6...7...8...9...10Writing leaf ambient...done
Ready to Finish

Object names       Objects/Maxobjs  Memory / Maxmem  Fullness 
------------       ---------------  ---------------  -------- 
models                   1/1024           48/49152    ( 0.1%) 
brushes                830/8192         9960/98304    (10.1%) 
brushsides            6809/65536       54472/524288   (10.4%) 
planes                3640/65536       72800/1310720  ( 5.6%) 
vertexes              7036/65536       84432/786432   (10.7%) 
nodes                  932/65536       29824/2097152  ( 1.4%) 
texinfos               879/12288       63288/884736   ( 7.2%) 
texdata                  7/2048          224/65536    ( 0.3%) 
dispinfos              240/0           42240/0        ( 0.0%) 
disp_verts            6000/0          120000/0        ( 0.0%) 
disp_tris             7680/0           15360/0        ( 0.0%) 
disp_lmsamples        9920/0            9920/0        ( 0.0%) 
faces                 4819/65536      269864/3670016  ( 7.4%) 
hdr faces                0/65536           0/3670016  ( 0.0%) 
origfaces             3198/65536      179088/3670016  ( 4.9%) 
leaves                 934/65536       29888/2097152  ( 1.4%) 
leaffaces             5585/65536       11170/131072   ( 8.5%) 
leafbrushes           1301/65536        2602/131072   ( 2.0%) 
areas                    4/256            32/2048     ( 1.6%) 
surfedges            35789/512000     143156/2048000  ( 7.0%) 
edges                21438/256000      85752/1024000  ( 8.4%) 
LDR worldlights        378/8192        33264/720896   ( 4.6%) 
HDR worldlights          0/8192            0/720896   ( 0.0%) 
leafwaterdata            0/32768           0/393216   ( 0.0%) 
waterstrips            364/32768        3640/327680   ( 1.1%) 
waterverts               0/65536           0/786432   ( 0.0%) 
waterindices          8175/65536       16350/131072   (12.5%) 
cubemapsamples           0/1024            0/16384    ( 0.0%) 
overlays                 0/512             0/180224   ( 0.0%) 
LDR lightdata         [variable]     3762504/0        ( 0.0%) 
HDR lightdata         [variable]           0/0        ( 0.0%) 
visdata               [variable]           0/16777216 ( 0.0%) 
entdata               [variable]       93962/393216   (23.9%) 
LDR ambient table      934/65536        3736/262144   ( 1.4%) 
HDR ambient table      934/65536        3736/262144   ( 1.4%) 
LDR leaf ambient      4606/65536      128968/1835008  ( 7.0%) 
HDR leaf ambient       934/65536       26152/1835008  ( 1.4%) 
occluders                0/0               0/0        ( 0.0%) 
occluder polygons        0/0               0/0        ( 0.0%) 
occluder vert ind        0/0               0/0        ( 0.0%) 
detail props          [variable]           1/12       ( 8.3%) 
static props          [variable]           1/12       ( 8.3%) 
pakfile               [variable]      105671/0        ( 0.0%) 
physics               [variable]      333868/4194304  ( 8.0%) 
physics terrain       [variable]       48436/1048576  ( 4.6%) 

Level flags = 0

Total triangle count: 12974
Writing e:\mapping\team fortress 2\cp_change\building_c.bsp
31 seconds elapsed



materialPath: C:\Program Files (x86)\Steam\SteamApps\common\Team Fortress 2\tf\materials
Loading E:\mapping\Team Fortress 2\cp_change\building_c.vmf
ConVarRef mat_reduceparticles doesn't point to an existing ConVar
fixing up env_cubemap materials on brush sides...
0...1...2...3...4...5...6...7...8...9...10**** leaked ****
Entity prop_static (-48.00 -256.00 -624.00) leaked!
Processing areas...done (0)
Building Faces...done (0)
Chop Details...done (0)
Find Visible Detail Sides...
Merged 2 detail faces...done (0)
Merging details...done (0)
FixTjuncs...
PruneNodes...
WriteBSP...
done (0)
Creating default LDR cubemaps for env_cubemap using skybox materials:
   skybox/sky_day01_01*.vmt
 ! Run buildcubemaps in the engine to get the correct cube maps.
Creating default HDR cubemaps for env_cubemap using skybox materials:
   skybox/sky_day01_01*.vmt
 ! Run buildcubemaps in the engine to get the correct cube maps.
Finding displacement neighbors...
Finding lightmap sample positions...
Displacement Alpha : 0...1...2...3...4...5...6...7...8...9...10
Building Physics collision data...
done (0) (151972 bytes)
Static prop models/props_badlands/barrel03.mdl outside the map (464.00, -128.00, -1007.00)
Static prop models/props_badlands/barrel03.mdl outside the map (464.00, 320.00, -1007.00)
Static prop models/props_badlands/barrel03.mdl outside the map (208.00, 320.00, -1007.00)
Static prop models/props_badlands/barrel03.mdl outside the map (-48.00, 320.00, -1007.00)
Static prop models/props_badlands/barrel03.mdl outside the map (-176.00, 128.00, -1007.00)
Static prop models/props_badlands/barrel03.mdl outside the map (-304.00, 320.00, -1007.00)
Static prop models/props_badlands/barrel03.mdl outside the map (-432.00, 128.00, -1007.00)
Static prop models/props_badlands/barrel03.mdl outside the map (-560.00, 320.00, -1007.00)
Static prop models/props_badlands/barrel03.mdl outside the map (-624.00, 128.00, -816.00)
Static prop models/props_badlands/barrel03.mdl outside the map (-368.00, 128.00, -816.00)
Static prop models/props_badlands/barrel03.mdl outside the map (-112.00, 128.00, -816.00)
Static prop models/props_badlands/barrel03.mdl outside the map (-240.00, 128.00, -624.00)
Static prop models/props_badlands/barrel03.mdl outside the map (-496.00, 128.00, -624.00)
Static prop models/props_badlands/barrel03.mdl outside the map (-48.00, -64.00, -624.00)
Static prop models/props_badlands/barrel03.mdl outside the map (-48.00, 320.00, -624.00)
Static prop models/props_badlands/barrel03.mdl outside the map (336.00, 320.00, -624.00)
Static prop models/props_badlands/barrel03.mdl outside the map (400.00, -384.00, -624.00)
Static prop models/props_badlands/barrel03.mdl outside the map (208.00, -384.00, -624.00)
Static prop models/props_badlands/barrel03.mdl outside the map (144.00, 384.00, -624.00)
Static prop models/props_badlands/barrel03.mdl outside the map (-48.00, -256.00, -624.00)
Static prop models/props_badlands/barrel03.mdl outside the map (-624.00, 128.00, -624.00)
Static prop models/props_badlands/barrel03.mdl outside the map (-368.00, 128.00, -624.00)
Static prop models/props_badlands/barrel03.mdl outside the map (-112.00, 128.00, -624.00)
Static prop models/props_badlands/barrel03.mdl outside the map (-240.00, 128.00, -816.00)
Static prop models/props_badlands/barrel03.mdl outside the map (-496.00, 128.00, -816.00)
Static prop models/props_badlands/barrel03.mdl outside the map (-688.00, 256.00, -1007.00)
Static prop models/props_badlands/barrel03.mdl outside the map (-560.00, 128.00, -1007.00)
Static prop models/props_badlands/barrel03.mdl outside the map (-432.00, 320.00, -1007.00)
Static prop models/props_badlands/barrel03.mdl outside the map (-304.00, 128.00, -1007.00)
Static prop models/props_badlands/barrel03.mdl outside the map (-176.00, 320.00, -1007.00)
Static prop models/props_badlands/barrel03.mdl outside the map (-48.00, 128.00, -1007.00)
Static prop models/props_badlands/barrel03.mdl outside the map (336.00, 384.00, -1007.00)
Static prop models/props_badlands/barrel03.mdl outside the map (464.00, -320.00, -1007.00)
Static prop models/props_badlands/barrel03.mdl outside the map (336.00, -128.00, -1007.00)
Static prop models/props_badlands/barrel03.mdl outside the map (144.00, -64.00, -1007.00)
Static prop models/props_badlands/barrel03.mdl outside the map (208.00, 128.00, -1007.00)
Static prop models/props_badlands/barrel03.mdl outside the map (361.98, 30.76, -1007.00)
Static prop models/cp_change/red_window_12.mdl outside the map (568.00, 2136.00, 344.00)
Static prop models/cp_change/red_window_13.mdl outside the map (568.00, 2136.00, 40.00)
Static prop models/cp_change/red_window_05.mdl outside the map (1096.00, 2328.00, 40.00)
Static prop models/cp_change/red_window_04.mdl outside the map (840.00, 2456.00, 40.00)
Static prop models/cp_change/lamp_01.mdl outside the map (136.00, 2464.00, 40.00)
Static prop models/cp_change/lamp_02.mdl outside the map (328.00, 2400.00, 39.88)
Placing detail props : 0...1...2...3...4...5...6...7...8...9...10
Compacting texture/material tables...
Reduced 499 texinfos to 344
Reduced 8 texdatas to 7 (180 bytes to 162)
Writing E:\mapping\Team Fortress 2\cp_change\building_c.bsp
0 seconds elapsed



4 threads
reading e:\mapping\team fortress 2\cp_change\building_c.bsp
reading e:\mapping\team fortress 2\cp_change\building_c.prt
LoadPortals: couldn't read e:\mapping\team fortress 2\cp_change\building_c.prt



[Reading texlights from 'lights.rad']
[34 texlights parsed from 'lights.rad']

Loading e:\mapping\team fortress 2\cp_change\building_c.bsp
No vis information, direct lighting only.
3067 faces
741134 square feet [106723336.00 square inches]
40 Displacements
99 Square Feet [14382.79 Square Inches]
289 direct lights
0...1...2...3...4...5...6...7...8...9...10Build Patch/Sample Hash Table(s).....Done<0.0280 sec>
0...1...2...3...4...5...6...7...8...9...10FinalLightFace Done
40 of 40 (100% of) surface lights went in leaf ambient cubes.
0...1...2...3...4...5...6...7...8...9...10Writing leaf ambient...done
Ready to Finish

Object names       Objects/Maxobjs  Memory / Maxmem  Fullness 
------------       ---------------  ---------------  -------- 
models                   1/1024           48/49152    ( 0.1%) 
brushes                405/8192         4860/98304    ( 4.9%) 
brushsides            3222/65536       25776/524288   ( 4.9%) 
planes                1872/65536       37440/1310720  ( 2.9%) 
vertexes              4039/65536       48468/786432   ( 6.2%) 
nodes                  932/65536       29824/2097152  ( 1.4%) 
texinfos               344/12288       24768/884736   ( 2.8%) 
texdata                  7/2048          224/65536    ( 0.3%) 
dispinfos               40/0            7040/0        ( 0.0%) 
disp_verts            1000/0           20000/0        ( 0.0%) 
disp_tris             1280/0            2560/0        ( 0.0%) 
disp_lmsamples        2560/0            2560/0        ( 0.0%) 
faces                 3067/65536      171752/3670016  ( 4.7%) 
hdr faces                0/65536           0/3670016  ( 0.0%) 
origfaces             1446/65536       80976/3670016  ( 2.2%) 
leaves                 934/65536       29888/2097152  ( 1.4%) 
leaffaces             3971/65536        7942/131072   ( 6.1%) 
leafbrushes            850/65536        1700/131072   ( 1.3%) 
areas                    4/256            32/2048     ( 1.6%) 
surfedges            19827/512000      79308/2048000  ( 3.9%) 
edges                11408/256000      45632/1024000  ( 4.5%) 
LDR worldlights        289/8192        25432/720896   ( 3.5%) 
HDR worldlights          0/8192            0/720896   ( 0.0%) 
leafwaterdata            0/32768           0/393216   ( 0.0%) 
waterstrips            157/32768        1570/327680   ( 0.5%) 
waterverts               0/65536           0/786432   ( 0.0%) 
waterindices          3093/65536        6186/131072   ( 4.7%) 
cubemapsamples           0/1024            0/16384    ( 0.0%) 
overlays                 0/512             0/180224   ( 0.0%) 
LDR lightdata         [variable]     3672064/0        ( 0.0%) 
HDR lightdata         [variable]           0/0        ( 0.0%) 
visdata               [variable]           0/16777216 ( 0.0%) 
entdata               [variable]       97770/393216   (24.9%) 
LDR ambient table      934/65536        3736/262144   ( 1.4%) 
HDR ambient table      934/65536        3736/262144   ( 1.4%) 
LDR leaf ambient      4612/65536      129136/1835008  ( 7.0%) 
HDR leaf ambient       934/65536       26152/1835008  ( 1.4%) 
occluders                0/0               0/0        ( 0.0%) 
occluder polygons        0/0               0/0        ( 0.0%) 
occluder vert ind        0/0               0/0        ( 0.0%) 
detail props          [variable]           1/12       ( 8.3%) 
static props          [variable]           1/3582     ( 0.0%) 
pakfile               [variable]      105671/0        ( 0.0%) 
physics               [variable]      151972/4194304  ( 3.6%) 
physics terrain       [variable]       11530/1048576  ( 1.1%) 

Level flags = 0

Total triangle count: 7752
Writing e:\mapping\team fortress 2\cp_change\building_c.bsp
18 seconds elapsed



materialPath: C:\Program Files (x86)\Steam\SteamApps\common\Team Fortress 2\tf\materials
Loading E:\mapping\Team Fortress 2\cp_change\building_c.vmf
ConVarRef mat_reduceparticles doesn't point to an existing ConVar
fixing up env_cubemap materials on brush sides...
0...1...2...3...4...5...6...7...8...9...10**** leaked ****
Entity prop_static (-48.00 -256.00 -624.00) leaked!
Processing areas...done (0)
Building Faces...done (0)
Chop Details...done (0)
Find Visible Detail Sides...
Merged 2 detail faces...done (0)
Merging details...done (0)
FixTjuncs...
PruneNodes...
WriteBSP...
done (0)
Creating default LDR cubemaps for env_cubemap using skybox materials:
   skybox/sky_day01_01*.vmt
 ! Run buildcubemaps in the engine to get the correct cube maps.
Creating default HDR cubemaps for env_cubemap using skybox materials:
   skybox/sky_day01_01*.vmt
 ! Run buildcubemaps in the engine to get the correct cube maps.
Finding displacement neighbors...
Finding lightmap sample positions...
Displacement Alpha : 0...1...2...3...4...5...6...7...8...9...10
Building Physics collision data...
done (0) (151972 bytes)
Static prop models/props_badlands/barrel03.mdl outside the map (464.00, -128.00, -1007.00)
Static prop models/props_badlands/barrel03.mdl outside the map (464.00, 320.00, -1007.00)
Static prop models/props_badlands/barrel03.mdl outside the map (208.00, 320.00, -1007.00)
Static prop models/props_badlands/barrel03.mdl outside the map (-48.00, 320.00, -1007.00)
Static prop models/props_badlands/barrel03.mdl outside the map (-176.00, 128.00, -1007.00)
Static prop models/props_badlands/barrel03.mdl outside the map (-304.00, 320.00, -1007.00)
Static prop models/props_badlands/barrel03.mdl outside the map (-432.00, 128.00, -1007.00)
Static prop models/props_badlands/barrel03.mdl outside the map (-560.00, 320.00, -1007.00)
Static prop models/props_badlands/barrel03.mdl outside the map (-624.00, 128.00, -816.00)
Static prop models/props_badlands/barrel03.mdl outside the map (-368.00, 128.00, -816.00)
Static prop models/props_badlands/barrel03.mdl outside the map (-112.00, 128.00, -816.00)
Static prop models/props_badlands/barrel03.mdl outside the map (-240.00, 128.00, -624.00)
Static prop models/props_badlands/barrel03.mdl outside the map (-496.00, 128.00, -624.00)
Static prop models/props_badlands/barrel03.mdl outside the map (-48.00, -64.00, -624.00)
Static prop models/props_badlands/barrel03.mdl outside the map (-48.00, 320.00, -624.00)
Static prop models/props_badlands/barrel03.mdl outside the map (336.00, 320.00, -624.00)
Static prop models/props_badlands/barrel03.mdl outside the map (400.00, -384.00, -624.00)
Static prop models/props_badlands/barrel03.mdl outside the map (208.00, -384.00, -624.00)
Static prop models/props_badlands/barrel03.mdl outside the map (144.00, 384.00, -624.00)
Static prop models/props_badlands/barrel03.mdl outside the map (-48.00, -256.00, -624.00)
Static prop models/props_badlands/barrel03.mdl outside the map (-624.00, 128.00, -624.00)
Static prop models/props_badlands/barrel03.mdl outside the map (-368.00, 128.00, -624.00)
Static prop models/props_badlands/barrel03.mdl outside the map (-112.00, 128.00, -624.00)
Static prop models/props_badlands/barrel03.mdl outside the map (-240.00, 128.00, -816.00)
Static prop models/props_badlands/barrel03.mdl outside the map (-496.00, 128.00, -816.00)
Static prop models/props_badlands/barrel03.mdl outside the map (-688.00, 256.00, -1007.00)
Static prop models/props_badlands/barrel03.mdl outside the map (-560.00, 128.00, -1007.00)
Static prop models/props_badlands/barrel03.mdl outside the map (-432.00, 320.00, -1007.00)
Static prop models/props_badlands/barrel03.mdl outside the map (-304.00, 128.00, -1007.00)
Static prop models/props_badlands/barrel03.mdl outside the map (-176.00, 320.00, -1007.00)
Static prop models/props_badlands/barrel03.mdl outside the map (-48.00, 128.00, -1007.00)
Static prop models/props_badlands/barrel03.mdl outside the map (336.00, 384.00, -1007.00)
Static prop models/props_badlands/barrel03.mdl outside the map (464.00, -320.00, -1007.00)
Static prop models/props_badlands/barrel03.mdl outside the map (336.00, -128.00, -1007.00)
Static prop models/props_badlands/barrel03.mdl outside the map (144.00, -64.00, -1007.00)
Static prop models/props_badlands/barrel03.mdl outside the map (208.00, 128.00, -1007.00)
Static prop models/props_badlands/barrel03.mdl outside the map (361.98, 30.76, -1007.00)
Static prop models/cp_change/red_window_12.mdl outside the map (568.00, 2136.00, 344.00)
Static prop models/cp_change/red_window_13.mdl outside the map (568.00, 2136.00, 40.00)
Static prop models/cp_change/red_window_05.mdl outside the map (1096.00, 2328.00, 40.00)
Static prop models/cp_change/red_window_04.mdl outside the map (840.00, 2456.00, 40.00)
Static prop models/cp_change/lamp_01.mdl outside the map (136.00, 2464.00, 40.00)
Static prop models/cp_change/lamp_02.mdl outside the map (328.00, 2400.00, 39.88)
Placing detail props : 0...1...2...3...4...5...6...7...8...9...10
Compacting texture/material tables...
Reduced 499 texinfos to 344
Reduced 8 texdatas to 7 (180 bytes to 162)
Writing E:\mapping\Team Fortress 2\cp_change\building_c.bsp
0 seconds elapsed



4 threads
reading e:\mapping\team fortress 2\cp_change\building_c.bsp
reading e:\mapping\team fortress 2\cp_change\building_c.prt
LoadPortals: couldn't read e:\mapping\team fortress 2\cp_change\building_c.prt



[Reading texlights from 'lights.rad']
[34 texlights parsed from 'lights.rad']

Loading e:\mapping\team fortress 2\cp_change\building_c.bsp
No vis information, direct lighting only.
3067 faces
741134 square feet [106723336.00 square inches]
40 Displacements
99 Square Feet [14382.79 Square Inches]
289 direct lights
0...1...2...3...4...5...6...7...8...9...10Build Patch/Sample Hash Table(s).....Done<0.0319 sec>
0...1...2...3...4...5...6...7...8...9...10FinalLightFace Done
40 of 40 (100% of) surface lights went in leaf ambient cubes.
0...1...2...3...4...5...6...7...8...9...10Writing leaf ambient...done
Ready to Finish

Object names       Objects/Maxobjs  Memory / Maxmem  Fullness 
------------       ---------------  ---------------  -------- 
models                   1/1024           48/49152    ( 0.1%) 
brushes                405/8192         4860/98304    ( 4.9%) 
brushsides            3222/65536       25776/524288   ( 4.9%) 
planes                1872/65536       37440/1310720  ( 2.9%) 
vertexes              4039/65536       48468/786432   ( 6.2%) 
nodes                  932/65536       29824/2097152  ( 1.4%) 
texinfos               344/12288       24768/884736   ( 2.8%) 
texdata                  7/2048          224/65536    ( 0.3%) 
dispinfos               40/0            7040/0        ( 0.0%) 
disp_verts            1000/0           20000/0        ( 0.0%) 
disp_tris             1280/0            2560/0        ( 0.0%) 
disp_lmsamples        2560/0            2560/0        ( 0.0%) 
faces                 3067/65536      171752/3670016  ( 4.7%) 
hdr faces                0/65536           0/3670016  ( 0.0%) 
origfaces             1446/65536       80976/3670016  ( 2.2%) 
leaves                 934/65536       29888/2097152  ( 1.4%) 
leaffaces             3971/65536        7942/131072   ( 6.1%) 
leafbrushes            850/65536        1700/131072   ( 1.3%) 
areas                    4/256            32/2048     ( 1.6%) 
surfedges            19827/512000      79308/2048000  ( 3.9%) 
edges                11408/256000      45632/1024000  ( 4.5%) 
LDR worldlights        289/8192        25432/720896   ( 3.5%) 
HDR worldlights          0/8192            0/720896   ( 0.0%) 
leafwaterdata            0/32768           0/393216   ( 0.0%) 
waterstrips            157/32768        1570/327680   ( 0.5%) 
waterverts               0/65536           0/786432   ( 0.0%) 
waterindices          3093/65536        6186/131072   ( 4.7%) 
cubemapsamples           0/1024            0/16384    ( 0.0%) 
overlays                 0/512             0/180224   ( 0.0%) 
LDR lightdata         [variable]     3672064/0        ( 0.0%) 
HDR lightdata         [variable]           0/0        ( 0.0%) 
visdata               [variable]           0/16777216 ( 0.0%) 
entdata               [variable]       97770/393216   (24.9%) 
LDR ambient table      934/65536        3736/262144   ( 1.4%) 
HDR ambient table      934/65536        3736/262144   ( 1.4%) 
LDR leaf ambient      4612/65536      129136/1835008  ( 7.0%) 
HDR leaf ambient       934/65536       26152/1835008  ( 1.4%) 
occluders                0/0               0/0        ( 0.0%) 
occluder polygons        0/0               0/0        ( 0.0%) 
occluder vert ind        0/0               0/0        ( 0.0%) 
detail props          [variable]           1/12       ( 8.3%) 
static props          [variable]           1/3582     ( 0.0%) 
pakfile               [variable]      105671/0        ( 0.0%) 
physics               [variable]      151972/4194304  ( 3.6%) 
physics terrain       [variable]       11530/1048576  ( 1.1%) 

Level flags = 0

Total triangle count: 7752
Writing e:\mapping\team fortress 2\cp_change\building_c.bsp
19 seconds elapsed



materialPath: C:\Program Files (x86)\Steam\SteamApps\common\Team Fortress 2\tf\materials
Loading E:\mapping\Team Fortress 2\cp_change\building_c.vmf
ConVarRef mat_reduceparticles doesn't point to an existing ConVar
fixing up env_cubemap materials on brush sides...
0...1...2...3...4...5...6...7...8...9...10**** leaked ****
Entity prop_static (-48.00 -256.00 -624.00) leaked!
Processing areas...done (0)
Building Faces...done (0)
Chop Details...done (0)
Find Visible Detail Sides...
Merged 2 detail faces...done (0)
Merging details...done (0)
FixTjuncs...
PruneNodes...
WriteBSP...
done (0)
Creating default LDR cubemaps for env_cubemap using skybox materials:
   skybox/sky_day01_01*.vmt
 ! Run buildcubemaps in the engine to get the correct cube maps.
Creating default HDR cubemaps for env_cubemap using skybox materials:
   skybox/sky_day01_01*.vmt
 ! Run buildcubemaps in the engine to get the correct cube maps.
Finding displacement neighbors...
Finding lightmap sample positions...
Displacement Alpha : 0...1...2...3...4...5...6...7...8...9...10
Building Physics collision data...
done (0) (151972 bytes)
Static prop models/props_badlands/barrel03.mdl outside the map (464.00, -128.00, -1007.00)
Static prop models/props_badlands/barrel03.mdl outside the map (464.00, 320.00, -1007.00)
Static prop models/props_badlands/barrel03.mdl outside the map (208.00, 320.00, -1007.00)
Static prop models/props_badlands/barrel03.mdl outside the map (-48.00, 320.00, -1007.00)
Static prop models/props_badlands/barrel03.mdl outside the map (-176.00, 128.00, -1007.00)
Static prop models/props_badlands/barrel03.mdl outside the map (-304.00, 320.00, -1007.00)
Static prop models/props_badlands/barrel03.mdl outside the map (-432.00, 128.00, -1007.00)
Static prop models/props_badlands/barrel03.mdl outside the map (-560.00, 320.00, -1007.00)
Static prop models/props_badlands/barrel03.mdl outside the map (-624.00, 128.00, -816.00)
Static prop models/props_badlands/barrel03.mdl outside the map (-368.00, 128.00, -816.00)
Static prop models/props_badlands/barrel03.mdl outside the map (-112.00, 128.00, -816.00)
Static prop models/props_badlands/barrel03.mdl outside the map (-240.00, 128.00, -624.00)
Static prop models/props_badlands/barrel03.mdl outside the map (-496.00, 128.00, -624.00)
Static prop models/props_badlands/barrel03.mdl outside the map (-48.00, -64.00, -624.00)
Static prop models/props_badlands/barrel03.mdl outside the map (-48.00, 320.00, -624.00)
Static prop models/props_badlands/barrel03.mdl outside the map (336.00, 320.00, -624.00)
Static prop models/props_badlands/barrel03.mdl outside the map (400.00, -384.00, -624.00)
Static prop models/props_badlands/barrel03.mdl outside the map (208.00, -384.00, -624.00)
Static prop models/props_badlands/barrel03.mdl outside the map (144.00, 384.00, -624.00)
Static prop models/props_badlands/barrel03.mdl outside the map (-48.00, -256.00, -624.00)
Static prop models/props_badlands/barrel03.mdl outside the map (-624.00, 128.00, -624.00)
Static prop models/props_badlands/barrel03.mdl outside the map (-368.00, 128.00, -624.00)
Static prop models/props_badlands/barrel03.mdl outside the map (-112.00, 128.00, -624.00)
Static prop models/props_badlands/barrel03.mdl outside the map (-240.00, 128.00, -816.00)
Static prop models/props_badlands/barrel03.mdl outside the map (-496.00, 128.00, -816.00)
Static prop models/props_badlands/barrel03.mdl outside the map (-688.00, 256.00, -1007.00)
Static prop models/props_badlands/barrel03.mdl outside the map (-560.00, 128.00, -1007.00)
Static prop models/props_badlands/barrel03.mdl outside the map (-432.00, 320.00, -1007.00)
Static prop models/props_badlands/barrel03.mdl outside the map (-304.00, 128.00, -1007.00)
Static prop models/props_badlands/barrel03.mdl outside the map (-176.00, 320.00, -1007.00)
Static prop models/props_badlands/barrel03.mdl outside the map (-48.00, 128.00, -1007.00)
Static prop models/props_badlands/barrel03.mdl outside the map (336.00, 384.00, -1007.00)
Static prop models/props_badlands/barrel03.mdl outside the map (464.00, -320.00, -1007.00)
Static prop models/props_badlands/barrel03.mdl outside the map (336.00, -128.00, -1007.00)
Static prop models/props_badlands/barrel03.mdl outside the map (144.00, -64.00, -1007.00)
Static prop models/props_badlands/barrel03.mdl outside the map (208.00, 128.00, -1007.00)
Static prop models/props_badlands/barrel03.mdl outside the map (361.98, 30.76, -1007.00)
Static prop models/cp_change/red_window_12.mdl outside the map (568.00, 2136.00, 344.00)
Static prop models/cp_change/red_window_13.mdl outside the map (568.00, 2136.00, 40.00)
Static prop models/cp_change/red_window_05.mdl outside the map (1096.00, 2328.00, 40.00)
Static prop models/cp_change/red_window_04.mdl outside the map (840.00, 2456.00, 40.00)
Static prop models/cp_change/lamp_01.mdl outside the map (136.00, 2464.00, 40.00)
Static prop models/cp_change/lamp_02.mdl outside the map (328.00, 2400.00, 39.88)
Placing detail props : 0...1...2...3...4...5...6...7...8...9...10
Compacting texture/material tables...
Reduced 499 texinfos to 344
Reduced 8 texdatas to 7 (180 bytes to 162)
Writing E:\mapping\Team Fortress 2\cp_change\building_c.bsp
1 second elapsed



4 threads
reading e:\mapping\team fortress 2\cp_change\building_c.bsp
reading e:\mapping\team fortress 2\cp_change\building_c.prt
LoadPortals: couldn't read e:\mapping\team fortress 2\cp_change\building_c.prt



[Reading texlights from 'lights.rad']
[34 texlights parsed from 'lights.rad']

Loading e:\mapping\team fortress 2\cp_change\building_c.bsp
No vis information, direct lighting only.
3067 faces
741134 square feet [106723336.00 square inches]
40 Displacements
99 Square Feet [14382.79 Square Inches]
289 direct lights
0...1...2...3...4...5...6...7...8...9...10Build Patch/Sample Hash Table(s).....Done<0.0284 sec>
0...1...2...3...4...5...6...7...8...9...10FinalLightFace Done
40 of 40 (100% of) surface lights went in leaf ambient cubes.
0...1...2...3...4...5...6...7...8...9...10Writing leaf ambient...done
Ready to Finish

Object names       Objects/Maxobjs  Memory / Maxmem  Fullness 
------------       ---------------  ---------------  -------- 
models                   1/1024           48/49152    ( 0.1%) 
brushes                405/8192         4860/98304    ( 4.9%) 
brushsides            3222/65536       25776/524288   ( 4.9%) 
planes                1872/65536       37440/1310720  ( 2.9%) 
vertexes              4039/65536       48468/786432   ( 6.2%) 
nodes                  932/65536       29824/2097152  ( 1.4%) 
texinfos               344/12288       24768/884736   ( 2.8%) 
texdata                  7/2048          224/65536    ( 0.3%) 
dispinfos               40/0            7040/0        ( 0.0%) 
disp_verts            1000/0           20000/0        ( 0.0%) 
disp_tris             1280/0            2560/0        ( 0.0%) 
disp_lmsamples        2560/0            2560/0        ( 0.0%) 
faces                 3067/65536      171752/3670016  ( 4.7%) 
hdr faces                0/65536           0/3670016  ( 0.0%) 
origfaces             1446/65536       80976/3670016  ( 2.2%) 
leaves                 934/65536       29888/2097152  ( 1.4%) 
leaffaces             3971/65536        7942/131072   ( 6.1%) 
leafbrushes            850/65536        1700/131072   ( 1.3%) 
areas                    4/256            32/2048     ( 1.6%) 
surfedges            19827/512000      79308/2048000  ( 3.9%) 
edges                11408/256000      45632/1024000  ( 4.5%) 
LDR worldlights        289/8192        25432/720896   ( 3.5%) 
HDR worldlights          0/8192            0/720896   ( 0.0%) 
leafwaterdata            0/32768           0/393216   ( 0.0%) 
waterstrips            157/32768        1570/327680   ( 0.5%) 
waterverts               0/65536           0/786432   ( 0.0%) 
waterindices          3093/65536        6186/131072   ( 4.7%) 
cubemapsamples           0/1024            0/16384    ( 0.0%) 
overlays                 0/512             0/180224   ( 0.0%) 
LDR lightdata         [variable]     3672064/0        ( 0.0%) 
HDR lightdata         [variable]           0/0        ( 0.0%) 
visdata               [variable]           0/16777216 ( 0.0%) 
entdata               [variable]       97770/393216   (24.9%) 
LDR ambient table      934/65536        3736/262144   ( 1.4%) 
HDR ambient table      934/65536        3736/262144   ( 1.4%) 
LDR leaf ambient      4612/65536      129136/1835008  ( 7.0%) 
HDR leaf ambient       934/65536       26152/1835008  ( 1.4%) 
occluders                0/0               0/0        ( 0.0%) 
occluder polygons        0/0               0/0        ( 0.0%) 
occluder vert ind        0/0               0/0        ( 0.0%) 
detail props          [variable]           1/12       ( 8.3%) 
static props          [variable]           1/3582     ( 0.0%) 
pakfile               [variable]      105671/0        ( 0.0%) 
physics               [variable]      151972/4194304  ( 3.6%) 
physics terrain       [variable]       11530/1048576  ( 1.1%) 

Level flags = 0

Total triangle count: 7752
Writing e:\mapping\team fortress 2\cp_change\building_c.bsp
19 seconds elapsed
