


materialPath: C:\Program Files (x86)\Steam\SteamApps\common\Team Fortress 2\tf\materials
Loading E:\mapping\Team Fortress 2\cp_change\building_b.vmf
fixing up env_cubemap materials on brush sides...
0...1...2...3...4...5...6...7...8...9...10**** leaked ****
Entity prop_static (-40.00 -1120.00 -708.00) leaked!
Processing areas...WARNING: areaportal entity 76 (brush 24777) touches > 2 areas
WARNING: areaportal entity 71 (brush 24466) touches > 2 areas
WARNING: areaportal entity 77 (brush 24783) touches > 2 areas
WARNING: areaportal entity 71 (brush 24466) touches > 2 areas
WARNING: areaportal entity 77 (brush 24783) touches > 2 areas
WARNING: areaportal entity 55 (brush 24414) touches > 2 areas
WARNING: areaportal entity 53 (brush 24406) touches > 2 areas
WARNING: areaportal entity 55 (brush 24414) touches > 2 areas
WARNING: areaportal entity 53 (brush 24406) touches > 2 areas
done (0)
Building Faces...done (0)
Chop Details...done (0)
Find Visible Detail Sides...done (0)
Merging details...done (0)
FixTjuncs...
PruneNodes...
WriteBSP...
done (0)
Creating default LDR cubemaps for env_cubemap using skybox materials:
   skybox/sky_day01_01*.vmt
 ! Run buildcubemaps in the engine to get the correct cube maps.
Creating default HDR cubemaps for env_cubemap using skybox materials:
   skybox/sky_day01_01*.vmt
 ! Run buildcubemaps in the engine to get the correct cube maps.
Finding displacement neighbors...
Finding lightmap sample positions...
Displacement Alpha : 0...1...2...3...4...5...6...7...8...9...10
Building Physics collision data...
done (0) (79230 bytes)
Static prop models/props_badlands/barrel01.mdl outside the map (-456.00, 112.00, -1108.00)
Static prop models/props_badlands/barrel01.mdl outside the map (-312.00, -544.00, -1108.00)
Static prop models/props_badlands/barrel01.mdl outside the map (-440.00, -384.00, -1108.00)
Static prop models/props_badlands/barrel01.mdl outside the map (-440.00, -656.00, -1108.00)
Static prop models/props_badlands/barrel01.mdl outside the map (-328.00, -48.00, -1108.00)
Static prop models/props_badlands/barrel01.mdl outside the map (-88.00, 448.00, -708.00)
Static prop models/props_badlands/barrel01.mdl outside the map (-136.00, 688.00, -708.00)
Static prop models/props_badlands/barrel01.mdl outside the map (-376.00, 416.00, -708.00)
Static prop models/props_badlands/barrel01.mdl outside the map (-248.00, 528.00, -708.00)
Static prop models/props_badlands/barrel01.mdl outside the map (-40.00, 224.00, -708.00)
Static prop models/props_badlands/barrel01.mdl outside the map (-40.00, -80.00, -708.00)
Static prop models/props_badlands/barrel01.mdl outside the map (72.00, -224.00, -708.00)
Static prop models/props_badlands/barrel01.mdl outside the map (-88.00, -464.00, -708.00)
Static prop models/props_badlands/barrel01.mdl outside the map (-136.00, -688.00, -708.00)
Static prop models/props_badlands/barrel01.mdl outside the map (-264.00, -480.00, -708.00)
Static prop models/props_badlands/barrel01.mdl outside the map (-424.00, -688.00, -708.00)
Static prop models/props_badlands/barrel01.mdl outside the map (-248.00, -928.00, -708.00)
Static prop models/props_badlands/barrel01.mdl outside the map (120.00, -928.00, -708.00)
Static prop models/props_badlands/barrel01.mdl outside the map (-40.00, -1120.00, -708.00)
Static prop models/props_badlands/barrel01.mdl outside the map (-280.00, 528.00, -1108.00)
Static prop models/props_badlands/barrel01.mdl outside the map (-408.00, 688.00, -1108.00)
Static prop models/props_badlands/barrel01.mdl outside the map (-456.00, -160.00, -1108.00)
Static prop models/props_badlands/barrel01.mdl outside the map (-408.00, 416.00, -1108.00)
Static prop models/props_badlands/barrel01.mdl outside the map (-280.00, -704.00, -708.00)
Static prop models/props_badlands/barrel01.mdl outside the map (104.00, -592.00, -708.00)
Static prop models/props_badlands/barrel01.mdl outside the map (72.00, 80.00, -708.00)
Static prop models/props_badlands/barrel01.mdl outside the map (-376.00, 688.00, -708.00)
Static prop models/props_badlands/barrel01.mdl outside the map (888.00, 1024.00, -1107.00)
Static prop models/props_badlands/barrel01.mdl outside the map (280.00, 960.00, -900.00)
Static prop models/props_badlands/barrel01.mdl outside the map (296.00, 496.00, -708.00)
Static prop models/props_badlands/barrel01.mdl outside the map (488.00, 496.00, -708.00)
Static prop models/props_badlands/barrel01.mdl outside the map (56.00, 688.00, -708.00)
Static prop models/props_badlands/barrel01.mdl outside the map (72.00, 464.00, -708.00)
Static prop models/props_badlands/barrel01.mdl outside the map (376.00, 480.00, -1107.00)
Static prop models/props_badlands/barrel01.mdl outside the map (920.00, 480.00, -1107.00)
Static prop models/props_badlands/barrel01.mdl outside the map (920.00, 768.00, -1107.00)
Static prop models/props_badlands/barrel01.mdl outside the map (824.00, 640.00, -1107.00)
Static prop models/props_badlands/barrel01.mdl outside the map (856.00, 352.00, -1107.00)
Static prop models/props_badlands/barrel01.mdl outside the map (841.51, 246.33, -1107.00)
Static prop models/cp_change/lamp_01.mdl outside the map (5072.00, -1200.00, 240.00)
Static prop models/cp_change/red_window_19.mdl outside the map (5296.00, -1120.00, 240.00)
Static prop models/cp_change/red_window_18.mdl outside the map (4720.00, -1120.00, 240.00)
Placing detail props : 0...1...2...3...4...5...6...7...8...9...10
Compacting texture/material tables...
Reduced 203 texinfos to 128
Reduced 10 texdatas to 8 (235 bytes to 192)
Writing E:\mapping\Team Fortress 2\cp_change\building_b.bsp
0 seconds elapsed



4 threads
reading e:\mapping\team fortress 2\cp_change\building_b.bsp
reading e:\mapping\team fortress 2\cp_change\building_b.prt
LoadPortals: couldn't read e:\mapping\team fortress 2\cp_change\building_b.prt



[Reading texlights from 'lights.rad']
[34 texlights parsed from 'lights.rad']

Loading e:\mapping\team fortress 2\cp_change\building_b.bsp
No vis information, direct lighting only.
1405 faces
967928 square feet [139381728.00 square inches]
0 Displacements
0 Square Feet [0.00 Square Inches]
99 direct lights
0...1...2...3...4...5...6...7...8...9...10Build Patch/Sample Hash Table(s).....Done<0.0118 sec>
0...1...2...3...4...5...6...7...8...9...10FinalLightFace Done
0 of 0 (0% of) surface lights went in leaf ambient cubes.
0...1...2...3...4...5...6...7...8...9...10Writing leaf ambient...done
Ready to Finish

Object names       Objects/Maxobjs  Memory / Maxmem  Fullness 
------------       ---------------  ---------------  -------- 
models                   5/1024          240/49152    ( 0.5%) 
brushes                253/8192         3036/98304    ( 3.1%) 
brushsides            2111/65536       16888/524288   ( 3.2%) 
planes                 988/65536       19760/1310720  ( 1.5%) 
vertexes              1901/65536       22812/786432   ( 2.9%) 
nodes                  684/65536       21888/2097152  ( 1.0%) 
texinfos               128/12288        9216/884736   ( 1.0%) 
texdata                  8/2048          256/65536    ( 0.4%) 
dispinfos                0/0               0/0        ( 0.0%) 
disp_verts               0/0               0/0        ( 0.0%) 
disp_tris                0/0               0/0        ( 0.0%) 
disp_lmsamples           0/0               0/0        ( 0.0%) 
faces                 1405/65536       78680/3670016  ( 2.1%) 
hdr faces                0/65536           0/3670016  ( 0.0%) 
origfaces              605/65536       33880/3670016  ( 0.9%) 
leaves                 690/65536       22080/2097152  ( 1.1%) 
leaffaces             1770/65536        3540/131072   ( 2.7%) 
leafbrushes            582/65536        1164/131072   ( 0.9%) 
areas                    8/256            64/2048     ( 3.1%) 
surfedges             9173/512000      36692/2048000  ( 1.8%) 
edges                 5731/256000      22924/1024000  ( 2.2%) 
LDR worldlights         99/8192         8712/720896   ( 1.2%) 
HDR worldlights          0/8192            0/720896   ( 0.0%) 
leafwaterdata            0/32768           0/393216   ( 0.0%) 
waterstrips            142/32768        1420/327680   ( 0.4%) 
waterverts               0/65536           0/786432   ( 0.0%) 
waterindices          2199/65536        4398/131072   ( 3.4%) 
cubemapsamples           0/1024            0/16384    ( 0.0%) 
overlays                 0/512             0/180224   ( 0.0%) 
LDR lightdata         [variable]      955084/0        ( 0.0%) 
HDR lightdata         [variable]           0/0        ( 0.0%) 
visdata               [variable]           0/16777216 ( 0.0%) 
entdata               [variable]       37308/393216   ( 9.5%) 
LDR ambient table      690/65536        2760/262144   ( 1.1%) 
HDR ambient table      690/65536        2760/262144   ( 1.1%) 
LDR leaf ambient      3334/65536       93352/1835008  ( 5.1%) 
HDR leaf ambient       690/65536       19320/1835008  ( 1.1%) 
occluders                0/0               0/0        ( 0.0%) 
occluder polygons        0/0               0/0        ( 0.0%) 
occluder vert ind        0/0               0/0        ( 0.0%) 
detail props          [variable]           1/12       ( 8.3%) 
static props          [variable]           1/3610     ( 0.0%) 
pakfile               [variable]      105671/0        ( 0.0%) 
physics               [variable]       79230/4194304  ( 1.9%) 
physics terrain       [variable]           2/1048576  ( 0.0%) 

Level flags = 0

Total triangle count: 3943
Writing e:\mapping\team fortress 2\cp_change\building_b.bsp
5 seconds elapsed
