PRT1
529
1220
4 0 38 (1024 1024 192 ) (1024 1024 0 ) (1664 1024 0 ) (1664 1024 192 ) 
4 0 37 (1664 1024 0 ) (1984 1024 0 ) (1984 1024 192 ) (1664 1024 192 ) 
4 0 35 (1024 1024 311.272736 ) (1024 1024 192 ) (1664 1024 192 ) (1664 1024 384 ) 
4 0 32 (1024 1024 576 ) (1024 1024 311.272736 ) (1664 1024 384 ) (1664 1024 576 ) 
4 0 31 (1664 1024 2048 ) (1024 1024 2048 ) (1024 1024 576 ) (1664 1024 576 ) 
4 0 30 (1984 1024 2048 ) (1664 1024 2048 ) (1664 1024 192 ) (1984 1024 192 ) 
4 0 13 (1024 1024 0 ) (1024 1024 576 ) (1024 1120 576 ) (1024 1120 0 ) 
4 0 11 (1024 1120 576 ) (1024 1136 576 ) (1024 1136 0 ) (1024 1120 0 ) 
4 0 10 (1024 1024 576 ) (1024 1024 2048 ) (1024 1136 2048 ) (1024 1136 576 ) 
4 0 3 (1024 1152 576 ) (1024 1152 0 ) (1024 1136 0 ) (1024 1136 576 ) 
4 0 2 (1024 1136 2048 ) (1024 1152 2048 ) (1024 1152 576 ) (1024 1136 576 ) 
4 0 1 (1024 1152 2048 ) (1024 1984 2048 ) (1024 1984 0 ) (1024 1152 0 ) 
4 1 15 (0 1152 0 ) (0 1152 2048 ) (0 1984 2048 ) (0 1984 0 ) 
4 1 9 (0 1152 352 ) (0 1152 0 ) (80 1152 0 ) (80 1152 352 ) 
4 1 7 (80 1152 2048 ) (0 1152 2048 ) (0 1152 576 ) (80 1152 576 ) 
4 1 8 (0 1152 560 ) (0 1152 368 ) (80 1152 368 ) (80 1152 560 ) 
4 1 6 (96 1152 16 ) (160 1152 16 ) (160 1152 352 ) (96 1152 352 ) 
4 1 5 (96 1152 368 ) (160 1152 368 ) (160 1152 560 ) (96 1152 560 ) 
4 1 4 (160 1152 2048 ) (80 1152 2048 ) (80 1152 576 ) (160 1152 576 ) 
4 1 3 (1024 1152 0 ) (1024 1152 576 ) (224 1152 576 ) (224 1152 0 ) 
4 1 2 (1024 1152 576 ) (1024 1152 2048 ) (160 1152 2048 ) (160 1152 576 ) 
4 2 10 (1024 1136 576 ) (1024 1136 2048 ) (160 1136 2048 ) (160 1136 576 ) 
4 2 4 (160 1152 2048 ) (160 1152 576 ) (160 1136 576 ) (160 1136 2048 ) 
4 2 3 (1024 1136 576 ) (224 1136 576 ) (224 1152 576 ) (1024 1152 576 ) 
4 3 11 (1024 1136 0 ) (1024 1136 576 ) (224 1136 576 ) (224 1136 0 ) 
4 4 10 (160 1136 576 ) (160 1136 2048 ) (80 1136 2048 ) (80 1136 576 ) 
4 4 7 (80 1152 2048 ) (80 1152 576 ) (80 1136 576 ) (80 1136 2048 ) 
4 5 12 (160 1136 368 ) (160 1136 560 ) (96 1136 560 ) (96 1136 368 ) 
4 6 12 (160 1136 16 ) (160 1136 352 ) (96 1136 352 ) (96 1136 16 ) 
4 7 16 (0 1136 576 ) (0 1136 2048 ) (0 1152 2048 ) (0 1152 576 ) 
4 7 10 (0 1136 2048 ) (0 1136 576 ) (80 1136 576 ) (80 1136 2048 ) 
4 8 17 (0 1136 368 ) (0 1136 560 ) (0 1152 560 ) (0 1152 368 ) 
4 8 12 (0 1136 560 ) (0 1136 368 ) (80 1136 368 ) (80 1136 560 ) 
4 9 21 (0 1136 0 ) (0 1136 16 ) (0 1152 16 ) (0 1152 0 ) 
4 9 19 (0 1136 16 ) (0 1136 352 ) (0 1152 352 ) (0 1152 16 ) 
4 9 12 (0 1136 352 ) (0 1136 0 ) (80 1136 0 ) (80 1136 352 ) 
4 10 47 (1024 1024 576 ) (1024 1024 2048 ) (0 1024 2048 ) (0 1024 576 ) 
4 10 24 (0 1024 576 ) (0 1024 2048 ) (0 1136 2048 ) (0 1136 576 ) 
4 10 13 (1024 1024 576 ) (224 1024 576 ) (224 1120 576 ) (1024 1120 576 ) 
4 10 11 (224 1136 576 ) (1024 1136 576 ) (1024 1120 576 ) (224 1120 576 ) 
4 11 13 (224 1120 0 ) (1024 1120 0 ) (1024 1120 576 ) (224 1120 576 ) 
4 12 25 (0 1136 568 ) (0 1136 0 ) (0 1120 0 ) (0 1120 568 ) 
4 12 14 (0 1120 0 ) (160 1120 0 ) (160 1120 568 ) (0 1120 568 ) 
4 13 48 (1024 1024 0 ) (1024 1024 576 ) (224 1024 576 ) (224 1024 0 ) 
4 14 49 (0 1024 568 ) (0 1024 0 ) (192 1024 0 ) (192 1024 568 ) 
4 14 27 (0 1024 0 ) (0 1024 568 ) (0 1120 568 ) (0 1120 0 ) 
4 15 29 (-1024 1152 0 ) (-1024 1152 2048 ) (-1024 1984 2048 ) (-1024 1984 0 ) 
4 15 22 (-160 1152 576 ) (-160 1152 2048 ) (-224 1152 2048 ) (-224 1152 576 ) 
4 15 23 (-1024 1152 2048 ) (-1024 1152 0 ) (-224 1152 0 ) (-224 1152 2048 ) 
4 15 21 (-80 1152 0 ) (0 1152 0 ) (0 1152 16 ) (-80 1152 16 ) 
4 15 19 (0 1152 16 ) (0 1152 352 ) (-80 1152 352 ) (-80 1152 16 ) 
4 15 20 (-96 1152 352 ) (-160 1152 352 ) (-160 1152 16 ) (-96 1152 16 ) 
4 15 17 (0 1152 368 ) (0 1152 560 ) (-80 1152 560 ) (-80 1152 368 ) 
4 15 18 (-96 1152 560 ) (-160 1152 560 ) (-160 1152 368 ) (-96 1152 368 ) 
4 15 16 (0 1152 576 ) (0 1152 2048 ) (-160 1152 2048 ) (-160 1152 576 ) 
4 16 24 (0 1136 576 ) (0 1136 2048 ) (-160 1136 2048 ) (-160 1136 576 ) 
4 16 22 (-160 1152 2048 ) (-160 1152 576 ) (-160 1136 576 ) (-160 1136 2048 ) 
4 17 25 (0 1136 368 ) (0 1136 560 ) (-80 1136 560 ) (-80 1136 368 ) 
4 18 25 (-96 1136 560 ) (-160 1136 560 ) (-160 1136 368 ) (-96 1136 368 ) 
4 19 25 (0 1136 16 ) (0 1136 352 ) (-80 1136 352 ) (-80 1136 16 ) 
4 19 21 (0 1136 16 ) (-80 1136 16 ) (-80 1152 16 ) (0 1152 16 ) 
4 20 25 (-96 1136 352 ) (-160 1136 352 ) (-160 1136 16 ) (-96 1136 16 ) 
4 21 25 (0 1136 0 ) (0 1136 16 ) (-80 1136 16 ) (-80 1136 0 ) 
4 22 24 (-160 1136 576 ) (-160 1136 2048 ) (-224 1136 2048 ) (-224 1136 576 ) 
4 22 23 (-224 1136 576 ) (-224 1136 2048 ) (-224 1152 2048 ) (-224 1152 576 ) 
4 23 29 (-1024 1136 0 ) (-1024 1136 2048 ) (-1024 1152 2048 ) (-1024 1152 0 ) 
4 23 26 (-1024 1136 576 ) (-1024 1136 0 ) (-224 1136 0 ) (-224 1136 576 ) 
4 23 24 (-1024 1136 2048 ) (-1024 1136 576 ) (-224 1136 576 ) (-224 1136 2048 ) 
4 24 154 (0 1024 576 ) (0 1024 2048 ) (-1024 1024 2048 ) (-1024 1024 576 ) 
4 24 29 (-1024 1024 576 ) (-1024 1024 2048 ) (-1024 1136 2048 ) (-1024 1136 576 ) 
4 24 28 (-224 1024 576 ) (-1024 1024 576 ) (-1024 1120 576 ) (-224 1120 576 ) 
4 24 26 (-1024 1120 576 ) (-1024 1136 576 ) (-224 1136 576 ) (-224 1120 576 ) 
4 25 27 (-160 1120 0 ) (0 1120 0 ) (0 1120 568 ) (-160 1120 568 ) 
4 26 29 (-1024 1120 576 ) (-1024 1136 576 ) (-1024 1136 0 ) (-1024 1120 0 ) 
4 26 28 (-1024 1120 0 ) (-224 1120 0 ) (-224 1120 576 ) (-1024 1120 576 ) 
4 27 155 (0 1024 0 ) (0 1024 568 ) (-192 1024 568 ) (-192 1024 0 ) 
4 28 156 (-224 1024 576 ) (-1024 1024 576 ) (-1024 1024 0 ) (-224 1024 0 ) 
4 28 29 (-1024 1024 0 ) (-1024 1024 576 ) (-1024 1120 576 ) (-1024 1120 0 ) 
4 29 484 (-1024 1024 0 ) (-1024 1024 2048 ) (-1984 1024 2048 ) (-1984 1024 0 ) 
4 30 45 (1984 0 2048 ) (1664 0 2048 ) (1664 0 192 ) (1984 0 192 ) 
4 30 40 (1984 0 192 ) (1664 0 192 ) (1664 336 192 ) (1984 336 192 ) 
4 30 37 (1664 336 192 ) (1664 1024 192 ) (1984 1024 192 ) (1984 336 192 ) 
4 30 35 (1664 1024 384 ) (1664 1024 192 ) (1664 576 192 ) (1664 576 384 ) 
4 30 36 (1664 320 192 ) (1664 0 192 ) (1664 0 384 ) (1664 320 384 ) 
4 30 34 (1664 320 384 ) (1664 0 384 ) (1664 0 576 ) (1664 320 576 ) 
4 30 33 (1664 560 384 ) (1664 336 384 ) (1664 336 560 ) (1664 560 560 ) 
4 30 32 (1664 1024 576 ) (1664 1024 384 ) (1664 576 384 ) (1664 576 576 ) 
4 30 31 (1664 1024 2048 ) (1664 1024 576 ) (1664 0 576 ) (1664 0 2048 ) 
4 31 77 (1024 944 576 ) (1024 0 576 ) (1024 0 2048 ) (1024 944 2048 ) 
4 31 50 (1024 960 576 ) (1024 944 576 ) (1024 944 2048 ) (1024 960 2048 ) 
4 31 47 (1024 1024 2048 ) (1024 1024 576 ) (1024 960 576 ) (1024 960 2048 ) 
4 31 45 (1024 0 2048 ) (1024 0 576 ) (1664 0 576 ) (1664 0 2048 ) 
4 31 34 (1664 320 576 ) (1664 0 576 ) (1024 0 576 ) (1024 320 576 ) 
4 31 32 (1024 1024 576 ) (1664 1024 576 ) (1664 576 576 ) (1024 576 576 ) 
4 32 78 (1024 944 311.272736 ) (1024 576 311.272736 ) (1024 576 576 ) (1024 944 576 ) 
4 32 65 (1024 960 311.272736 ) (1024 944 311.272736 ) (1024 944 352 ) (1024 960 352 ) 
4 32 63 (1024 944 352 ) (1024 944 368 ) (1024 960 368 ) (1024 960 352 ) 
4 32 53 (1024 944 368 ) (1024 944 560 ) (1024 960 560 ) (1024 960 368 ) 
4 32 51 (1024 944 560 ) (1024 944 576 ) (1024 960 576 ) (1024 960 560 ) 
4 32 48 (1024 1024 576 ) (1024 1024 311.272736 ) (1024 960 311.272736 ) (1024 960 576 ) 
4 32 35 (1024 576 311.272980 ) (1024 1024 311.272980 ) (1664 1024 384 ) (1664 576 384 ) 
4 33 79 (1024 560 311.272736 ) (1024 336 311.272736 ) (1024 336 560 ) (1024 560 560 ) 
4 34 80 (1024 320 311.272736 ) (1024 0 311.272736 ) (1024 0 576 ) (1024 320 576 ) 
4 34 45 (1024 0 576 ) (1024 0 311.272736 ) (1664 0 384 ) (1664 0 576 ) 
4 34 36 (1024 0 311.272980 ) (1024 320 311.272980 ) (1664 320 384 ) (1664 0 384 ) 
4 35 81 (1024 944 192 ) (1024 576 192 ) (1024 576 311.272736 ) (1024 944 311.272736 ) 
4 35 65 (1024 960 192 ) (1024 944 192 ) (1024 944 311.272736 ) (1024 960 311.272736 ) 
4 35 48 (1024 1024 311.272736 ) (1024 1024 192 ) (1024 960 192 ) (1024 960 311.272736 ) 
4 35 38 (1024 576 192 ) (1024 1024 192 ) (1664 1024 192 ) (1664 576 192 ) 
4 36 82 (1024 320 192 ) (1024 0 192 ) (1024 0 311.272736 ) (1024 320 311.272736 ) 
4 36 45 (1024 0 311.272736 ) (1024 0 192 ) (1664 0 192 ) (1664 0 384 ) 
4 36 44 (1056 0 192 ) (1024 0 192 ) (1024 320 192 ) (1056 320 192 ) 
4 36 43 (1248 0 192 ) (1056 0 192 ) (1056 320 192 ) (1248 320 192 ) 
4 36 41 (1664 0 192 ) (1248 0 192 ) (1248 320 192 ) (1664 320 192 ) 
4 37 40 (1664 336 0 ) (1984 336 0 ) (1984 336 192 ) (1664 336 192 ) 
4 37 38 (1664 1024 0 ) (1664 576 0 ) (1664 576 192 ) (1664 1024 192 ) 
4 37 39 (1664 560 0 ) (1664 336 0 ) (1664 336 192 ) (1664 560 192 ) 
4 38 83 (1024 944 0 ) (1024 576 0 ) (1024 576 192 ) (1024 944 192 ) 
4 38 75 (1024 960 0 ) (1024 944 0 ) (1024 944 16 ) (1024 960 16 ) 
4 38 65 (1024 944 16 ) (1024 944 192 ) (1024 960 192 ) (1024 960 16 ) 
4 38 48 (1024 1024 192 ) (1024 1024 0 ) (1024 960 0 ) (1024 960 192 ) 
4 39 84 (1024 560 0 ) (1024 336 0 ) (1024 336 192 ) (1024 560 192 ) 
4 39 42 (1056 336 0 ) (1248 336 0 ) (1248 336 160 ) (1056 336 160 ) 
4 40 45 (1984 0 192 ) (1664 0 192 ) (1664 0 0 ) (1984 0 0 ) 
4 40 41 (1664 320 0 ) (1664 0 0 ) (1664 0 192 ) (1664 320 192 ) 
4 41 45 (1664 0 192 ) (1248 0 192 ) (1248 0 0 ) (1664 0 0 ) 
4 41 43 (1248 320 0 ) (1248 0 0 ) (1248 0 192 ) (1248 320 192 ) 
4 42 43 (1056 320 160 ) (1056 320 0 ) (1248 320 0 ) (1248 320 160 ) 
4 43 45 (1248 0 192 ) (1056 0 192 ) (1056 0 0 ) (1248 0 0 ) 
4 43 44 (1056 320 0 ) (1056 0 0 ) (1056 0 192 ) (1056 320 192 ) 
4 44 85 (1024 320 0 ) (1024 0 0 ) (1024 0 192 ) (1024 320 192 ) 
4 44 45 (1056 0 192 ) (1024 0 192 ) (1024 0 0 ) (1056 0 0 ) 
4 45 365 (1024 -1024 0 ) (1024 -1024 576 ) (1024 -960 576 ) (1024 -960 0 ) 
4 45 364 (1024 -1024 576 ) (1024 -1024 2048 ) (1024 -960 2048 ) (1024 -960 576 ) 
4 45 362 (1024 -944 16 ) (1024 -944 0 ) (1024 -960 0 ) (1024 -960 16 ) 
4 45 347 (1024 -944 352 ) (1024 -944 16 ) (1024 -960 16 ) (1024 -960 352 ) 
4 45 345 (1024 -944 368 ) (1024 -944 352 ) (1024 -960 352 ) (1024 -960 368 ) 
4 45 330 (1024 -944 560 ) (1024 -944 368 ) (1024 -960 368 ) (1024 -960 560 ) 
4 45 328 (1024 -944 576 ) (1024 -944 560 ) (1024 -960 560 ) (1024 -960 576 ) 
4 45 327 (1024 -960 2048 ) (1024 -944 2048 ) (1024 -944 576 ) (1024 -960 576 ) 
4 45 265 (1024 -944 2048 ) (1024 0 2048 ) (1024 0 0 ) (1024 -944 0 ) 
4 45 46 (1984 -1024 2048 ) (1024 -1024 2048 ) (1024 -1024 0 ) (1984 -1024 0 ) 
4 46 513 (1024 -1984 2048 ) (1024 -1152 2048 ) (1024 -1152 0 ) (1024 -1984 0 ) 
4 46 505 (1024 -1152 2048 ) (1024 -1136 2048 ) (1024 -1136 0 ) (1024 -1152 0 ) 
4 46 503 (1024 -1120 0 ) (1024 -1136 0 ) (1024 -1136 576 ) (1024 -1120 576 ) 
4 46 501 (1024 -1024 576 ) (1024 -1024 0 ) (1024 -1120 0 ) (1024 -1120 576 ) 
4 46 500 (1024 -1136 2048 ) (1024 -1024 2048 ) (1024 -1024 576 ) (1024 -1136 576 ) 
4 47 154 (0 1024 2048 ) (0 1024 576 ) (0 960 576 ) (0 960 2048 ) 
4 47 50 (1024 960 576 ) (1024 960 2048 ) (0 960 2048 ) (0 960 576 ) 
4 47 48 (1024 960 576 ) (224 960 576 ) (224 1024 576 ) (1024 1024 576 ) 
4 48 75 (960 960 0 ) (1024 960 0 ) (1024 960 16 ) (960 960 16 ) 
4 48 73 (288 960 352 ) (224 960 352 ) (224 960 16 ) (288 960 16 ) 
4 48 72 (368 960 352 ) (304 960 352 ) (304 960 16 ) (368 960 16 ) 
4 48 71 (464 960 352 ) (400 960 352 ) (400 960 16 ) (464 960 16 ) 
4 48 70 (544 960 352 ) (480 960 352 ) (480 960 16 ) (544 960 16 ) 
4 48 69 (672 960 352 ) (608 960 352 ) (608 960 16 ) (672 960 16 ) 
4 48 68 (752 960 352 ) (688 960 352 ) (688 960 16 ) (752 960 16 ) 
4 48 67 (848 960 352 ) (784 960 352 ) (784 960 16 ) (848 960 16 ) 
4 48 65 (1024 960 16 ) (1024 960 352 ) (960 960 352 ) (960 960 16 ) 
4 48 66 (928 960 352 ) (864 960 352 ) (864 960 16 ) (928 960 16 ) 
4 48 63 (1024 960 352 ) (1024 960 368 ) (960 960 368 ) (960 960 352 ) 
4 48 61 (288 960 560 ) (224 960 560 ) (224 960 368 ) (288 960 368 ) 
4 48 60 (368 960 560 ) (304 960 560 ) (304 960 368 ) (368 960 368 ) 
4 48 59 (464 960 560 ) (400 960 560 ) (400 960 368 ) (464 960 368 ) 
4 48 58 (544 960 560 ) (480 960 560 ) (480 960 368 ) (544 960 368 ) 
4 48 57 (672 960 560 ) (608 960 560 ) (608 960 368 ) (672 960 368 ) 
4 48 56 (752 960 560 ) (688 960 560 ) (688 960 368 ) (752 960 368 ) 
4 48 55 (848 960 560 ) (784 960 560 ) (784 960 368 ) (848 960 368 ) 
4 48 53 (1024 960 368 ) (1024 960 560 ) (960 960 560 ) (960 960 368 ) 
4 48 54 (928 960 560 ) (864 960 560 ) (864 960 368 ) (928 960 368 ) 
4 48 51 (1024 960 560 ) (1024 960 576 ) (960 960 576 ) (960 960 560 ) 
4 49 155 (0 1024 568 ) (0 1024 0 ) (0 960 0 ) (0 960 568 ) 
4 49 76 (0 960 0 ) (192 960 0 ) (192 960 16 ) (0 960 16 ) 
4 49 74 (192 960 16 ) (192 960 352 ) (0 960 352 ) (0 960 16 ) 
4 49 64 (192 960 352 ) (192 960 368 ) (0 960 368 ) (0 960 352 ) 
4 49 62 (192 960 368 ) (192 960 560 ) (0 960 560 ) (0 960 368 ) 
4 49 52 (192 960 560 ) (192 960 568 ) (0 960 568 ) (0 960 560 ) 
4 50 157 (0 944 576 ) (0 944 2048 ) (0 960 2048 ) (0 960 576 ) 
4 50 103 (0 944 608 ) (0 944 576 ) (576 944 576 ) (576 944 608 ) 
4 50 102 (576 944 576 ) (608 944 576 ) (608 944 608 ) (576 944 608 ) 
4 50 101 (608 944 576 ) (960 944 576 ) (960 944 608 ) (608 944 608 ) 
4 50 93 (0 944 672 ) (0 944 608 ) (960 944 608 ) (960 944 672 ) 
4 50 88 (0 944 704 ) (0 944 672 ) (608 944 672 ) (608 944 704 ) 
4 50 87 (608 944 672 ) (960 944 672 ) (960 944 704 ) (608 944 704 ) 
4 50 86 (0 944 2048 ) (0 944 704 ) (960 944 704 ) (960 944 2048 ) 
4 50 77 (960 944 576 ) (1024 944 576 ) (1024 944 2048 ) (960 944 2048 ) 
4 50 51 (1024 944 576 ) (960 944 576 ) (960 960 576 ) (1024 960 576 ) 
4 51 78 (960 944 560 ) (1024 944 560 ) (1024 944 576 ) (960 944 576 ) 
4 51 53 (1024 944 560 ) (960 944 560 ) (960 960 560 ) (1024 960 560 ) 
4 52 158 (0 944 560 ) (0 944 568 ) (0 960 568 ) (0 960 560 ) 
4 52 121 (0 944 568 ) (0 944 560 ) (192 944 560 ) (192 944 568 ) 
4 52 62 (192 944 560 ) (0 944 560 ) (0 960 560 ) (192 960 560 ) 
4 53 78 (960 944 368 ) (1024 944 368 ) (1024 944 560 ) (960 944 560 ) 
4 53 63 (1024 944 368 ) (960 944 368 ) (960 960 368 ) (1024 960 368 ) 
4 54 117 (864 944 368 ) (928 944 368 ) (928 944 560 ) (864 944 560 ) 
4 55 117 (784 944 368 ) (848 944 368 ) (848 944 560 ) (784 944 560 ) 
4 56 119 (688 944 368 ) (752 944 368 ) (752 944 560 ) (688 944 560 ) 
4 57 119 (608 944 368 ) (672 944 368 ) (672 944 560 ) (608 944 560 ) 
4 58 120 (480 944 368 ) (544 944 368 ) (544 944 560 ) (480 944 560 ) 
4 59 120 (400 944 368 ) (464 944 368 ) (464 944 560 ) (400 944 560 ) 
4 60 121 (304 944 368 ) (368 944 368 ) (368 944 560 ) (304 944 560 ) 
4 61 121 (224 944 368 ) (288 944 368 ) (288 944 560 ) (224 944 560 ) 
4 62 160 (0 944 368 ) (0 944 560 ) (0 960 560 ) (0 960 368 ) 
4 62 121 (0 944 560 ) (0 944 368 ) (192 944 368 ) (192 944 560 ) 
4 62 64 (192 944 368 ) (0 944 368 ) (0 960 368 ) (192 960 368 ) 
4 63 78 (960 944 352 ) (1024 944 352 ) (1024 944 368 ) (960 944 368 ) 
4 63 65 (1024 944 352 ) (960 944 352 ) (960 960 352 ) (1024 960 352 ) 
4 64 170 (0 944 352 ) (0 944 368 ) (0 960 368 ) (0 960 352 ) 
4 64 121 (0 944 368 ) (0 944 352 ) (192 944 352 ) (192 944 368 ) 
4 64 74 (192 944 352 ) (0 944 352 ) (0 960 352 ) (192 960 352 ) 
4 65 83 (960 944 16 ) (1024 944 16 ) (1024 944 192 ) (960 944 192 ) 
4 65 81 (1024 944 192 ) (1024 944 311.272705 ) (960 944 304 ) (960 944 192 ) 
4 65 78 (1024 944 311.272705 ) (1024 944 352 ) (960 944 352 ) (960 944 304 ) 
4 65 75 (1024 944 16 ) (960 944 16 ) (960 960 16 ) (1024 960 16 ) 
4 66 117 (864 944 16 ) (928 944 16 ) (928 944 352 ) (864 944 352 ) 
4 67 117 (784 944 16 ) (848 944 16 ) (848 944 352 ) (784 944 352 ) 
4 68 119 (688 944 16 ) (752 944 16 ) (752 944 352 ) (688 944 352 ) 
4 69 119 (608 944 16 ) (672 944 16 ) (672 944 352 ) (608 944 352 ) 
4 70 120 (480 944 16 ) (544 944 16 ) (544 944 352 ) (480 944 352 ) 
4 71 120 (400 944 16 ) (464 944 16 ) (464 944 352 ) (400 944 352 ) 
4 72 121 (304 944 16 ) (368 944 16 ) (368 944 352 ) (304 944 352 ) 
4 73 121 (224 944 16 ) (288 944 16 ) (288 944 352 ) (224 944 352 ) 
4 74 170 (0 944 16 ) (0 944 352 ) (0 960 352 ) (0 960 16 ) 
4 74 121 (0 944 352 ) (0 944 16 ) (192 944 16 ) (192 944 352 ) 
4 74 76 (192 944 16 ) (0 944 16 ) (0 960 16 ) (192 960 16 ) 
4 75 83 (960 944 0 ) (1024 944 0 ) (1024 944 16 ) (960 944 16 ) 
4 76 170 (0 960 0 ) (0 944 0 ) (0 944 16 ) (0 960 16 ) 
4 76 121 (0 944 16 ) (0 944 0 ) (192 944 0 ) (192 944 16 ) 
4 77 265 (1024 0 576 ) (1024 0 2048 ) (960 0 2048 ) (960 0 576 ) 
4 77 101 (960 944 608 ) (960 944 576 ) (960 0 576 ) (960 0 608 ) 
4 77 97 (960 576 608 ) (960 0 608 ) (960 0 672 ) (960 576 672 ) 
4 77 94 (960 608 608 ) (960 576 608 ) (960 576 672 ) (960 608 672 ) 
4 77 93 (960 944 672 ) (960 944 608 ) (960 608 608 ) (960 608 672 ) 
4 77 89 (960 132.697632 672 ) (960 0 672 ) (960 0 704 ) (960 132.697678 704 ) 
4 77 87 (960 944 704 ) (960 944 672 ) (960 132.697632 672 ) (960 132.697678 704 ) 
4 77 86 (960 944 2048 ) (960 944 704 ) (960 0 704 ) (960 0 2048 ) 
4 77 80 (1024 0 576 ) (960 0 576 ) (960 320 576 ) (1024 320 576 ) 
4 77 78 (960 576 576 ) (960 944 576 ) (1024 944 576 ) (1024 576 576 ) 
4 78 112 (960 672 304 ) (960 608 304 ) (960 608 352 ) (960 672 352 ) 
4 78 111 (960 752 304 ) (960 688 304 ) (960 688 352 ) (960 752 352 ) 
4 78 110 (960 848 304 ) (960 784 304 ) (960 784 352 ) (960 848 352 ) 
4 78 109 (960 928 304 ) (960 864 304 ) (960 864 352 ) (960 928 352 ) 
4 78 108 (960 672 368 ) (960 608 368 ) (960 608 560 ) (960 672 560 ) 
4 78 107 (960 752 368 ) (960 688 368 ) (960 688 560 ) (960 752 560 ) 
4 78 106 (960 848 368 ) (960 784 368 ) (960 784 560 ) (960 848 560 ) 
4 78 105 (960 928 368 ) (960 864 368 ) (960 864 560 ) (960 928 560 ) 
4 78 81 (960 576 304 ) (960 944 304 ) (1024 944 311.272736 ) (1024 576 311.272736 ) 
4 79 113 (960 528 304 ) (960 368 304 ) (960 368 512 ) (960 528 512 ) 
4 80 265 (1024 0 311.272736 ) (1024 0 576 ) (960 0 576 ) (960 0 304 ) 
4 80 115 (960 0 320 ) (960 0 560 ) (960 112 560 ) (960 112 320 ) 
4 80 114 (960 144 320 ) (960 144 560 ) (960 304 560 ) (960 304 320 ) 
4 80 82 (960 0 304 ) (960 320 304 ) (1024 320 311.272736 ) (1024 0 311.272736 ) 
4 81 112 (960 672 192 ) (960 608 192 ) (960 608 304 ) (960 672 304 ) 
4 81 111 (960 752 192 ) (960 688 192 ) (960 688 304 ) (960 752 304 ) 
4 81 110 (960 848 192 ) (960 784 192 ) (960 784 304 ) (960 848 304 ) 
4 81 109 (960 928 192 ) (960 864 192 ) (960 864 304 ) (960 928 304 ) 
4 81 83 (960 576 192 ) (960 944 192 ) (1024 944 192 ) (1024 576 192 ) 
4 82 265 (1024 0 192 ) (1024 0 311.272736 ) (960 0 304 ) (960 0 192 ) 
4 82 85 (960 0 192 ) (960 320 192 ) (1024 320 192 ) (1024 0 192 ) 
4 83 112 (960 672 16 ) (960 608 16 ) (960 608 192 ) (960 672 192 ) 
4 83 111 (960 752 16 ) (960 688 16 ) (960 688 192 ) (960 752 192 ) 
4 83 110 (960 848 16 ) (960 784 16 ) (960 784 192 ) (960 848 192 ) 
4 83 109 (960 928 16 ) (960 864 16 ) (960 864 192 ) (960 928 192 ) 
4 85 265 (1024 0 0 ) (1024 0 192 ) (960 0 192 ) (960 0 0 ) 
4 85 116 (960 240 0 ) (960 0 0 ) (960 0 128 ) (960 240 128 ) 
4 86 279 (0 0 2048 ) (0 0 704 ) (944 0 704 ) (944 0 2048 ) 
4 86 266 (944 0 704 ) (960 0 704 ) (960 0 2048 ) (944 0 2048 ) 
4 86 180 (0 0 704 ) (0 0 2048 ) (0 944 2048 ) (0 944 704 ) 
10 86 90 (0 0 704 ) (0 222 704 ) (43 218 704 ) (85.017303 204.994659 704 ) (122.991409 185.008301 704 ) (157.001556 157 704 ) (185.008759 122.990425 704 ) (204.994553 85.017403 704 ) (218 43 704 ) (222 0 704 ) 
4 86 89 (608 165.441833 704 ) (960 132.697632 704 ) (960 0 704 ) (608 0 704 ) 
4 86 88 (0 608 704 ) (0 944 704 ) (608 944 704 ) (608 608 704 ) 
4 86 87 (608 944 704 ) (960 944 704 ) (960 132.697632 704 ) (608 165.441833 704 ) 
4 87 97 (960 576 672 ) (960 132.697632 672 ) (608 165.441833 672 ) (608 576 672 ) 
4 87 94 (960 608 672 ) (960 576 672 ) (608 576 672 ) (608 608 672 ) 
4 87 93 (608 944 672 ) (960 944 672 ) (960 608 672 ) (608 608 672 ) 
4 87 89 (608 165.441437 672 ) (960 132.697266 672 ) (960 132.697266 704 ) (608 165.441452 704 ) 
4 87 88 (608 944 672 ) (608 608 672 ) (608 608 704 ) (608 944 704 ) 
4 88 183 (0 608 704 ) (0 944 704 ) (0 944 672 ) (0 608 672 ) 
4 88 93 (0 944 672 ) (608 944 672 ) (608 608 672 ) (0 608 672 ) 
4 89 280 (608 0 672 ) (944 0 672 ) (944 0 704 ) (608 0 704 ) 
4 89 266 (944 0 672 ) (960 0 672 ) (960 0 704 ) (944 0 704 ) 
4 89 97 (960 132.697632 672 ) (960 0 672 ) (608 0 672 ) (608 165.441833 672 ) 
4 90 283 (0 0 704 ) (0 0 700 ) (222 0 700 ) (222 0 704 ) 
4 90 184 (0 0 700 ) (0 0 704 ) (0 222 704 ) (0 222 700 ) 
10 90 91 (0 222 700 ) (43.001991 218 700 ) (85.017365 204.994629 700 ) (122.991394 185.008301 700 ) (157.001633 157 700 ) (185.008728 122.990471 700 ) (204.994568 85.017372 700 ) (218 43 700 ) (222 0 700 ) (0 0 700 ) 
4 91 284 (0 0 700 ) (0 0 696 ) (222 0 696 ) (222 0 700 ) 
4 91 185 (0 0 696 ) (0 0 700 ) (0 222 700 ) (0 222 696 ) 
10 91 92 (0 222 696 ) (43.001728 218 696 ) (85.017334 204.994644 696 ) (122.991394 185.008301 696 ) (157.001587 157 696 ) (185.023956 122.971970 696 ) (204.986786 85.042534 696 ) (218 43 696 ) (222 0 696 ) (0 0 696 ) 
4 92 285 (0 0 696 ) (0 0 672 ) (222 0 672 ) (222 0 696 ) 
4 92 186 (0 0 672 ) (0 0 696 ) (0 222 696 ) (0 222 672 ) 
10 92 100 (222 0 672 ) (0 0 672 ) (0 222 672 ) (43 218 672 ) (85.017303 204.994659 672 ) (122.991409 185.008301 672 ) (157.001556 157 672 ) (185.008759 122.990425 672 ) (204.994553 85.017403 672 ) (218 43 672 ) 
4 93 187 (0 608 672 ) (0 944 672 ) (0 944 608 ) (0 608 608 ) 
4 93 103 (0 608 608 ) (0 944 608 ) (576 944 608 ) (576 608 608 ) 
4 93 102 (576 944 608 ) (608 944 608 ) (608 608 608 ) (576 608 608 ) 
4 93 101 (608 944 608 ) (960 944 608 ) (960 608 608 ) (608 608 608 ) 
4 93 96 (0 608 608 ) (168 608 608 ) (168 608 672 ) (0 608 672 ) 
4 93 94 (608 608 608 ) (960 608 608 ) (960 608 672 ) (608 608 672 ) 
4 93 95 (240 608 608 ) (576 608 608 ) (576 608 672 ) (240 608 672 ) 
4 94 101 (608 608 608 ) (960 608 608 ) (960 576 608 ) (608 576 608 ) 
4 94 97 (608 576 608 ) (960 576 608 ) (960 576 672 ) (608 576 672 ) 
4 95 100 (240 576 608 ) (576 576 608 ) (576 576 672 ) (240 576 672 ) 
4 96 188 (0 576 672 ) (0 608 672 ) (0 608 608 ) (0 576 608 ) 
4 96 100 (0 576 608 ) (168 576 608 ) (168 576 672 ) (0 576 672 ) 
4 97 286 (608 0 608 ) (944 0 608 ) (944 0 672 ) (608 0 672 ) 
4 97 266 (944 0 608 ) (960 0 608 ) (960 0 672 ) (944 0 672 ) 
4 97 101 (608 576 608 ) (960 576 608 ) (960 0 608 ) (608 0 608 ) 
4 97 98 (608 576 672 ) (608 576 608 ) (608 240 608 ) (608 240 672 ) 
4 97 99 (608 168 608 ) (608 0 608 ) (608 0 672 ) (608 168 672 ) 
4 98 100 (576 576 672 ) (576 576 608 ) (576 240 608 ) (576 240 672 ) 
4 99 287 (576 0 608 ) (608 0 608 ) (608 0 672 ) (576 0 672 ) 
4 99 100 (576 168 608 ) (576 0 608 ) (576 0 672 ) (576 168 672 ) 
4 100 290 (0 0 672 ) (0 0 608 ) (576 0 608 ) (576 0 672 ) 
4 100 190 (0 0 608 ) (0 0 672 ) (0 576 672 ) (0 576 608 ) 
4 100 104 (0 0 608 ) (0 576 608 ) (576 576 608 ) (576 0 608 ) 
4 101 294 (608 0 576 ) (944 0 576 ) (944 0 608 ) (608 0 608 ) 
4 101 266 (944 0 576 ) (960 0 576 ) (960 0 608 ) (944 0 608 ) 
4 101 102 (608 944 576 ) (608 608 576 ) (608 608 608 ) (608 944 608 ) 
4 102 103 (576 944 576 ) (576 608 576 ) (576 608 608 ) (576 944 608 ) 
4 103 195 (0 608 608 ) (0 944 608 ) (0 944 576 ) (0 608 576 ) 
4 104 296 (0 0 608 ) (0 0 576 ) (576 0 576 ) (576 0 608 ) 
4 104 196 (0 0 576 ) (0 0 608 ) (0 576 608 ) (0 576 576 ) 
4 104 138 (0 0 576 ) (0 576 576 ) (576 576 576 ) (576 0 576 ) 
4 105 122 (944 928 368 ) (944 864 368 ) (944 864 560 ) (944 928 560 ) 
4 106 122 (944 848 368 ) (944 784 368 ) (944 784 560 ) (944 848 560 ) 
4 107 124 (944 752 368 ) (944 688 368 ) (944 688 560 ) (944 752 560 ) 
4 108 124 (944 672 368 ) (944 608 368 ) (944 608 560 ) (944 672 560 ) 
4 109 122 (944 928 16 ) (944 864 16 ) (944 864 352 ) (944 928 352 ) 
4 110 122 (944 848 16 ) (944 784 16 ) (944 784 352 ) (944 848 352 ) 
4 111 124 (944 752 16 ) (944 688 16 ) (944 688 352 ) (944 752 352 ) 
4 112 124 (944 672 16 ) (944 608 16 ) (944 608 352 ) (944 672 352 ) 
4 113 126 (944 528 512 ) (944 528 304 ) (944 368 304 ) (944 368 512 ) 
4 114 126 (944 144 560 ) (944 304 560 ) (944 304 320 ) (944 144 320 ) 
4 115 267 (960 0 320 ) (960 0 560 ) (944 0 560 ) (944 0 320 ) 
4 115 126 (944 0 320 ) (944 0 560 ) (944 112 560 ) (944 112 320 ) 
4 116 270 (944 0 0 ) (960 0 0 ) (960 0 128 ) (944 0 128 ) 
4 116 133 (944 96 0 ) (944 0 0 ) (944 0 128 ) (944 96 128 ) 
4 116 130 (944 112 0 ) (944 96 0 ) (944 96 128 ) (944 112 128 ) 
4 116 129 (944 240 0 ) (944 112 0 ) (944 112 128 ) (944 240 128 ) 
4 117 125 (784 928 0 ) (928 928 0 ) (928 928 568 ) (784 928 568 ) 
4 117 118 (784 928 0 ) (784 928 16 ) (784 944 16 ) (784 944 0 ) 
4 118 125 (752 928 0 ) (784 928 0 ) (784 928 16 ) (752 928 16 ) 
4 118 119 (752 928 0 ) (752 928 16 ) (752 944 16 ) (752 944 0 ) 
4 119 125 (608 928 0 ) (752 928 0 ) (752 928 568 ) (608 928 568 ) 
4 120 137 (400 928 0 ) (544 928 0 ) (544 928 568 ) (400 928 568 ) 
4 121 199 (0 944 0 ) (0 928 0 ) (0 928 568 ) (0 944 568 ) 
4 121 137 (0 928 0 ) (368 928 0 ) (368 928 568 ) (0 928 568 ) 
4 122 125 (928 928 568 ) (928 928 0 ) (928 784 0 ) (928 784 568 ) 
4 122 123 (928 784 16 ) (928 784 0 ) (944 784 0 ) (944 784 16 ) 
4 123 125 (928 784 0 ) (928 752 0 ) (928 752 16 ) (928 784 16 ) 
4 123 124 (928 752 16 ) (928 752 0 ) (944 752 0 ) (944 752 16 ) 
4 124 125 (928 752 0 ) (928 608 0 ) (928 608 568 ) (928 752 568 ) 
4 125 137 (576 928 568 ) (576 928 0 ) (576 576 0 ) (576 576 568 ) 
4 126 298 (944 0 304 ) (944 0 560 ) (592 0 560 ) (592 0 304 ) 
4 126 128 (592 0 320 ) (592 0 560 ) (592 112 560 ) (592 112 320 ) 
4 126 127 (592 144 320 ) (592 144 560 ) (592 304 560 ) (592 304 320 ) 
4 127 138 (576 144 560 ) (576 304 560 ) (576 304 320 ) (576 144 320 ) 
4 128 307 (592 0 560 ) (576 0 560 ) (576 0 320 ) (592 0 320 ) 
4 128 138 (576 0 320 ) (576 0 560 ) (576 112 560 ) (576 112 320 ) 
4 129 136 (592 232 0 ) (592 136 0 ) (592 136 128 ) (592 232 128 ) 
4 129 130 (768 112 0 ) (944 112 0 ) (944 112 272 ) (768 112 272 ) 
4 130 133 (768 96 0 ) (944 96 0 ) (944 96 128 ) (768 96 128 ) 
4 130 131 (944 96 128 ) (944 96 272 ) (768 96 272 ) (768 96 128 ) 
4 131 299 (944 0 128 ) (944 0 272 ) (768 0 272 ) (768 0 128 ) 
4 131 133 (768 96 128 ) (944 96 128 ) (944 0 128 ) (768 0 128 ) 
4 132 300 (752 0 272 ) (592 0 272 ) (592 0 128 ) (752 0 128 ) 
4 132 135 (592 0 128 ) (592 96 128 ) (752 96 128 ) (752 0 128 ) 
4 133 301 (768 0 0 ) (944 0 0 ) (944 0 128 ) (768 0 128 ) 
4 133 134 (768 0 128 ) (768 80 128 ) (768 80 0 ) (768 0 0 ) 
4 134 302 (752 0 0 ) (768 0 0 ) (768 0 128 ) (752 0 128 ) 
4 134 135 (752 0 128 ) (752 80 128 ) (752 80 0 ) (752 0 0 ) 
4 135 303 (592 0 0 ) (752 0 0 ) (752 0 128 ) (592 0 128 ) 
4 136 138 (576 232 0 ) (576 136 0 ) (576 136 128 ) (576 232 128 ) 
4 137 203 (0 928 0 ) (0 576 0 ) (0 576 568 ) (0 928 568 ) 
4 137 138 (0 576 0 ) (576 576 0 ) (576 576 568 ) (0 576 568 ) 
4 138 312 (0 0 576 ) (0 0 0 ) (576 0 0 ) (576 0 576 ) 
4 138 211 (0 576 0 ) (0 0 0 ) (0 0 272 ) (0 576 272 ) 
4 138 206 (0 0 272 ) (0 0 576 ) (0 576 576 ) (0 576 272 ) 
4 138 153 (448 0 0 ) (0 0 0 ) (0 256 0 ) (448 256 0 ) 
4 138 147 (0 256 0 ) (0 272 0 ) (256 272 0 ) (256 256 0 ) 
4 138 145 (0 272 0 ) (0 576 0 ) (256 576 0 ) (256 272 0 ) 
4 139 140 (568 1024 -192 ) (568 768 -192 ) (568 768 -32 ) (568 1024 -32 ) 
4 140 141 (552 1024 -192 ) (552 768 -192 ) (552 768 -32 ) (552 1024 -32 ) 
4 141 143 (296 768 -192 ) (552 768 -192 ) (552 768 -32 ) (296 768 -32 ) 
4 142 143 (296 592 -32 ) (296 752 -32 ) (552 752 -32 ) (552 592 -32 ) 
4 143 144 (296 576 -192 ) (552 576 -192 ) (552 576 -32 ) (296 576 -32 ) 
4 144 146 (312 272 -192 ) (520 272 -192 ) (520 272 -64 ) (312 272 -64 ) 
4 145 258 (0 576 -192 ) (0 272 -192 ) (0 272 0 ) (0 576 0 ) 
4 145 147 (0 272 -192 ) (256 272 -192 ) (256 272 0 ) (0 272 0 ) 
4 146 152 (448 256 -192 ) (520 256 -192 ) (520 256 -64 ) (448 256 -64 ) 
4 146 153 (312 256 -192 ) (448 256 -192 ) (448 256 -64 ) (312 256 -64 ) 
4 147 258 (0 272 -192 ) (0 256 -192 ) (0 256 0 ) (0 272 0 ) 
4 147 153 (0 256 -192 ) (256 256 -192 ) (256 256 0 ) (0 256 0 ) 
4 148 150 (648 104 -64 ) (648 104 -192 ) (728 104 -192 ) (728 104 -64 ) 
4 148 149 (944 104 -16 ) (800 104 -16 ) (800 104 -192 ) (944 104 -192 ) 
4 149 321 (944 0 -16 ) (800 0 -16 ) (800 0 -192 ) (944 0 -192 ) 
4 150 151 (648 88 -64 ) (648 88 -192 ) (728 88 -192 ) (728 88 -64 ) 
4 151 322 (784 0 -16 ) (592 0 -16 ) (592 0 -192 ) (784 0 -192 ) 
4 152 324 (448 0 -16 ) (448 0 -192 ) (576 0 -192 ) (576 0 -16 ) 
4 152 153 (448 256 -16 ) (448 256 -192 ) (448 0 -192 ) (448 0 -16 ) 
4 153 326 (448 0 0 ) (0 0 0 ) (0 0 -192 ) (448 0 -192 ) 
4 153 258 (0 256 -192 ) (0 0 -192 ) (0 0 0 ) (0 256 0 ) 
4 154 484 (-1024 1024 2048 ) (-1024 1024 576 ) (-1024 960 576 ) (-1024 960 2048 ) 
4 154 157 (0 960 576 ) (0 960 2048 ) (-1024 960 2048 ) (-1024 960 576 ) 
4 154 156 (-224 960 576 ) (-1024 960 576 ) (-1024 1024 576 ) (-224 1024 576 ) 
4 155 170 (-192 960 0 ) (0 960 0 ) (0 960 368 ) (-192 960 368 ) 
4 155 160 (0 960 368 ) (0 960 560 ) (-192 960 560 ) (-192 960 368 ) 
4 155 158 (0 960 560 ) (0 960 568 ) (-192 960 568 ) (-192 960 560 ) 
4 156 484 (-1024 1024 576 ) (-1024 1024 0 ) (-1024 960 0 ) (-1024 960 576 ) 
4 156 179 (-1024 960 0 ) (-960 960 0 ) (-960 960 368 ) (-1024 960 368 ) 
4 156 177 (-784 960 16 ) (-784 960 352 ) (-848 960 352 ) (-848 960 16 ) 
4 156 178 (-864 960 352 ) (-928 960 352 ) (-928 960 16 ) (-864 960 16 ) 
4 156 175 (-608 960 16 ) (-608 960 352 ) (-672 960 352 ) (-672 960 16 ) 
4 156 176 (-688 960 352 ) (-752 960 352 ) (-752 960 16 ) (-688 960 16 ) 
4 156 173 (-400 960 16 ) (-400 960 352 ) (-464 960 352 ) (-464 960 16 ) 
4 156 174 (-480 960 352 ) (-544 960 352 ) (-544 960 16 ) (-480 960 16 ) 
4 156 171 (-224 960 16 ) (-224 960 352 ) (-288 960 352 ) (-288 960 16 ) 
4 156 172 (-304 960 352 ) (-368 960 352 ) (-368 960 16 ) (-304 960 16 ) 
4 156 169 (-960 960 560 ) (-1024 960 560 ) (-1024 960 368 ) (-960 960 368 ) 
4 156 168 (-864 960 560 ) (-928 960 560 ) (-928 960 368 ) (-864 960 368 ) 
4 156 167 (-784 960 560 ) (-848 960 560 ) (-848 960 368 ) (-784 960 368 ) 
4 156 166 (-688 960 560 ) (-752 960 560 ) (-752 960 368 ) (-688 960 368 ) 
4 156 165 (-608 960 560 ) (-672 960 560 ) (-672 960 368 ) (-608 960 368 ) 
4 156 164 (-480 960 560 ) (-544 960 560 ) (-544 960 368 ) (-480 960 368 ) 
4 156 163 (-400 960 560 ) (-464 960 560 ) (-464 960 368 ) (-400 960 368 ) 
4 156 162 (-304 960 560 ) (-368 960 560 ) (-368 960 368 ) (-304 960 368 ) 
4 156 161 (-224 960 368 ) (-224 960 560 ) (-288 960 560 ) (-288 960 368 ) 
4 156 159 (-960 960 576 ) (-1024 960 576 ) (-1024 960 560 ) (-960 960 560 ) 
4 157 484 (-1024 944 576 ) (-1024 944 2048 ) (-1024 960 2048 ) (-1024 960 576 ) 
4 157 257 (-1024 944 2048 ) (-1024 944 576 ) (-960 944 576 ) (-960 944 2048 ) 
4 157 244 (-960 944 576 ) (-944 944 576 ) (-944 944 2048 ) (-960 944 2048 ) 
4 157 197 (-608 944 576 ) (-576 944 576 ) (-576 944 608 ) (-608 944 608 ) 
4 157 198 (-944 944 576 ) (-608 944 576 ) (-608 944 608 ) (-944 944 608 ) 
4 157 195 (-576 944 576 ) (0 944 576 ) (0 944 608 ) (-576 944 608 ) 
4 157 191 (-576 944 672 ) (-608 944 672 ) (-608 944 608 ) (-576 944 608 ) 
4 157 194 (-608 944 672 ) (-944 944 672 ) (-944 944 608 ) (-608 944 608 ) 
4 157 187 (0 944 608 ) (0 944 672 ) (-576 944 672 ) (-576 944 608 ) 
4 157 183 (0 944 672 ) (0 944 704 ) (-134.186127 944 704 ) (-134.186096 944 672 ) 
4 157 181 (-134.186127 944 704 ) (-608 944 704 ) (-608 944 672 ) (-134.186096 944 672 ) 
4 157 182 (-608 944 704 ) (-944 944 704 ) (-944 944 672 ) (-608 944 672 ) 
4 157 180 (0 944 704 ) (0 944 2048 ) (-944 944 2048 ) (-944 944 704 ) 
4 157 159 (-960 944 576 ) (-1024 944 576 ) (-1024 960 576 ) (-960 960 576 ) 
4 158 199 (-192 944 560 ) (0 944 560 ) (0 944 568 ) (-192 944 568 ) 
4 158 160 (0 944 560 ) (-192 944 560 ) (-192 960 560 ) (0 960 560 ) 
4 159 484 (-1024 944 560 ) (-1024 944 576 ) (-1024 960 576 ) (-1024 960 560 ) 
4 159 257 (-1024 944 576 ) (-1024 944 560 ) (-960 944 560 ) (-960 944 576 ) 
4 159 169 (-960 944 560 ) (-1024 944 560 ) (-1024 960 560 ) (-960 960 560 ) 
4 160 199 (-192 944 368 ) (0 944 368 ) (0 944 560 ) (-192 944 560 ) 
4 160 170 (0 944 368 ) (-192 944 368 ) (-192 960 368 ) (0 960 368 ) 
4 161 199 (-288 944 368 ) (-224 944 368 ) (-224 944 560 ) (-288 944 560 ) 
4 162 199 (-368 944 368 ) (-304 944 368 ) (-304 944 560 ) (-368 944 560 ) 
4 163 200 (-464 944 368 ) (-400 944 368 ) (-400 944 560 ) (-464 944 560 ) 
4 164 200 (-544 944 368 ) (-480 944 368 ) (-480 944 560 ) (-544 944 560 ) 
4 165 201 (-672 944 368 ) (-608 944 368 ) (-608 944 560 ) (-672 944 560 ) 
4 166 201 (-752 944 368 ) (-688 944 368 ) (-688 944 560 ) (-752 944 560 ) 
4 167 202 (-848 944 368 ) (-784 944 368 ) (-784 944 560 ) (-848 944 560 ) 
4 168 202 (-928 944 368 ) (-864 944 368 ) (-864 944 560 ) (-928 944 560 ) 
4 169 484 (-1024 944 368 ) (-1024 944 560 ) (-1024 960 560 ) (-1024 960 368 ) 
4 169 257 (-1024 944 560 ) (-1024 944 368 ) (-960 944 368 ) (-960 944 560 ) 
4 169 179 (-960 944 368 ) (-1024 944 368 ) (-1024 960 368 ) (-960 960 368 ) 
4 170 199 (-192 944 0 ) (0 944 0 ) (0 944 368 ) (-192 944 368 ) 
4 171 199 (-224 944 16 ) (-224 944 352 ) (-288 944 352 ) (-288 944 16 ) 
4 172 199 (-304 944 352 ) (-368 944 352 ) (-368 944 16 ) (-304 944 16 ) 
4 173 200 (-400 944 16 ) (-400 944 352 ) (-464 944 352 ) (-464 944 16 ) 
4 174 200 (-480 944 352 ) (-544 944 352 ) (-544 944 16 ) (-480 944 16 ) 
4 175 201 (-608 944 16 ) (-608 944 352 ) (-672 944 352 ) (-672 944 16 ) 
4 176 201 (-688 944 352 ) (-752 944 352 ) (-752 944 16 ) (-688 944 16 ) 
4 177 202 (-784 944 16 ) (-784 944 352 ) (-848 944 352 ) (-848 944 16 ) 
4 178 202 (-864 944 352 ) (-928 944 352 ) (-928 944 16 ) (-864 944 16 ) 
4 179 484 (-1024 960 0 ) (-1024 944 0 ) (-1024 944 368 ) (-1024 960 368 ) 
4 179 257 (-1024 944 368 ) (-1024 944 0 ) (-960 944 0 ) (-960 944 368 ) 
4 180 367 (0 0 704 ) (0 0 2048 ) (-944 0 2048 ) (-944 0 704 ) 
4 180 244 (-944 944 2048 ) (-944 944 704 ) (-944 0 704 ) (-944 0 2048 ) 
10 180 184 (0 222 704 ) (0 0 704 ) (-222 0 704 ) (-218 43 704 ) (-204.994614 85.017227 704 ) (-185.008362 122.991302 704 ) (-157 157 704 ) (-122.991493 185.008209 704 ) (-85.017136 204.994720 704 ) (-43 218 704 ) 
4 180 183 (-134.186096 944 704 ) (0 944 704 ) (0 608 704 ) (-165.441895 608 704 ) 
4 180 181 (-608 944 704 ) (-134.186096 944 704 ) (-165.441895 608 704 ) (-608 608 704 ) 
4 180 182 (-944 0 704 ) (-944 944 704 ) (-608 944 704 ) (-608 0 704 ) 
4 181 191 (-608 608 672 ) (-608 944 672 ) (-576 944 672 ) (-576 608 672 ) 
4 181 187 (-576 944 672 ) (-134.186096 944 672 ) (-165.441895 608 672 ) (-576 608 672 ) 
4 181 183 (-165.441620 608 672 ) (-134.185852 944 672 ) (-134.186035 944 704 ) (-165.441803 608 704 ) 
4 181 182 (-608 944 672 ) (-608 608 672 ) (-608 608 704 ) (-608 944 704 ) 
4 182 369 (-608 0 704 ) (-944 0 704 ) (-944 0 672 ) (-608 0 672 ) 
4 182 244 (-944 944 704 ) (-944 944 672 ) (-944 0 672 ) (-944 0 704 ) 
4 182 194 (-608 0 672 ) (-944 0 672 ) (-944 944 672 ) (-608 944 672 ) 
4 183 187 (-165.441895 608 672 ) (-134.186096 944 672 ) (0 944 672 ) (0 608 672 ) 
4 184 371 (0 0 700 ) (0 0 704 ) (-222 0 704 ) (-222 0 700 ) 
10 184 185 (0 0 700 ) (-222.006836 0 700 ) (-218.009811 42.968132 700 ) (-204.994598 85.017242 700 ) (-185.008331 122.991333 700 ) (-157 157 700 ) (-122.991531 185.008179 700 ) (-85.017174 204.994690 700 ) (-42.998993 218 700 ) (0 222 700 ) 
4 185 372 (0 0 696 ) (0 0 700 ) (-222 0 700 ) (-222 0 696 ) 
10 185 186 (-222.006836 0 696 ) (-218.009811 42.968132 696 ) (-204.994598 85.017242 696 ) (-185.008331 122.991333 696 ) (-157 157 696 ) (-122.991531 185.008179 696 ) (-85.017174 204.994690 696 ) (-42.998993 218 696 ) (0 222 696 ) (0 0 696 ) 
4 186 373 (0 0 672 ) (0 0 696 ) (-222 0 696 ) (-222 0 672 ) 
10 186 190 (0 0 672 ) (-222 0 672 ) (-218 43 672 ) (-204.994598 85.017250 672 ) (-185.008377 122.991302 672 ) (-157 157 672 ) (-122.991463 185.008224 672 ) (-85.017204 204.994675 672 ) (-43 218 672 ) (0 222 672 ) 
4 187 195 (-576 944 608 ) (0 944 608 ) (0 608 608 ) (-576 608 608 ) 
4 187 191 (-576 944 608 ) (-576 608 608 ) (-576 608 672 ) (-576 944 672 ) 
4 187 188 (-168 608 608 ) (0 608 608 ) (0 608 672 ) (-168 608 672 ) 
4 187 189 (-576 608 672 ) (-576 608 608 ) (-240 608 608 ) (-240 608 672 ) 
4 188 190 (-168 576 608 ) (0 576 608 ) (0 576 672 ) (-168 576 672 ) 
4 189 190 (-576 576 672 ) (-576 576 608 ) (-240 576 608 ) (-240 576 672 ) 
4 190 374 (0 0 608 ) (0 0 672 ) (-576 0 672 ) (-576 0 608 ) 
4 190 196 (0 576 608 ) (0 0 608 ) (-576 0 608 ) (-576 576 608 ) 
4 190 193 (-576 168 608 ) (-576 0 608 ) (-576 0 672 ) (-576 168 672 ) 
4 190 192 (-576 576 608 ) (-576 240 608 ) (-576 240 672 ) (-576 576 672 ) 
4 191 197 (-608 944 608 ) (-576 944 608 ) (-576 608 608 ) (-608 608 608 ) 
4 191 194 (-608 944 608 ) (-608 608 608 ) (-608 608 672 ) (-608 944 672 ) 
4 192 194 (-608 576 608 ) (-608 240 608 ) (-608 240 672 ) (-608 576 672 ) 
4 193 375 (-576 0 672 ) (-608 0 672 ) (-608 0 608 ) (-576 0 608 ) 
4 193 194 (-608 168 608 ) (-608 0 608 ) (-608 0 672 ) (-608 168 672 ) 
4 194 377 (-608 0 672 ) (-944 0 672 ) (-944 0 608 ) (-608 0 608 ) 
4 194 244 (-944 944 672 ) (-944 944 608 ) (-944 0 608 ) (-944 0 672 ) 
4 194 198 (-944 0 608 ) (-944 944 608 ) (-608 944 608 ) (-608 0 608 ) 
4 195 197 (-576 944 576 ) (-576 608 576 ) (-576 608 608 ) (-576 944 608 ) 
4 196 382 (0 0 576 ) (0 0 608 ) (-576 0 608 ) (-576 0 576 ) 
4 196 206 (0 576 576 ) (0 0 576 ) (-576 0 576 ) (-576 576 576 ) 
4 197 198 (-608 944 576 ) (-608 608 576 ) (-608 608 608 ) (-608 944 608 ) 
4 198 385 (-608 0 608 ) (-944 0 608 ) (-944 0 576 ) (-608 0 576 ) 
4 198 244 (-944 944 608 ) (-944 944 576 ) (-944 0 576 ) (-944 0 608 ) 
4 199 203 (-368 928 568 ) (-368 928 0 ) (0 928 0 ) (0 928 568 ) 
4 200 203 (-544 928 568 ) (-544 928 0 ) (-400 928 0 ) (-400 928 568 ) 
4 201 203 (-752 928 568 ) (-752 928 0 ) (-608 928 0 ) (-608 928 568 ) 
4 202 203 (-928 928 568 ) (-928 928 0 ) (-784 928 0 ) (-784 928 568 ) 
4 203 220 (-872 576 0 ) (-664 576 0 ) (-664 576 128 ) (-872 576 128 ) 
4 203 211 (-576 576 0 ) (0 576 0 ) (0 576 272 ) (-576 576 272 ) 
4 203 206 (-576 576 272 ) (0 576 272 ) (0 576 568 ) (-576 576 568 ) 
4 203 205 (-928 752 0 ) (-928 608 0 ) (-928 608 568 ) (-928 752 568 ) 
4 203 204 (-928 928 568 ) (-928 928 0 ) (-928 784 0 ) (-928 784 568 ) 
4 204 247 (-944 864 352 ) (-944 928 352 ) (-944 928 16 ) (-944 864 16 ) 
4 204 248 (-944 784 16 ) (-944 784 352 ) (-944 848 352 ) (-944 848 16 ) 
4 204 245 (-944 864 560 ) (-944 928 560 ) (-944 928 368 ) (-944 864 368 ) 
4 204 246 (-944 784 368 ) (-944 784 560 ) (-944 848 560 ) (-944 848 368 ) 
4 205 251 (-944 688 352 ) (-944 752 352 ) (-944 752 16 ) (-944 688 16 ) 
4 205 252 (-944 608 16 ) (-944 608 352 ) (-944 672 352 ) (-944 672 16 ) 
4 205 249 (-944 688 560 ) (-944 752 560 ) (-944 752 368 ) (-944 688 368 ) 
4 205 250 (-944 608 368 ) (-944 608 560 ) (-944 672 560 ) (-944 672 368 ) 
4 206 386 (0 0 272 ) (0 0 576 ) (-576 0 576 ) (-576 0 272 ) 
4 206 211 (-576 576 272 ) (0 576 272 ) (0 0 272 ) (-576 0 272 ) 
4 206 209 (-576 0 320 ) (-576 0 560 ) (-576 48 560 ) (-576 48 320 ) 
4 206 208 (-576 80 320 ) (-576 80 560 ) (-576 240 560 ) (-576 240 320 ) 
4 206 207 (-576 272 320 ) (-576 272 560 ) (-576 432 560 ) (-576 432 320 ) 
4 207 210 (-592 272 320 ) (-592 272 560 ) (-592 432 560 ) (-592 432 320 ) 
4 208 210 (-592 80 320 ) (-592 80 560 ) (-592 240 560 ) (-592 240 320 ) 
4 209 388 (-576 0 320 ) (-576 0 560 ) (-592 0 560 ) (-592 0 320 ) 
4 209 210 (-592 0 320 ) (-592 0 560 ) (-592 48 560 ) (-592 48 320 ) 
4 210 390 (-944 0 560 ) (-944 0 304 ) (-592 0 304 ) (-592 0 560 ) 
4 210 255 (-944 0 320 ) (-944 0 560 ) (-944 48 560 ) (-944 48 320 ) 
4 210 254 (-944 80 560 ) (-944 240 560 ) (-944 240 320 ) (-944 80 320 ) 
4 210 253 (-944 272 560 ) (-944 432 560 ) (-944 432 320 ) (-944 272 320 ) 
4 211 386 (0 0 0 ) (0 0 272 ) (-576 0 272 ) (-576 0 0 ) 
4 211 259 (-576 256 0 ) (-576 576 0 ) (-448 576 0 ) (-448 256 0 ) 
4 211 258 (0 576 0 ) (0 0 0 ) (-448 0 0 ) (-448 576 0 ) 
4 211 219 (-576 80 272 ) (-576 240 272 ) (-576 240 16 ) (-576 80 16 ) 
4 211 212 (-576 272 272 ) (-576 432 272 ) (-576 432 16 ) (-576 272 16 ) 
4 212 216 (-584 356 16 ) (-584 348 16 ) (-584 348 264 ) (-584 356 264 ) 
4 212 213 (-584 432 272 ) (-584 432 16 ) (-584 356 16 ) (-584 356 272 ) 
4 212 217 (-584 348 16 ) (-584 272 16 ) (-584 272 272 ) (-584 348 272 ) 
4 213 215 (-590 356 272 ) (-590 356 264 ) (-588 356 264 ) (-588 356 272 ) 
4 213 216 (-590 356 264 ) (-590 356 16 ) (-584 356 16 ) (-584 356 264 ) 
4 213 218 (-590 432 272 ) (-590 432 16 ) (-590 356 16 ) (-590 356 272 ) 
3 214 216 (-588 348 264 ) (-590 348 264 ) (-590 350 264 ) 
4 214 217 (-590 348 272 ) (-590 348 264 ) (-588 348 264 ) (-588 348 272 ) 
4 214 218 (-590 348 264 ) (-590 348 272 ) (-590 350 272 ) (-590 350 264 ) 
4 215 218 (-590 354 272 ) (-590 356 272 ) (-590 356 264 ) (-590 354 264 ) 
3 215 216 (-590 354 264 ) (-590 356 264 ) (-588 356 264 ) 
4 216 218 (-590 356 16 ) (-590 348 16 ) (-590 348 264 ) (-590 356 264 ) 
4 216 217 (-590 348 264 ) (-590 348 16 ) (-584 348 16 ) (-584 348 264 ) 
4 217 218 (-590 348 16 ) (-590 272 16 ) (-590 272 272 ) (-590 348 272 ) 
4 218 233 (-592 432 269 ) (-592 432 16 ) (-592 272 16 ) (-592 272 269 ) 
4 218 224 (-592 272 272 ) (-592 432 272 ) (-592 432 269 ) (-592 272 269 ) 
4 219 233 (-592 240 269 ) (-592 240 16 ) (-592 80 16 ) (-592 80 269 ) 
4 219 224 (-592 80 272 ) (-592 240 272 ) (-592 240 269 ) (-592 80 269 ) 
4 220 230 (-770 560 0 ) (-766 560 0 ) (-766 560 128 ) (-770 560 128 ) 
4 220 229 (-766 560 0 ) (-664 560 0 ) (-664 560 128 ) (-766 560 128 ) 
4 220 232 (-872 560 128 ) (-872 560 0 ) (-770 560 0 ) (-770 560 128 ) 
4 221 233 (-592 446 269 ) (-592 444 269 ) (-764 444 269 ) (-764 446 269 ) 
4 221 229 (-764 560 269 ) (-592 560 269 ) (-592 446 269 ) (-764 446 269 ) 
4 221 224 (-764 444 269 ) (-592 444 269 ) (-592 444 272 ) (-764 444 272 ) 
4 221 222 (-764 560 272 ) (-764 560 269 ) (-764 452 269 ) (-764 452 272 ) 
4 222 230 (-770 560 269 ) (-766 560 269 ) (-766 452 269 ) (-770 452 269 ) 
4 222 229 (-766 560 269 ) (-764 560 269 ) (-764 452 269 ) (-766 452 269 ) 
4 222 232 (-772 560 269 ) (-770 560 269 ) (-770 452 269 ) (-772 452 269 ) 
4 222 223 (-772 560 272 ) (-772 560 269 ) (-772 452 269 ) (-772 452 272 ) 
4 223 237 (-944 444 269 ) (-944 446 269 ) (-772 446 269 ) (-772 444 269 ) 
4 223 232 (-944 446 269 ) (-944 560 269 ) (-772 560 269 ) (-772 446 269 ) 
4 223 227 (-944 444 269 ) (-772 444 269 ) (-772 444 272 ) (-944 444 272 ) 
4 224 233 (-764 444 269 ) (-592 444 269 ) (-592 48 269 ) (-764 48 269 ) 
4 224 228 (-752 48 269 ) (-592 48 269 ) (-592 48 272 ) (-752 48 272 ) 
4 224 225 (-764 444 272 ) (-764 444 269 ) (-764 260 269 ) (-764 260 272 ) 
4 224 226 (-764 252 269 ) (-764 48 269 ) (-764 48 272 ) (-764 252 272 ) 
4 225 234 (-770 444 269 ) (-766 444 269 ) (-766 260 269 ) (-770 260 269 ) 
4 225 233 (-766 444 269 ) (-764 444 269 ) (-764 260 269 ) (-766 260 269 ) 
4 225 237 (-772 444 269 ) (-770 444 269 ) (-770 260 269 ) (-772 260 269 ) 
4 225 227 (-772 444 272 ) (-772 444 269 ) (-772 260 269 ) (-772 260 272 ) 
4 226 236 (-766 48 269 ) (-770 48 269 ) (-770 252 269 ) (-766 252 269 ) 
4 226 233 (-764 252 269 ) (-764 48 269 ) (-766 48 269 ) (-766 252 269 ) 
4 226 237 (-770 48 269 ) (-772 48 269 ) (-772 252 269 ) (-770 252 269 ) 
4 226 227 (-772 252 269 ) (-772 48 269 ) (-772 48 272 ) (-772 252 272 ) 
4 227 237 (-944 48 269 ) (-944 444 269 ) (-772 444 269 ) (-772 48 269 ) 
4 228 239 (-592 32 269 ) (-592 32 272 ) (-752 32 272 ) (-752 32 269 ) 
4 228 238 (-592 32 269 ) (-752 32 269 ) (-752 48 269 ) (-592 48 269 ) 
4 229 233 (-592 446 0 ) (-592 446 269 ) (-766 446 269 ) (-766 446 0 ) 
4 229 231 (-766 446 0 ) (-766 446 264 ) (-766 450 264 ) (-766 450 0 ) 
4 229 230 (-766 450 269 ) (-766 560 269 ) (-766 560 0 ) (-766 450 0 ) 
4 230 231 (-770 450 264 ) (-770 450 0 ) (-766 450 0 ) (-766 450 264 ) 
4 230 232 (-770 450 269 ) (-770 560 269 ) (-770 560 0 ) (-770 450 0 ) 
4 231 234 (-770 446 264 ) (-770 446 0 ) (-766 446 0 ) (-766 446 264 ) 
4 231 232 (-770 446 0 ) (-770 446 264 ) (-770 450 264 ) (-770 450 0 ) 
4 232 237 (-770 446 269 ) (-944 446 269 ) (-944 446 0 ) (-770 446 0 ) 
4 233 238 (-592 48 0 ) (-592 48 269 ) (-752 48 269 ) (-752 48 0 ) 
4 233 235 (-766 258 0 ) (-766 254 0 ) (-766 254 264 ) (-766 258 264 ) 
4 233 234 (-766 446 269 ) (-766 446 0 ) (-766 258 0 ) (-766 258 269 ) 
4 233 236 (-766 254 0 ) (-766 48 0 ) (-766 48 269 ) (-766 254 269 ) 
4 234 235 (-770 258 264 ) (-770 258 0 ) (-766 258 0 ) (-766 258 264 ) 
4 234 237 (-770 446 269 ) (-770 446 0 ) (-770 258 0 ) (-770 258 269 ) 
4 235 237 (-770 258 0 ) (-770 254 0 ) (-770 254 264 ) (-770 258 264 ) 
4 235 236 (-770 254 264 ) (-770 254 0 ) (-766 254 0 ) (-766 254 264 ) 
4 236 237 (-770 254 0 ) (-770 48 0 ) (-770 48 269 ) (-770 254 269 ) 
4 237 262 (-816 176 0 ) (-816 64 0 ) (-928 64 0 ) (-928 176 0 ) 
4 238 241 (-592 32 0 ) (-592 32 128 ) (-752 32 128 ) (-752 32 0 ) 
4 238 239 (-592 32 128 ) (-592 32 269 ) (-752 32 269 ) (-752 32 128 ) 
4 239 392 (-592 0 272 ) (-752 0 272 ) (-752 0 128 ) (-592 0 128 ) 
4 239 241 (-752 32 128 ) (-592 32 128 ) (-592 0 128 ) (-752 0 128 ) 
4 240 393 (-768 0 272 ) (-944 0 272 ) (-944 0 128 ) (-768 0 128 ) 
4 240 243 (-944 0 128 ) (-944 32 128 ) (-768 32 128 ) (-768 0 128 ) 
4 241 394 (-752 0 0 ) (-592 0 0 ) (-592 0 128 ) (-752 0 128 ) 
4 241 242 (-752 0 128 ) (-752 16 128 ) (-752 16 0 ) (-752 0 0 ) 
4 242 395 (-768 0 0 ) (-752 0 0 ) (-752 0 128 ) (-768 0 128 ) 
4 242 243 (-768 0 128 ) (-768 16 128 ) (-768 16 0 ) (-768 0 0 ) 
4 243 396 (-944 0 128 ) (-944 0 0 ) (-768 0 0 ) (-768 0 128 ) 
4 243 256 (-944 16 0 ) (-944 0 0 ) (-944 0 128 ) (-944 16 128 ) 
4 244 385 (-960 0 608 ) (-960 0 576 ) (-944 0 576 ) (-944 0 608 ) 
4 244 377 (-960 0 672 ) (-960 0 608 ) (-944 0 608 ) (-944 0 672 ) 
4 244 369 (-960 0 704 ) (-960 0 672 ) (-944 0 672 ) (-944 0 704 ) 
4 244 367 (-960 0 2048 ) (-960 0 704 ) (-944 0 704 ) (-944 0 2048 ) 
4 244 257 (-960 944 2048 ) (-960 944 576 ) (-960 0 576 ) (-960 0 2048 ) 
4 245 257 (-960 864 560 ) (-960 928 560 ) (-960 928 368 ) (-960 864 368 ) 
4 246 257 (-960 784 368 ) (-960 784 560 ) (-960 848 560 ) (-960 848 368 ) 
4 247 257 (-960 864 352 ) (-960 928 352 ) (-960 928 16 ) (-960 864 16 ) 
4 248 257 (-960 784 16 ) (-960 784 352 ) (-960 848 352 ) (-960 848 16 ) 
4 249 257 (-960 688 560 ) (-960 752 560 ) (-960 752 368 ) (-960 688 368 ) 
4 250 257 (-960 608 368 ) (-960 608 560 ) (-960 672 560 ) (-960 672 368 ) 
4 251 257 (-960 688 352 ) (-960 752 352 ) (-960 752 16 ) (-960 688 16 ) 
4 252 257 (-960 608 16 ) (-960 608 352 ) (-960 672 352 ) (-960 672 16 ) 
4 253 257 (-960 272 560 ) (-960 432 560 ) (-960 432 320 ) (-960 272 320 ) 
4 254 257 (-960 80 560 ) (-960 240 560 ) (-960 240 320 ) (-960 80 320 ) 
4 255 416 (-960 0 560 ) (-960 0 320 ) (-944 0 320 ) (-944 0 560 ) 
4 255 257 (-960 0 320 ) (-960 0 560 ) (-960 48 560 ) (-960 48 320 ) 
4 256 419 (-960 0 128 ) (-960 0 0 ) (-944 0 0 ) (-944 0 128 ) 
4 256 257 (-960 16 0 ) (-960 0 0 ) (-960 0 128 ) (-960 16 128 ) 
4 257 484 (-1024 944 0 ) (-1024 0 0 ) (-1024 0 2048 ) (-1024 944 2048 ) 
4 257 434 (-1024 0 192 ) (-1024 0 0 ) (-960 0 0 ) (-960 0 192 ) 
4 257 432 (-1024 0 311.272736 ) (-1024 0 192 ) (-960 0 192 ) (-960 0 304 ) 
4 257 429 (-1024 0 576 ) (-1024 0 311.272736 ) (-960 0 304 ) (-960 0 576 ) 
4 257 428 (-1024 0 2048 ) (-1024 0 576 ) (-960 0 576 ) (-960 0 2048 ) 
4 258 467 (0 0 -192 ) (0 0 0 ) (-448 0 0 ) (-448 0 -192 ) 
4 258 260 (-448 256 -192 ) (-448 0 -192 ) (-448 0 -16 ) (-448 256 -16 ) 
4 258 259 (-448 576 0 ) (-448 576 -192 ) (-448 256 -192 ) (-448 256 0 ) 
4 259 260 (-576 256 -16 ) (-576 256 -192 ) (-448 256 -192 ) (-448 256 -16 ) 
4 260 468 (-576 0 -16 ) (-576 0 -192 ) (-448 0 -192 ) (-448 0 -16 ) 
4 260 261 (-576 184 -192 ) (-576 104 -192 ) (-576 104 -64 ) (-576 184 -64 ) 
4 261 263 (-592 184 -192 ) (-592 104 -192 ) (-592 104 -64 ) (-592 184 -64 ) 
4 262 264 (-928 64 -16 ) (-928 176 -16 ) (-816 176 -16 ) (-816 64 -16 ) 
4 263 472 (-784 0 -192 ) (-728 0 -192 ) (-728 0 -16 ) (-784 0 -16 ) 
4 263 470 (-728 0 -192 ) (-648 0 -192 ) (-648 0 -16 ) (-728 0 -16 ) 
4 263 469 (-648 0 -192 ) (-592 0 -192 ) (-592 0 -16 ) (-648 0 -16 ) 
4 264 473 (-944 0 -192 ) (-800 0 -192 ) (-800 0 -16 ) (-944 0 -16 ) 
4 265 362 (1024 -944 0 ) (1024 -944 16 ) (960 -944 16 ) (960 -944 0 ) 
4 265 347 (1024 -944 16 ) (1024 -944 352 ) (960 -944 352 ) (960 -944 16 ) 
4 265 345 (1024 -944 352 ) (1024 -944 368 ) (960 -944 368 ) (960 -944 352 ) 
4 265 330 (1024 -944 368 ) (1024 -944 560 ) (960 -944 560 ) (960 -944 368 ) 
4 265 328 (1024 -944 560 ) (1024 -944 576 ) (960 -944 576 ) (960 -944 560 ) 
4 265 327 (1024 -944 576 ) (1024 -944 2048 ) (960 -944 2048 ) (960 -944 576 ) 
4 265 277 (960 -848 352 ) (960 -784 352 ) (960 -784 16 ) (960 -848 16 ) 
4 265 278 (960 -928 16 ) (960 -928 352 ) (960 -864 352 ) (960 -864 16 ) 
4 265 275 (960 -848 560 ) (960 -784 560 ) (960 -784 368 ) (960 -848 368 ) 
4 265 276 (960 -928 368 ) (960 -928 560 ) (960 -864 560 ) (960 -864 368 ) 
4 265 273 (960 -672 352 ) (960 -608 352 ) (960 -608 16 ) (960 -672 16 ) 
4 265 274 (960 -752 16 ) (960 -752 352 ) (960 -688 352 ) (960 -688 16 ) 
4 265 271 (960 -672 560 ) (960 -608 560 ) (960 -608 368 ) (960 -672 368 ) 
4 265 272 (960 -752 368 ) (960 -752 560 ) (960 -688 560 ) (960 -688 368 ) 
4 265 270 (960 0 0 ) (960 -16 0 ) (960 -16 128 ) (960 0 128 ) 
4 265 269 (960 -432 560 ) (960 -272 560 ) (960 -272 320 ) (960 -432 320 ) 
4 265 268 (960 -240 560 ) (960 -80 560 ) (960 -80 320 ) (960 -240 320 ) 
4 265 267 (960 -48 560 ) (960 0 560 ) (960 0 320 ) (960 -48 320 ) 
4 265 266 (960 -944 576 ) (960 -944 2048 ) (960 0 2048 ) (960 0 576 ) 
4 266 327 (944 -944 2048 ) (944 -944 576 ) (960 -944 576 ) (960 -944 2048 ) 
4 266 294 (944 0 608 ) (944 0 576 ) (944 -944 576 ) (944 -944 608 ) 
4 266 286 (944 0 672 ) (944 0 608 ) (944 -944 608 ) (944 -944 672 ) 
4 266 280 (944 0 704 ) (944 0 672 ) (944 -944 672 ) (944 -944 704 ) 
4 266 279 (944 0 2048 ) (944 0 704 ) (944 -944 704 ) (944 -944 2048 ) 
4 267 298 (944 0 560 ) (944 0 320 ) (944 -48 320 ) (944 -48 560 ) 
4 268 298 (944 -240 320 ) (944 -240 560 ) (944 -80 560 ) (944 -80 320 ) 
4 269 298 (944 -432 320 ) (944 -432 560 ) (944 -272 560 ) (944 -272 320 ) 
4 270 301 (944 0 128 ) (944 0 0 ) (944 -16 0 ) (944 -16 128 ) 
4 271 313 (944 -672 560 ) (944 -608 560 ) (944 -608 368 ) (944 -672 368 ) 
4 272 313 (944 -752 368 ) (944 -752 560 ) (944 -688 560 ) (944 -688 368 ) 
4 273 313 (944 -672 352 ) (944 -608 352 ) (944 -608 16 ) (944 -672 16 ) 
4 274 313 (944 -752 16 ) (944 -752 352 ) (944 -688 352 ) (944 -688 16 ) 
4 275 314 (944 -848 560 ) (944 -784 560 ) (944 -784 368 ) (944 -848 368 ) 
4 276 314 (944 -928 368 ) (944 -928 560 ) (944 -864 560 ) (944 -864 368 ) 
4 277 314 (944 -848 352 ) (944 -784 352 ) (944 -784 16 ) (944 -848 16 ) 
4 278 314 (944 -928 16 ) (944 -928 352 ) (944 -864 352 ) (944 -864 16 ) 
4 279 367 (0 0 2048 ) (0 0 704 ) (0 -944 704 ) (0 -944 2048 ) 
4 279 327 (0 -944 2048 ) (0 -944 704 ) (944 -944 704 ) (944 -944 2048 ) 
10 279 283 (0 0 704 ) (222 0 704 ) (218 -43 704 ) (204.994873 -85.016785 704 ) (185.008392 -122.991287 704 ) (157 -157 704 ) (122.991501 -185.008209 704 ) (85.017136 -204.994720 704 ) (43 -218 704 ) (0 -222 704 ) 
4 279 282 (165.441818 -608 704 ) (134.185974 -944 704 ) (0 -944 704 ) (0 -608 704 ) 
4 279 281 (608 -608 704 ) (608 -944 704 ) (134.185974 -944 704 ) (165.441818 -608 704 ) 
4 279 280 (608 0 704 ) (944 0 704 ) (944 -944 704 ) (608 -944 704 ) 
4 280 327 (608 -944 672 ) (944 -944 672 ) (944 -944 704 ) (608 -944 704 ) 
4 280 286 (944 0 672 ) (944 -944 672 ) (608 -944 672 ) (608 0 672 ) 
4 280 281 (608 -608 672 ) (608 -944 672 ) (608 -944 704 ) (608 -608 704 ) 
4 281 327 (134.185959 -944 672 ) (608 -944 672 ) (608 -944 704 ) (134.185974 -944 704 ) 
4 281 293 (576 -944 672 ) (134.185974 -944 672 ) (165.441818 -608 672 ) (576 -608 672 ) 
4 281 289 (608 -944 672 ) (576 -944 672 ) (576 -608 672 ) (608 -608 672 ) 
4 281 282 (165.441742 -608 672 ) (134.185913 -944 672 ) (134.186035 -944 704 ) (165.441879 -608 704 ) 
4 282 370 (0 -608 672 ) (0 -944 672 ) (0 -944 704 ) (0 -608 704 ) 
4 282 327 (0 -944 704 ) (0 -944 672 ) (134.185959 -944 672 ) (134.185974 -944 704 ) 
4 282 293 (134.185974 -944 672 ) (0 -944 672 ) (0 -608 672 ) (165.441818 -608 672 ) 
4 283 371 (0 0 704 ) (0 0 700 ) (0 -222 700 ) (0 -222 704 ) 
10 283 284 (43 -218 700 ) (0 -222 700 ) (0 0 700 ) (222.002991 0 700 ) (218.004242 -42.986549 700 ) (204.994873 -85.016808 700 ) (185.008423 -122.991241 700 ) (157 -157 700 ) (122.991531 -185.008179 700 ) (85.017136 -204.994705 700 ) 
4 284 372 (0 0 700 ) (0 0 696 ) (0 -222 696 ) (0 -222 700 ) 
10 284 285 (43 -218 696 ) (0 -222 696 ) (0 0 696 ) (222.002991 0 696 ) (218.004227 -42.986576 696 ) (204.994888 -85.016739 696 ) (185.008377 -122.991318 696 ) (157 -157 696 ) (122.991531 -185.008179 696 ) (85.017136 -204.994705 696 ) 
4 285 373 (0 0 696 ) (0 0 672 ) (0 -222 672 ) (0 -222 696 ) 
10 285 290 (0 -222 672 ) (0 0 672 ) (222 0 672 ) (218 -43 672 ) (204.994873 -85.016785 672 ) (185.008392 -122.991287 672 ) (157 -157 672 ) (122.991524 -185.008194 672 ) (85.017143 -204.994705 672 ) (43 -218 672 ) 
4 286 327 (608 -944 608 ) (944 -944 608 ) (944 -944 672 ) (608 -944 672 ) 
4 286 294 (608 0 608 ) (944 0 608 ) (944 -944 608 ) (608 -944 608 ) 
4 286 289 (608 -608 608 ) (608 -944 608 ) (608 -944 672 ) (608 -608 672 ) 
4 286 288 (608 -240 608 ) (608 -576 608 ) (608 -576 672 ) (608 -240 672 ) 
4 286 287 (608 0 608 ) (608 -168 608 ) (608 -168 672 ) (608 0 672 ) 
4 287 290 (576 0 608 ) (576 -168 608 ) (576 -168 672 ) (576 0 672 ) 
4 288 290 (576 -240 608 ) (576 -576 608 ) (576 -576 672 ) (576 -240 672 ) 
4 289 327 (576 -944 608 ) (608 -944 608 ) (608 -944 672 ) (576 -944 672 ) 
4 289 295 (608 -608 608 ) (608 -944 608 ) (576 -944 608 ) (576 -608 608 ) 
4 289 293 (576 -608 608 ) (576 -944 608 ) (576 -944 672 ) (576 -608 672 ) 
4 290 374 (0 0 672 ) (0 0 608 ) (0 -576 608 ) (0 -576 672 ) 
4 290 296 (0 0 608 ) (576 0 608 ) (576 -576 608 ) (0 -576 608 ) 
4 290 291 (240 -576 608 ) (576 -576 608 ) (576 -576 672 ) (240 -576 672 ) 
4 290 292 (0 -576 608 ) (168 -576 608 ) (168 -576 672 ) (0 -576 672 ) 
4 291 293 (240 -608 608 ) (576 -608 608 ) (576 -608 672 ) (240 -608 672 ) 
4 292 378 (0 -576 608 ) (0 -608 608 ) (0 -608 672 ) (0 -576 672 ) 
4 292 293 (0 -608 608 ) (168 -608 608 ) (168 -608 672 ) (0 -608 672 ) 
4 293 381 (0 -608 608 ) (0 -944 608 ) (0 -944 672 ) (0 -608 672 ) 
4 293 327 (0 -944 672 ) (0 -944 608 ) (576 -944 608 ) (576 -944 672 ) 
4 293 297 (576 -608 608 ) (576 -944 608 ) (0 -944 608 ) (0 -608 608 ) 
4 294 327 (608 -944 576 ) (944 -944 576 ) (944 -944 608 ) (608 -944 608 ) 
4 294 295 (608 -608 576 ) (608 -944 576 ) (608 -944 608 ) (608 -608 608 ) 
4 295 327 (576 -944 576 ) (608 -944 576 ) (608 -944 608 ) (576 -944 608 ) 
4 295 297 (576 -608 576 ) (576 -944 576 ) (576 -944 608 ) (576 -608 608 ) 
4 296 382 (0 0 608 ) (0 0 576 ) (0 -576 576 ) (0 -576 608 ) 
4 296 312 (0 0 576 ) (576 0 576 ) (576 -576 576 ) (0 -576 576 ) 
4 297 383 (0 -608 576 ) (0 -944 576 ) (0 -944 608 ) (0 -608 608 ) 
4 297 327 (0 -944 608 ) (0 -944 576 ) (576 -944 576 ) (576 -944 608 ) 
4 298 309 (592 -432 560 ) (592 -272 560 ) (592 -272 320 ) (592 -432 320 ) 
4 298 308 (592 -240 560 ) (592 -80 560 ) (592 -80 320 ) (592 -240 320 ) 
4 298 307 (592 -48 560 ) (592 0 560 ) (592 0 320 ) (592 -48 320 ) 
4 299 301 (944 -32 128 ) (768 -32 128 ) (768 0 128 ) (944 0 128 ) 
4 300 305 (752 -32 272 ) (592 -32 272 ) (592 -32 128 ) (752 -32 128 ) 
4 300 303 (752 -32 128 ) (592 -32 128 ) (592 0 128 ) (752 0 128 ) 
4 301 302 (768 0 0 ) (768 -16 0 ) (768 -16 128 ) (768 0 128 ) 
4 302 303 (752 0 0 ) (752 -16 0 ) (752 -16 128 ) (752 0 128 ) 
4 303 305 (752 -32 128 ) (592 -32 128 ) (592 -32 0 ) (752 -32 0 ) 
4 304 320 (816 -176 0 ) (816 -64 0 ) (928 -64 0 ) (928 -176 0 ) 
4 304 306 (752 -560 128 ) (752 -560 0 ) (872 -560 0 ) (872 -560 128 ) 
4 304 305 (752 -48 0 ) (752 -560 0 ) (752 -560 272 ) (752 -48 272 ) 
4 305 311 (592 -432 16 ) (592 -432 272 ) (592 -272 272 ) (592 -272 16 ) 
4 305 310 (592 -240 16 ) (592 -240 272 ) (592 -80 272 ) (592 -80 16 ) 
4 305 306 (664 -560 128 ) (664 -560 0 ) (752 -560 0 ) (752 -560 128 ) 
4 306 315 (664 -576 0 ) (872 -576 0 ) (872 -576 128 ) (664 -576 128 ) 
4 307 312 (576 -48 560 ) (576 0 560 ) (576 0 320 ) (576 -48 320 ) 
4 308 312 (576 -240 560 ) (576 -80 560 ) (576 -80 320 ) (576 -240 320 ) 
4 309 312 (576 -432 560 ) (576 -272 560 ) (576 -272 320 ) (576 -432 320 ) 
4 310 312 (576 -240 16 ) (576 -240 272 ) (576 -80 272 ) (576 -80 16 ) 
4 311 312 (576 -432 16 ) (576 -432 272 ) (576 -272 272 ) (576 -272 16 ) 
4 312 386 (0 0 576 ) (0 0 0 ) (0 -576 0 ) (0 -576 576 ) 
4 312 325 (576 -256 0 ) (576 -576 0 ) (448 -576 0 ) (448 -256 0 ) 
4 312 326 (0 -576 0 ) (0 0 0 ) (448 0 0 ) (448 -576 0 ) 
4 312 315 (0 -576 0 ) (576 -576 0 ) (576 -576 568 ) (0 -576 568 ) 
4 313 315 (928 -608 0 ) (928 -752 0 ) (928 -752 568 ) (928 -608 568 ) 
4 314 315 (928 -784 0 ) (928 -928 0 ) (928 -928 568 ) (928 -784 568 ) 
4 315 387 (0 -576 0 ) (0 -928 0 ) (0 -928 568 ) (0 -576 568 ) 
4 315 319 (0 -928 0 ) (368 -928 0 ) (368 -928 568 ) (0 -928 568 ) 
4 315 318 (400 -928 0 ) (544 -928 0 ) (544 -928 568 ) (400 -928 568 ) 
4 315 317 (608 -928 0 ) (752 -928 0 ) (752 -928 568 ) (608 -928 568 ) 
4 315 316 (784 -928 0 ) (928 -928 0 ) (928 -928 568 ) (784 -928 568 ) 
4 316 349 (848 -944 352 ) (784 -944 352 ) (784 -944 16 ) (848 -944 16 ) 
4 316 348 (928 -944 16 ) (928 -944 352 ) (864 -944 352 ) (864 -944 16 ) 
4 316 332 (848 -944 560 ) (784 -944 560 ) (784 -944 368 ) (848 -944 368 ) 
4 316 331 (928 -944 368 ) (928 -944 560 ) (864 -944 560 ) (864 -944 368 ) 
4 317 351 (672 -944 352 ) (608 -944 352 ) (608 -944 16 ) (672 -944 16 ) 
4 317 350 (752 -944 16 ) (752 -944 352 ) (688 -944 352 ) (688 -944 16 ) 
4 317 334 (672 -944 560 ) (608 -944 560 ) (608 -944 368 ) (672 -944 368 ) 
4 317 333 (752 -944 368 ) (752 -944 560 ) (688 -944 560 ) (688 -944 368 ) 
4 318 353 (464 -944 352 ) (400 -944 352 ) (400 -944 16 ) (464 -944 16 ) 
4 318 352 (544 -944 16 ) (544 -944 352 ) (480 -944 352 ) (480 -944 16 ) 
4 318 336 (464 -944 560 ) (400 -944 560 ) (400 -944 368 ) (464 -944 368 ) 
4 318 335 (544 -944 368 ) (544 -944 560 ) (480 -944 560 ) (480 -944 368 ) 
4 319 411 (0 -928 0 ) (0 -944 0 ) (0 -944 568 ) (0 -928 568 ) 
4 319 363 (0 -944 16 ) (0 -944 0 ) (192 -944 0 ) (192 -944 16 ) 
4 319 361 (0 -944 352 ) (0 -944 16 ) (192 -944 16 ) (192 -944 352 ) 
4 319 360 (224 -944 16 ) (288 -944 16 ) (288 -944 352 ) (224 -944 352 ) 
4 319 359 (304 -944 16 ) (312 -944 16 ) (312 -944 352 ) (304 -944 352 ) 
4 319 355 (312 -944 16 ) (360 -944 16 ) (360 -944 352 ) (312 -944 352 ) 
4 319 354 (360 -944 16 ) (368 -944 16 ) (368 -944 352 ) (360 -944 352 ) 
4 319 346 (0 -944 368 ) (0 -944 352 ) (192 -944 352 ) (192 -944 368 ) 
4 319 344 (0 -944 560 ) (0 -944 368 ) (192 -944 368 ) (192 -944 560 ) 
4 319 343 (224 -944 368 ) (288 -944 368 ) (288 -944 560 ) (224 -944 560 ) 
4 319 342 (304 -944 368 ) (312 -944 368 ) (312 -944 560 ) (304 -944 560 ) 
4 319 338 (312 -944 368 ) (360 -944 368 ) (360 -944 560 ) (312 -944 560 ) 
4 319 337 (360 -944 368 ) (368 -944 368 ) (368 -944 560 ) (360 -944 560 ) 
4 319 329 (0 -944 568 ) (0 -944 560 ) (192 -944 560 ) (192 -944 568 ) 
4 320 321 (816 -176 -16 ) (816 -64 -16 ) (928 -64 -16 ) (928 -176 -16 ) 
4 322 323 (592 -104 -192 ) (592 -184 -192 ) (592 -184 -64 ) (592 -104 -64 ) 
4 323 324 (576 -104 -192 ) (576 -184 -192 ) (576 -184 -64 ) (576 -104 -64 ) 
4 324 325 (448 -256 -16 ) (448 -256 -192 ) (576 -256 -192 ) (576 -256 -16 ) 
4 324 326 (448 0 -192 ) (448 -256 -192 ) (448 -256 -16 ) (448 0 -16 ) 
4 325 326 (448 -256 -192 ) (448 -576 -192 ) (448 -576 0 ) (448 -256 0 ) 
4 326 477 (0 -272 -192 ) (0 -576 -192 ) (0 -576 0 ) (0 -272 0 ) 
4 326 475 (0 -256 -192 ) (0 -272 -192 ) (0 -272 0 ) (0 -256 0 ) 
4 326 467 (0 0 0 ) (0 0 -192 ) (0 -256 -192 ) (0 -256 0 ) 
4 327 437 (0 -960 576 ) (0 -960 2048 ) (0 -944 2048 ) (0 -944 576 ) 
4 327 364 (0 -960 2048 ) (0 -960 576 ) (1024 -960 576 ) (1024 -960 2048 ) 
4 327 328 (1024 -960 576 ) (960 -960 576 ) (960 -944 576 ) (1024 -944 576 ) 
4 328 365 (960 -960 560 ) (1024 -960 560 ) (1024 -960 576 ) (960 -960 576 ) 
4 328 330 (1024 -960 560 ) (960 -960 560 ) (960 -944 560 ) (1024 -944 560 ) 
4 329 438 (0 -960 560 ) (0 -960 568 ) (0 -944 568 ) (0 -944 560 ) 
4 329 366 (0 -960 568 ) (0 -960 560 ) (192 -960 560 ) (192 -960 568 ) 
4 329 344 (192 -960 560 ) (0 -960 560 ) (0 -944 560 ) (192 -944 560 ) 
4 330 365 (960 -960 368 ) (1024 -960 368 ) (1024 -960 560 ) (960 -960 560 ) 
4 330 345 (1024 -960 368 ) (960 -960 368 ) (960 -944 368 ) (1024 -944 368 ) 
4 331 365 (864 -960 368 ) (928 -960 368 ) (928 -960 560 ) (864 -960 560 ) 
4 332 365 (784 -960 368 ) (848 -960 368 ) (848 -960 560 ) (784 -960 560 ) 
4 333 365 (688 -960 368 ) (752 -960 368 ) (752 -960 560 ) (688 -960 560 ) 
4 334 365 (608 -960 368 ) (672 -960 368 ) (672 -960 560 ) (608 -960 560 ) 
4 335 365 (480 -960 368 ) (544 -960 368 ) (544 -960 560 ) (480 -960 560 ) 
4 336 365 (400 -960 368 ) (464 -960 368 ) (464 -960 560 ) (400 -960 560 ) 
4 337 338 (360 -944 368 ) (360 -952 368 ) (360 -952 560 ) (360 -944 560 ) 
4 338 342 (312 -944 368 ) (312 -952 368 ) (312 -952 560 ) (312 -944 560 ) 
4 338 339 (312 -952 552 ) (312 -952 376 ) (360 -952 376 ) (360 -952 552 ) 
4 339 340 (312 -954 376 ) (360 -954 376 ) (360 -954 552 ) (312 -954 552 ) 
4 340 341 (312 -958 376 ) (360 -958 376 ) (360 -958 552 ) (312 -958 552 ) 
4 341 365 (360 -960 376 ) (360 -960 552 ) (312 -960 552 ) (312 -960 376 ) 
4 343 365 (224 -960 368 ) (288 -960 368 ) (288 -960 560 ) (224 -960 560 ) 
4 344 440 (0 -960 368 ) (0 -960 560 ) (0 -944 560 ) (0 -944 368 ) 
4 344 366 (0 -960 560 ) (0 -960 368 ) (192 -960 368 ) (192 -960 560 ) 
4 344 346 (192 -960 368 ) (0 -960 368 ) (0 -944 368 ) (192 -944 368 ) 
4 345 365 (960 -960 352 ) (1024 -960 352 ) (1024 -960 368 ) (960 -960 368 ) 
4 345 347 (1024 -960 352 ) (960 -960 352 ) (960 -944 352 ) (1024 -944 352 ) 
4 346 450 (0 -960 352 ) (0 -960 368 ) (0 -944 368 ) (0 -944 352 ) 
4 346 366 (0 -960 368 ) (0 -960 352 ) (192 -960 352 ) (192 -960 368 ) 
4 346 361 (192 -960 352 ) (0 -960 352 ) (0 -944 352 ) (192 -944 352 ) 
4 347 365 (960 -960 16 ) (1024 -960 16 ) (1024 -960 352 ) (960 -960 352 ) 
4 347 362 (1024 -960 16 ) (960 -960 16 ) (960 -944 16 ) (1024 -944 16 ) 
4 348 365 (864 -960 16 ) (928 -960 16 ) (928 -960 352 ) (864 -960 352 ) 
4 349 365 (784 -960 16 ) (848 -960 16 ) (848 -960 352 ) (784 -960 352 ) 
4 350 365 (688 -960 16 ) (752 -960 16 ) (752 -960 352 ) (688 -960 352 ) 
4 351 365 (608 -960 16 ) (672 -960 16 ) (672 -960 352 ) (608 -960 352 ) 
4 352 365 (480 -960 16 ) (544 -960 16 ) (544 -960 352 ) (480 -960 352 ) 
4 353 365 (400 -960 16 ) (464 -960 16 ) (464 -960 352 ) (400 -960 352 ) 
4 354 355 (360 -944 16 ) (360 -952 16 ) (360 -952 352 ) (360 -944 352 ) 
4 355 359 (312 -944 16 ) (312 -952 16 ) (312 -952 352 ) (312 -944 352 ) 
4 355 356 (312 -952 344 ) (312 -952 24 ) (360 -952 24 ) (360 -952 344 ) 
4 356 357 (312 -954 24 ) (360 -954 24 ) (360 -954 344 ) (312 -954 344 ) 
4 357 358 (312 -958 24 ) (360 -958 24 ) (360 -958 344 ) (312 -958 344 ) 
4 358 365 (360 -960 24 ) (360 -960 344 ) (312 -960 344 ) (312 -960 24 ) 
4 360 365 (224 -960 16 ) (288 -960 16 ) (288 -960 352 ) (224 -960 352 ) 
4 361 452 (0 -960 16 ) (0 -960 352 ) (0 -944 352 ) (0 -944 16 ) 
4 361 366 (0 -960 352 ) (0 -960 16 ) (192 -960 16 ) (192 -960 352 ) 
4 361 363 (192 -960 16 ) (0 -960 16 ) (0 -944 16 ) (192 -944 16 ) 
4 362 365 (960 -960 0 ) (1024 -960 0 ) (1024 -960 16 ) (960 -960 16 ) 
4 363 462 (0 -960 0 ) (0 -960 16 ) (0 -944 16 ) (0 -944 0 ) 
4 363 366 (0 -960 16 ) (0 -960 0 ) (192 -960 0 ) (192 -960 16 ) 
4 364 500 (1024 -1024 576 ) (1024 -1024 2048 ) (0 -1024 2048 ) (0 -1024 576 ) 
4 364 464 (0 -1024 576 ) (0 -1024 2048 ) (0 -960 2048 ) (0 -960 576 ) 
4 364 365 (224 -960 576 ) (1024 -960 576 ) (1024 -1024 576 ) (224 -1024 576 ) 
4 365 501 (1024 -1024 0 ) (1024 -1024 576 ) (224 -1024 576 ) (224 -1024 0 ) 
4 366 502 (0 -1024 568 ) (0 -1024 0 ) (192 -1024 0 ) (192 -1024 568 ) 
4 366 465 (0 -1024 0 ) (0 -1024 568 ) (0 -960 568 ) (0 -960 0 ) 
4 367 437 (0 -944 704 ) (0 -944 2048 ) (-960 -944 2048 ) (-960 -944 704 ) 
4 367 428 (-960 -944 704 ) (-960 -944 2048 ) (-960 0 2048 ) (-960 0 704 ) 
10 367 371 (-218 -43 704 ) (-222 0 704 ) (0 0 704 ) (0 -222 704 ) (-43 -218 704 ) (-85.017426 -204.994614 704 ) (-122.991394 -185.008301 704 ) (-157 -157 704 ) (-185.008224 -122.991508 704 ) (-204.994675 -85.017242 704 ) 
4 367 370 (0 -944 704 ) (-134.185989 -944 704 ) (-165.441849 -608 704 ) (0 -608 704 ) 
4 367 368 (-134.185989 -944 704 ) (-608 -944 704 ) (-608 -608 704 ) (-165.441833 -608 704 ) 
4 367 369 (-608 -944 704 ) (-960 -944 704 ) (-960 0 704 ) (-608 0 704 ) 
4 368 437 (-134.185989 -944 704 ) (-608 -944 704 ) (-608 -944 672 ) (-134.185974 -944 672 ) 
4 368 381 (-134.185989 -944 672 ) (-608 -944 672 ) (-608 -608 672 ) (-165.441833 -608 672 ) 
4 368 370 (-134.186035 -944 672 ) (-165.441879 -608 672 ) (-165.441803 -608 704 ) (-134.185974 -944 704 ) 
4 368 369 (-608 -608 672 ) (-608 -944 672 ) (-608 -944 704 ) (-608 -608 704 ) 
4 369 437 (-608 -944 704 ) (-960 -944 704 ) (-960 -944 672 ) (-608 -944 672 ) 
4 369 428 (-960 -944 672 ) (-960 -944 704 ) (-960 0 704 ) (-960 0 672 ) 
4 369 380 (-960 -608 672 ) (-960 -576 672 ) (-608 -576 672 ) (-608 -608 672 ) 
4 369 381 (-608 -944 672 ) (-960 -944 672 ) (-960 -608 672 ) (-608 -608 672 ) 
4 369 377 (-960 -576 672 ) (-960 0 672 ) (-608 0 672 ) (-608 -576 672 ) 
4 370 437 (0 -944 672 ) (0 -944 704 ) (-134.185989 -944 704 ) (-134.185974 -944 672 ) 
4 370 381 (0 -944 672 ) (-134.185989 -944 672 ) (-165.441849 -608 672 ) (0 -608 672 ) 
10 371 372 (0 -222.003418 700 ) (-42.984276 -218.004883 700 ) (-85.017357 -204.994644 700 ) (-122.991417 -185.008286 700 ) (-157 -157 700 ) (-185.008209 -122.991508 700 ) (-204.994690 -85.017212 700 ) (-218 -43.002670 700 ) (-222 0 700 ) (0 0 700 ) 
10 372 373 (0 -222.003418 696 ) (-42.984272 -218.004883 696 ) (-85.017334 -204.994644 696 ) (-122.991447 -185.008255 696 ) (-157 -157 696 ) (-185.008224 -122.991501 696 ) (-204.994690 -85.017212 696 ) (-218 -43.002670 696 ) (-222 0 696 ) (0 0 696 ) 
10 373 374 (-218 -43 672 ) (-222 0 672 ) (0 0 672 ) (0 -222 672 ) (-43 -218 672 ) (-85.017387 -204.994629 672 ) (-122.991470 -185.008255 672 ) (-157 -157 672 ) (-185.008179 -122.991547 672 ) (-204.994675 -85.017220 672 ) 
4 374 382 (-576 0 608 ) (0 0 608 ) (0 -576 608 ) (-576 -576 608 ) 
4 374 379 (-576 -576 608 ) (-240 -576 608 ) (-240 -576 672 ) (-576 -576 672 ) 
4 374 378 (-168 -576 608 ) (0 -576 608 ) (0 -576 672 ) (-168 -576 672 ) 
4 374 375 (-576 0 608 ) (-576 -168 608 ) (-576 -168 672 ) (-576 0 672 ) 
4 374 376 (-576 -240 608 ) (-576 -576 608 ) (-576 -576 672 ) (-576 -240 672 ) 
4 375 377 (-608 0 608 ) (-608 -168 608 ) (-608 -168 672 ) (-608 0 672 ) 
4 376 377 (-608 -240 608 ) (-608 -576 608 ) (-608 -576 672 ) (-608 -240 672 ) 
4 377 428 (-960 -576 672 ) (-960 0 672 ) (-960 0 608 ) (-960 -576 608 ) 
4 377 385 (-960 -576 608 ) (-960 0 608 ) (-608 0 608 ) (-608 -576 608 ) 
4 377 380 (-960 -576 608 ) (-608 -576 608 ) (-608 -576 672 ) (-960 -576 672 ) 
4 378 381 (-168 -608 608 ) (0 -608 608 ) (0 -608 672 ) (-168 -608 672 ) 
4 379 381 (-576 -608 608 ) (-240 -608 608 ) (-240 -608 672 ) (-576 -608 672 ) 
4 380 428 (-960 -608 672 ) (-960 -576 672 ) (-960 -576 608 ) (-960 -608 608 ) 
4 380 385 (-960 -608 608 ) (-960 -576 608 ) (-608 -576 608 ) (-608 -608 608 ) 
4 380 381 (-960 -608 608 ) (-608 -608 608 ) (-608 -608 672 ) (-960 -608 672 ) 
4 381 437 (0 -944 608 ) (0 -944 672 ) (-960 -944 672 ) (-960 -944 608 ) 
4 381 428 (-960 -944 608 ) (-960 -944 672 ) (-960 -608 672 ) (-960 -608 608 ) 
4 381 384 (-576 -944 608 ) (-608 -944 608 ) (-608 -608 608 ) (-576 -608 608 ) 
4 381 385 (-608 -944 608 ) (-960 -944 608 ) (-960 -608 608 ) (-608 -608 608 ) 
4 381 383 (0 -944 608 ) (-576 -944 608 ) (-576 -608 608 ) (0 -608 608 ) 
4 382 386 (-576 -576 576 ) (-576 0 576 ) (0 0 576 ) (0 -576 576 ) 
4 383 437 (0 -944 576 ) (0 -944 608 ) (-576 -944 608 ) (-576 -944 576 ) 
4 383 384 (-576 -608 576 ) (-576 -944 576 ) (-576 -944 608 ) (-576 -608 608 ) 
4 384 437 (-576 -944 608 ) (-608 -944 608 ) (-608 -944 576 ) (-576 -944 576 ) 
4 384 385 (-608 -608 576 ) (-608 -944 576 ) (-608 -944 608 ) (-608 -608 608 ) 
4 385 437 (-608 -944 608 ) (-960 -944 608 ) (-960 -944 576 ) (-608 -944 576 ) 
4 385 428 (-960 -944 576 ) (-960 -944 608 ) (-960 0 608 ) (-960 0 576 ) 
4 386 477 (0 -272 0 ) (0 -576 0 ) (-256 -576 0 ) (-256 -272 0 ) 
4 386 475 (0 -256 0 ) (0 -272 0 ) (-256 -272 0 ) (-256 -256 0 ) 
4 386 467 (0 0 0 ) (0 -256 0 ) (-448 -256 0 ) (-448 0 0 ) 
4 386 391 (-576 -136 0 ) (-576 -232 0 ) (-576 -232 128 ) (-576 -136 128 ) 
4 386 389 (-576 -304 560 ) (-576 -144 560 ) (-576 -144 320 ) (-576 -304 320 ) 
4 386 388 (-576 -112 560 ) (-576 0 560 ) (-576 0 320 ) (-576 -112 320 ) 
4 386 387 (-576 -576 568 ) (-576 -576 0 ) (0 -576 0 ) (0 -576 568 ) 
4 387 412 (-544 -928 0 ) (-400 -928 0 ) (-400 -928 568 ) (-544 -928 568 ) 
4 387 411 (-368 -928 0 ) (0 -928 0 ) (0 -928 568 ) (-368 -928 568 ) 
4 387 407 (-576 -576 0 ) (-576 -928 0 ) (-576 -928 568 ) (-576 -576 568 ) 
4 388 390 (-592 -112 320 ) (-592 -112 560 ) (-592 0 560 ) (-592 0 320 ) 
4 389 390 (-592 -304 320 ) (-592 -304 560 ) (-592 -144 560 ) (-592 -144 320 ) 
4 390 418 (-944 -368 512 ) (-944 -368 304 ) (-944 -528 304 ) (-944 -528 512 ) 
4 390 417 (-944 -304 560 ) (-944 -144 560 ) (-944 -144 320 ) (-944 -304 320 ) 
4 390 416 (-944 -112 560 ) (-944 0 560 ) (-944 0 320 ) (-944 -112 320 ) 
4 391 402 (-592 -136 0 ) (-592 -232 0 ) (-592 -232 128 ) (-592 -136 128 ) 
4 392 394 (-592 -96 128 ) (-752 -96 128 ) (-752 0 128 ) (-592 0 128 ) 
4 393 397 (-768 -96 272 ) (-944 -96 272 ) (-944 -96 128 ) (-768 -96 128 ) 
4 393 396 (-768 -96 128 ) (-944 -96 128 ) (-944 0 128 ) (-768 0 128 ) 
4 394 395 (-752 0 0 ) (-752 -80 0 ) (-752 -80 128 ) (-752 0 128 ) 
4 395 396 (-768 0 0 ) (-768 -80 0 ) (-768 -80 128 ) (-768 0 128 ) 
4 396 419 (-944 0 0 ) (-944 -96 0 ) (-944 -96 128 ) (-944 0 128 ) 
4 396 397 (-768 -96 128 ) (-944 -96 128 ) (-944 -96 0 ) (-768 -96 0 ) 
4 397 419 (-944 -96 0 ) (-944 -112 0 ) (-944 -112 128 ) (-944 -96 128 ) 
4 397 403 (-850 -112 0 ) (-846 -112 0 ) (-846 -112 269 ) (-850 -112 269 ) 
4 397 402 (-846 -112 0 ) (-768 -112 0 ) (-768 -112 269 ) (-846 -112 269 ) 
4 397 406 (-944 -112 269 ) (-944 -112 0 ) (-850 -112 0 ) (-850 -112 269 ) 
4 397 399 (-844 -112 272 ) (-852 -112 272 ) (-852 -112 269 ) (-844 -112 269 ) 
4 397 398 (-768 -112 272 ) (-844 -112 272 ) (-844 -112 269 ) (-768 -112 269 ) 
4 397 401 (-852 -112 272 ) (-944 -112 272 ) (-944 -112 269 ) (-852 -112 269 ) 
4 398 402 (-844 -112 269 ) (-592 -112 269 ) (-592 -256 269 ) (-844 -256 269 ) 
4 398 399 (-844 -112 272 ) (-844 -112 269 ) (-844 -148 269 ) (-844 -148 272 ) 
4 398 400 (-844 -156 269 ) (-844 -256 269 ) (-844 -256 272 ) (-844 -156 272 ) 
4 399 403 (-850 -112 269 ) (-846 -112 269 ) (-846 -148 269 ) (-850 -148 269 ) 
4 399 402 (-846 -112 269 ) (-844 -112 269 ) (-844 -148 269 ) (-846 -148 269 ) 
4 399 406 (-852 -112 269 ) (-850 -112 269 ) (-850 -148 269 ) (-852 -148 269 ) 
4 399 401 (-852 -112 272 ) (-852 -112 269 ) (-852 -148 269 ) (-852 -148 272 ) 
4 400 405 (-846 -256 269 ) (-850 -256 269 ) (-850 -156 269 ) (-846 -156 269 ) 
4 400 402 (-844 -156 269 ) (-844 -256 269 ) (-846 -256 269 ) (-846 -156 269 ) 
4 400 406 (-850 -256 269 ) (-852 -256 269 ) (-852 -156 269 ) (-850 -156 269 ) 
4 400 401 (-852 -156 269 ) (-852 -256 269 ) (-852 -256 272 ) (-852 -156 272 ) 
4 401 406 (-944 -112 269 ) (-852 -112 269 ) (-852 -256 269 ) (-944 -256 269 ) 
4 402 404 (-846 -150 264 ) (-846 -150 0 ) (-846 -154 0 ) (-846 -154 264 ) 
4 402 403 (-846 -150 269 ) (-846 -112 269 ) (-846 -112 0 ) (-846 -150 0 ) 
4 402 405 (-846 -256 0 ) (-846 -256 269 ) (-846 -154 269 ) (-846 -154 0 ) 
4 403 404 (-850 -150 264 ) (-850 -150 0 ) (-846 -150 0 ) (-846 -150 264 ) 
4 403 406 (-850 -150 269 ) (-850 -112 269 ) (-850 -112 0 ) (-850 -150 0 ) 
4 404 406 (-850 -150 264 ) (-850 -150 0 ) (-850 -154 0 ) (-850 -154 264 ) 
4 404 405 (-850 -154 264 ) (-850 -154 0 ) (-846 -154 0 ) (-846 -154 264 ) 
4 405 406 (-850 -256 0 ) (-850 -256 269 ) (-850 -154 269 ) (-850 -154 0 ) 
4 406 419 (-944 -112 0 ) (-944 -240 0 ) (-944 -240 128 ) (-944 -112 128 ) 
4 407 415 (-928 -928 0 ) (-784 -928 0 ) (-784 -928 568 ) (-928 -928 568 ) 
4 407 414 (-784 -928 0 ) (-752 -928 0 ) (-752 -928 16 ) (-784 -928 16 ) 
4 407 413 (-752 -928 0 ) (-608 -928 0 ) (-608 -928 568 ) (-752 -928 568 ) 
4 407 410 (-928 -784 0 ) (-928 -928 0 ) (-928 -928 568 ) (-928 -784 568 ) 
4 407 409 (-928 -752 0 ) (-928 -784 0 ) (-928 -784 16 ) (-928 -752 16 ) 
4 407 408 (-928 -608 0 ) (-928 -752 0 ) (-928 -752 568 ) (-928 -608 568 ) 
4 408 425 (-944 -752 16 ) (-944 -752 352 ) (-944 -688 352 ) (-944 -688 16 ) 
4 408 424 (-944 -672 352 ) (-944 -608 352 ) (-944 -608 16 ) (-944 -672 16 ) 
4 408 421 (-944 -752 368 ) (-944 -752 560 ) (-944 -688 560 ) (-944 -688 368 ) 
4 408 420 (-944 -672 560 ) (-944 -608 560 ) (-944 -608 368 ) (-944 -672 368 ) 
4 408 409 (-944 -752 16 ) (-944 -752 0 ) (-928 -752 0 ) (-928 -752 16 ) 
4 409 410 (-944 -784 16 ) (-944 -784 0 ) (-928 -784 0 ) (-928 -784 16 ) 
4 410 427 (-944 -928 16 ) (-944 -928 352 ) (-944 -864 352 ) (-944 -864 16 ) 
4 410 426 (-944 -848 352 ) (-944 -784 352 ) (-944 -784 16 ) (-944 -848 16 ) 
4 410 423 (-944 -928 368 ) (-944 -928 560 ) (-944 -864 560 ) (-944 -864 368 ) 
4 410 422 (-944 -848 560 ) (-944 -784 560 ) (-944 -784 368 ) (-944 -848 368 ) 
4 411 462 (-192 -944 0 ) (0 -944 0 ) (0 -944 16 ) (-192 -944 16 ) 
4 411 454 (-304 -944 352 ) (-368 -944 352 ) (-368 -944 16 ) (-304 -944 16 ) 
4 411 453 (-224 -944 352 ) (-288 -944 352 ) (-288 -944 16 ) (-224 -944 16 ) 
4 411 452 (0 -944 16 ) (0 -944 352 ) (-192 -944 352 ) (-192 -944 16 ) 
4 411 450 (0 -944 352 ) (0 -944 368 ) (-192 -944 368 ) (-192 -944 352 ) 
4 411 442 (-304 -944 560 ) (-368 -944 560 ) (-368 -944 368 ) (-304 -944 368 ) 
4 411 441 (-224 -944 560 ) (-288 -944 560 ) (-288 -944 368 ) (-224 -944 368 ) 
4 411 440 (0 -944 368 ) (0 -944 560 ) (-192 -944 560 ) (-192 -944 368 ) 
4 411 438 (0 -944 560 ) (0 -944 568 ) (-192 -944 568 ) (-192 -944 560 ) 
4 412 456 (-480 -944 352 ) (-544 -944 352 ) (-544 -944 16 ) (-480 -944 16 ) 
4 412 455 (-400 -944 16 ) (-400 -944 352 ) (-464 -944 352 ) (-464 -944 16 ) 
4 412 444 (-480 -944 560 ) (-544 -944 560 ) (-544 -944 368 ) (-480 -944 368 ) 
4 412 443 (-400 -944 368 ) (-400 -944 560 ) (-464 -944 560 ) (-464 -944 368 ) 
4 413 458 (-688 -944 352 ) (-752 -944 352 ) (-752 -944 16 ) (-688 -944 16 ) 
4 413 457 (-608 -944 16 ) (-608 -944 352 ) (-672 -944 352 ) (-672 -944 16 ) 
4 413 446 (-688 -944 560 ) (-752 -944 560 ) (-752 -944 368 ) (-688 -944 368 ) 
4 413 445 (-608 -944 368 ) (-608 -944 560 ) (-672 -944 560 ) (-672 -944 368 ) 
4 413 414 (-752 -928 16 ) (-752 -928 0 ) (-752 -944 0 ) (-752 -944 16 ) 
4 414 415 (-784 -928 16 ) (-784 -928 0 ) (-784 -944 0 ) (-784 -944 16 ) 
4 415 460 (-864 -944 352 ) (-928 -944 352 ) (-928 -944 16 ) (-864 -944 16 ) 
4 415 459 (-784 -944 16 ) (-784 -944 352 ) (-848 -944 352 ) (-848 -944 16 ) 
4 415 448 (-864 -944 560 ) (-928 -944 560 ) (-928 -944 368 ) (-864 -944 368 ) 
4 415 447 (-784 -944 368 ) (-784 -944 560 ) (-848 -944 560 ) (-848 -944 368 ) 
4 416 429 (-960 -112 560 ) (-960 0 560 ) (-960 0 320 ) (-960 -112 320 ) 
4 417 429 (-960 -304 560 ) (-960 -144 560 ) (-960 -144 320 ) (-960 -304 320 ) 
4 418 430 (-960 -368 512 ) (-960 -368 304 ) (-960 -528 304 ) (-960 -528 512 ) 
4 419 434 (-960 0 0 ) (-960 -240 0 ) (-960 -240 128 ) (-960 0 128 ) 
4 420 431 (-960 -672 560 ) (-960 -608 560 ) (-960 -608 368 ) (-960 -672 368 ) 
4 421 431 (-960 -752 560 ) (-960 -688 560 ) (-960 -688 368 ) (-960 -752 368 ) 
4 422 431 (-960 -848 560 ) (-960 -784 560 ) (-960 -784 368 ) (-960 -848 368 ) 
4 423 431 (-960 -928 560 ) (-960 -864 560 ) (-960 -864 368 ) (-960 -928 368 ) 
4 424 436 (-960 -608 192 ) (-960 -608 16 ) (-960 -672 16 ) (-960 -672 192 ) 
4 424 433 (-960 -608 304 ) (-960 -608 192 ) (-960 -672 192 ) (-960 -672 304 ) 
4 424 431 (-960 -672 352 ) (-960 -608 352 ) (-960 -608 304 ) (-960 -672 304 ) 
4 425 436 (-960 -688 192 ) (-960 -688 16 ) (-960 -752 16 ) (-960 -752 192 ) 
4 425 433 (-960 -688 304 ) (-960 -688 192 ) (-960 -752 192 ) (-960 -752 304 ) 
4 425 431 (-960 -752 352 ) (-960 -688 352 ) (-960 -688 304 ) (-960 -752 304 ) 
4 426 436 (-960 -784 192 ) (-960 -784 16 ) (-960 -848 16 ) (-960 -848 192 ) 
4 426 433 (-960 -784 304 ) (-960 -784 192 ) (-960 -848 192 ) (-960 -848 304 ) 
4 426 431 (-960 -848 352 ) (-960 -784 352 ) (-960 -784 304 ) (-960 -848 304 ) 
4 427 436 (-960 -864 192 ) (-960 -864 16 ) (-960 -928 16 ) (-960 -928 192 ) 
4 427 433 (-960 -864 304 ) (-960 -864 192 ) (-960 -928 192 ) (-960 -928 304 ) 
4 427 431 (-960 -928 352 ) (-960 -864 352 ) (-960 -864 304 ) (-960 -928 304 ) 
4 428 485 (-1024 0 2048 ) (-1024 0 576 ) (-1024 -944 576 ) (-1024 -944 2048 ) 
4 428 437 (-1024 -944 2048 ) (-1024 -944 576 ) (-960 -944 576 ) (-960 -944 2048 ) 
4 428 431 (-960 -576 576 ) (-960 -944 576 ) (-1024 -944 576 ) (-1024 -576 576 ) 
4 428 429 (-960 0 576 ) (-960 -320 576 ) (-1024 -320 576 ) (-1024 0 576 ) 
4 429 486 (-1024 0 576 ) (-1024 0 311.272736 ) (-1024 -320 311.272736 ) (-1024 -320 576 ) 
4 429 432 (-1024 0 311.272736 ) (-960 0 304 ) (-960 -320 304 ) (-1024 -320 311.272736 ) 
4 430 487 (-1024 -336 311.272736 ) (-1024 -560 311.272736 ) (-1024 -560 560 ) (-1024 -336 560 ) 
4 431 488 (-1024 -576 311.272736 ) (-1024 -944 311.272736 ) (-1024 -944 576 ) (-1024 -576 576 ) 
4 431 461 (-1024 -944 352 ) (-1024 -944 311.272736 ) (-960 -944 304 ) (-960 -944 352 ) 
4 431 451 (-1024 -944 368 ) (-1024 -944 352 ) (-960 -944 352 ) (-960 -944 368 ) 
4 431 449 (-1024 -944 560 ) (-1024 -944 368 ) (-960 -944 368 ) (-960 -944 560 ) 
4 431 439 (-1024 -944 576 ) (-1024 -944 560 ) (-960 -944 560 ) (-960 -944 576 ) 
4 431 433 (-960 -576 304 ) (-960 -944 304 ) (-1024 -944 311.272736 ) (-1024 -576 311.272736 ) 
4 432 489 (-1024 0 311.272736 ) (-1024 0 192 ) (-1024 -320 192 ) (-1024 -320 311.272736 ) 
4 432 434 (-1024 0 192 ) (-960 0 192 ) (-960 -320 192 ) (-1024 -320 192 ) 
4 433 490 (-1024 -576 192 ) (-1024 -944 192 ) (-1024 -944 311.272736 ) (-1024 -576 311.272736 ) 
4 433 461 (-1024 -944 311.272736 ) (-1024 -944 192 ) (-960 -944 192 ) (-960 -944 304 ) 
4 433 436 (-960 -576 192 ) (-960 -944 192 ) (-1024 -944 192 ) (-1024 -576 192 ) 
4 434 492 (-1024 0 192 ) (-1024 0 0 ) (-1024 -320 0 ) (-1024 -320 192 ) 
4 435 497 (-1024 -336 0 ) (-1024 -560 0 ) (-1024 -560 192 ) (-1024 -336 192 ) 
4 436 498 (-1024 -576 0 ) (-1024 -944 0 ) (-1024 -944 192 ) (-1024 -576 192 ) 
4 436 463 (-1024 -944 16 ) (-1024 -944 0 ) (-960 -944 0 ) (-960 -944 16 ) 
4 436 461 (-1024 -944 192 ) (-1024 -944 16 ) (-960 -944 16 ) (-960 -944 192 ) 
4 437 485 (-1024 -944 2048 ) (-1024 -944 576 ) (-1024 -960 576 ) (-1024 -960 2048 ) 
4 437 464 (0 -960 576 ) (0 -960 2048 ) (-1024 -960 2048 ) (-1024 -960 576 ) 
4 437 439 (-960 -960 576 ) (-1024 -960 576 ) (-1024 -944 576 ) (-960 -944 576 ) 
4 438 465 (0 -960 560 ) (0 -960 568 ) (-192 -960 568 ) (-192 -960 560 ) 
4 438 440 (0 -960 560 ) (-192 -960 560 ) (-192 -944 560 ) (0 -944 560 ) 
4 439 488 (-1024 -944 576 ) (-1024 -944 560 ) (-1024 -960 560 ) (-1024 -960 576 ) 
4 439 466 (-960 -960 576 ) (-1024 -960 576 ) (-1024 -960 560 ) (-960 -960 560 ) 
4 439 449 (-960 -960 560 ) (-1024 -960 560 ) (-1024 -944 560 ) (-960 -944 560 ) 
4 440 465 (0 -960 368 ) (0 -960 560 ) (-192 -960 560 ) (-192 -960 368 ) 
4 440 450 (0 -960 368 ) (-192 -960 368 ) (-192 -944 368 ) (0 -944 368 ) 
4 441 466 (-224 -960 560 ) (-288 -960 560 ) (-288 -960 368 ) (-224 -960 368 ) 
4 442 466 (-304 -960 560 ) (-368 -960 560 ) (-368 -960 368 ) (-304 -960 368 ) 
4 443 466 (-400 -960 560 ) (-464 -960 560 ) (-464 -960 368 ) (-400 -960 368 ) 
4 444 466 (-480 -960 560 ) (-544 -960 560 ) (-544 -960 368 ) (-480 -960 368 ) 
4 445 466 (-608 -960 560 ) (-672 -960 560 ) (-672 -960 368 ) (-608 -960 368 ) 
4 446 466 (-688 -960 560 ) (-752 -960 560 ) (-752 -960 368 ) (-688 -960 368 ) 
4 447 466 (-784 -960 560 ) (-848 -960 560 ) (-848 -960 368 ) (-784 -960 368 ) 
4 448 466 (-864 -960 560 ) (-928 -960 560 ) (-928 -960 368 ) (-864 -960 368 ) 
4 449 488 (-1024 -944 560 ) (-1024 -944 368 ) (-1024 -960 368 ) (-1024 -960 560 ) 
4 449 466 (-960 -960 560 ) (-1024 -960 560 ) (-1024 -960 368 ) (-960 -960 368 ) 
4 449 451 (-960 -960 368 ) (-1024 -960 368 ) (-1024 -944 368 ) (-960 -944 368 ) 
4 450 465 (0 -960 352 ) (0 -960 368 ) (-192 -960 368 ) (-192 -960 352 ) 
4 450 452 (0 -960 352 ) (-192 -960 352 ) (-192 -944 352 ) (0 -944 352 ) 
4 451 488 (-1024 -944 368 ) (-1024 -944 352 ) (-1024 -960 352 ) (-1024 -960 368 ) 
4 451 466 (-960 -960 368 ) (-1024 -960 368 ) (-1024 -960 352 ) (-960 -960 352 ) 
4 451 461 (-960 -960 352 ) (-1024 -960 352 ) (-1024 -944 352 ) (-960 -944 352 ) 
4 452 465 (0 -960 16 ) (0 -960 352 ) (-192 -960 352 ) (-192 -960 16 ) 
4 452 462 (0 -960 16 ) (-192 -960 16 ) (-192 -944 16 ) (0 -944 16 ) 
4 453 466 (-224 -960 352 ) (-288 -960 352 ) (-288 -960 16 ) (-224 -960 16 ) 
4 454 466 (-304 -960 352 ) (-368 -960 352 ) (-368 -960 16 ) (-304 -960 16 ) 
4 455 466 (-400 -960 352 ) (-464 -960 352 ) (-464 -960 16 ) (-400 -960 16 ) 
4 456 466 (-480 -960 352 ) (-544 -960 352 ) (-544 -960 16 ) (-480 -960 16 ) 
4 457 466 (-608 -960 352 ) (-672 -960 352 ) (-672 -960 16 ) (-608 -960 16 ) 
4 458 466 (-688 -960 352 ) (-752 -960 352 ) (-752 -960 16 ) (-688 -960 16 ) 
4 459 466 (-784 -960 352 ) (-848 -960 352 ) (-848 -960 16 ) (-784 -960 16 ) 
4 460 466 (-864 -960 352 ) (-928 -960 352 ) (-928 -960 16 ) (-864 -960 16 ) 
4 461 498 (-1024 -944 192 ) (-1024 -944 16 ) (-1024 -960 16 ) (-1024 -960 192 ) 
4 461 490 (-1024 -944 311.272705 ) (-1024 -944 192 ) (-1024 -960 192 ) (-1024 -960 311.272705 ) 
4 461 488 (-1024 -944 352 ) (-1024 -944 311.272705 ) (-1024 -960 311.272705 ) (-1024 -960 352 ) 
4 461 466 (-960 -960 352 ) (-1024 -960 352 ) (-1024 -960 16 ) (-960 -960 16 ) 
4 461 463 (-960 -960 16 ) (-1024 -960 16 ) (-1024 -944 16 ) (-960 -944 16 ) 
4 462 465 (-192 -960 0 ) (0 -960 0 ) (0 -960 16 ) (-192 -960 16 ) 
4 463 498 (-1024 -944 16 ) (-1024 -944 0 ) (-1024 -960 0 ) (-1024 -960 16 ) 
4 463 466 (-1024 -960 0 ) (-960 -960 0 ) (-960 -960 16 ) (-1024 -960 16 ) 
4 464 514 (0 -1024 576 ) (0 -1024 2048 ) (-1024 -1024 2048 ) (-1024 -1024 576 ) 
4 464 485 (-1024 -1024 576 ) (-1024 -1024 2048 ) (-1024 -960 2048 ) (-1024 -960 576 ) 
4 464 466 (-224 -1024 576 ) (-1024 -1024 576 ) (-1024 -960 576 ) (-224 -960 576 ) 
4 465 515 (0 -1024 0 ) (0 -1024 568 ) (-192 -1024 568 ) (-192 -1024 0 ) 
4 466 516 (-224 -1024 576 ) (-1024 -1024 576 ) (-1024 -1024 0 ) (-224 -1024 0 ) 
4 466 498 (-1024 -1024 0 ) (-1024 -1024 192 ) (-1024 -960 192 ) (-1024 -960 0 ) 
4 466 490 (-1024 -1024 192 ) (-1024 -1024 311.272736 ) (-1024 -960 311.272736 ) (-1024 -960 192 ) 
4 466 488 (-1024 -1024 311.272736 ) (-1024 -1024 576 ) (-1024 -960 576 ) (-1024 -960 311.272736 ) 
4 467 476 (-448 -256 -192 ) (-336 -256 -192 ) (-336 -256 -80 ) (-448 -256 -80 ) 
4 467 475 (-256 -256 -192 ) (0 -256 -192 ) (0 -256 0 ) (-256 -256 0 ) 
4 467 468 (-448 0 -192 ) (-448 -256 -192 ) (-448 -256 -16 ) (-448 0 -16 ) 
4 468 476 (-496 -256 -192 ) (-448 -256 -192 ) (-448 -256 -80 ) (-496 -256 -80 ) 
4 469 470 (-648 0 -192 ) (-648 -88 -192 ) (-648 -88 -16 ) (-648 0 -16 ) 
4 470 472 (-728 0 -192 ) (-728 -88 -192 ) (-728 -88 -16 ) (-728 0 -16 ) 
4 470 471 (-728 -88 -64 ) (-728 -88 -192 ) (-648 -88 -192 ) (-648 -88 -64 ) 
4 471 474 (-728 -104 -192 ) (-648 -104 -192 ) (-648 -104 -64 ) (-728 -104 -64 ) 
4 473 474 (-944 -104 -192 ) (-800 -104 -192 ) (-800 -104 -16 ) (-944 -104 -16 ) 
4 475 477 (-256 -272 -192 ) (0 -272 -192 ) (0 -272 0 ) (-256 -272 0 ) 
4 476 478 (-496 -272 -192 ) (-336 -272 -192 ) (-336 -272 -80 ) (-496 -272 -80 ) 
4 478 480 (-552 -576 -192 ) (-296 -576 -192 ) (-296 -576 -32 ) (-552 -576 -32 ) 
4 479 480 (-552 -752 -32 ) (-552 -592 -32 ) (-296 -592 -32 ) (-296 -752 -32 ) 
4 480 481 (-552 -768 -192 ) (-296 -768 -192 ) (-296 -768 -32 ) (-552 -768 -32 ) 
4 481 482 (-552 -768 -32 ) (-552 -768 -192 ) (-552 -1024 -192 ) (-552 -1024 -32 ) 
4 482 483 (-568 -768 -32 ) (-568 -768 -192 ) (-568 -1024 -192 ) (-568 -1024 -32 ) 
4 484 495 (-1248 0 192 ) (-1664 0 192 ) (-1664 0 0 ) (-1248 0 0 ) 
4 484 496 (-1664 0 192 ) (-1984 0 192 ) (-1984 0 0 ) (-1664 0 0 ) 
4 484 493 (-1056 0 192 ) (-1248 0 192 ) (-1248 0 0 ) (-1056 0 0 ) 
4 484 492 (-1024 0 0 ) (-1024 0 192 ) (-1056 0 192 ) (-1056 0 0 ) 
4 484 491 (-1664 0 2048 ) (-1984 0 2048 ) (-1984 0 192 ) (-1664 0 192 ) 
4 484 489 (-1024 0 192 ) (-1024 0 311.272736 ) (-1664 0 384 ) (-1664 0 192 ) 
4 484 486 (-1024 0 311.272736 ) (-1024 0 576 ) (-1664 0 576 ) (-1664 0 384 ) 
4 484 485 (-1024 0 576 ) (-1024 0 2048 ) (-1664 0 2048 ) (-1664 0 576 ) 
4 485 528 (-1024 -1024 576 ) (-1024 -1024 2048 ) (-1664 -1024 2048 ) (-1664 -1024 576 ) 
4 485 491 (-1664 0 2048 ) (-1664 0 576 ) (-1664 -1024 576 ) (-1664 -1024 2048 ) 
4 485 488 (-1664 -1024 576 ) (-1664 -576 576 ) (-1024 -576 576 ) (-1024 -1024 576 ) 
4 485 486 (-1664 -320 576 ) (-1664 0 576 ) (-1024 0 576 ) (-1024 -320 576 ) 
4 486 491 (-1664 0 576 ) (-1664 0 384 ) (-1664 -320 384 ) (-1664 -320 576 ) 
4 486 489 (-1664 -320 384 ) (-1664 0 384 ) (-1024 0 311.272980 ) (-1024 -320 311.272980 ) 
4 487 491 (-1664 -336 384 ) (-1664 -560 384 ) (-1664 -560 560 ) (-1664 -336 560 ) 
4 488 528 (-1024 -1024 311.272736 ) (-1024 -1024 576 ) (-1664 -1024 576 ) (-1664 -1024 384 ) 
4 488 491 (-1664 -576 384 ) (-1664 -1024 384 ) (-1664 -1024 576 ) (-1664 -576 576 ) 
4 488 490 (-1664 -1024 384 ) (-1664 -576 384 ) (-1024 -576 311.272980 ) (-1024 -1024 311.272980 ) 
4 489 495 (-1664 0 192 ) (-1248 0 192 ) (-1248 -320 192 ) (-1664 -320 192 ) 
4 489 493 (-1248 0 192 ) (-1056 0 192 ) (-1056 -320 192 ) (-1248 -320 192 ) 
4 489 492 (-1056 0 192 ) (-1024 0 192 ) (-1024 -320 192 ) (-1056 -320 192 ) 
4 489 491 (-1664 0 384 ) (-1664 0 192 ) (-1664 -320 192 ) (-1664 -320 384 ) 
4 490 528 (-1024 -1024 192 ) (-1024 -1024 311.272736 ) (-1664 -1024 384 ) (-1664 -1024 192 ) 
4 490 498 (-1024 -576 192 ) (-1024 -1024 192 ) (-1664 -1024 192 ) (-1664 -576 192 ) 
4 490 491 (-1664 -576 192 ) (-1664 -1024 192 ) (-1664 -1024 384 ) (-1664 -576 384 ) 
4 491 528 (-1984 -1024 2048 ) (-1984 -1024 192 ) (-1664 -1024 192 ) (-1664 -1024 2048 ) 
4 491 499 (-1664 -336 192 ) (-1664 -1024 192 ) (-1984 -1024 192 ) (-1984 -336 192 ) 
4 491 496 (-1984 0 192 ) (-1664 0 192 ) (-1664 -336 192 ) (-1984 -336 192 ) 
4 492 493 (-1056 0 0 ) (-1056 -320 0 ) (-1056 -320 192 ) (-1056 0 192 ) 
4 493 495 (-1248 0 0 ) (-1248 -320 0 ) (-1248 -320 192 ) (-1248 0 192 ) 
4 493 494 (-1248 -320 160 ) (-1248 -320 0 ) (-1056 -320 0 ) (-1056 -320 160 ) 
4 494 497 (-1248 -336 0 ) (-1056 -336 0 ) (-1056 -336 160 ) (-1248 -336 160 ) 
4 495 496 (-1664 0 0 ) (-1664 -320 0 ) (-1664 -320 192 ) (-1664 0 192 ) 
4 496 499 (-1984 -336 0 ) (-1664 -336 0 ) (-1664 -336 192 ) (-1984 -336 192 ) 
4 497 499 (-1664 -336 192 ) (-1664 -336 0 ) (-1664 -560 0 ) (-1664 -560 192 ) 
4 498 528 (-1024 -1024 0 ) (-1024 -1024 192 ) (-1664 -1024 192 ) (-1664 -1024 0 ) 
4 498 499 (-1664 -576 0 ) (-1664 -1024 0 ) (-1664 -1024 192 ) (-1664 -576 192 ) 
4 499 528 (-1664 -1024 192 ) (-1984 -1024 192 ) (-1984 -1024 0 ) (-1664 -1024 0 ) 
4 500 514 (0 -1024 2048 ) (0 -1024 576 ) (0 -1136 576 ) (0 -1136 2048 ) 
4 500 507 (0 -1136 2048 ) (0 -1136 576 ) (160 -1136 576 ) (160 -1136 2048 ) 
4 500 506 (160 -1136 576 ) (224 -1136 576 ) (224 -1136 2048 ) (160 -1136 2048 ) 
4 500 505 (224 -1136 576 ) (1024 -1136 576 ) (1024 -1136 2048 ) (224 -1136 2048 ) 
4 500 503 (1024 -1136 576 ) (224 -1136 576 ) (224 -1120 576 ) (1024 -1120 576 ) 
4 500 501 (224 -1024 576 ) (1024 -1024 576 ) (1024 -1120 576 ) (224 -1120 576 ) 
4 501 503 (224 -1120 0 ) (1024 -1120 0 ) (1024 -1120 576 ) (224 -1120 576 ) 
4 502 515 (0 -1024 568 ) (0 -1024 0 ) (0 -1120 0 ) (0 -1120 568 ) 
4 502 504 (0 -1120 0 ) (160 -1120 0 ) (160 -1120 568 ) (0 -1120 568 ) 
4 503 505 (224 -1136 0 ) (1024 -1136 0 ) (1024 -1136 576 ) (224 -1136 576 ) 
4 504 517 (0 -1120 0 ) (0 -1136 0 ) (0 -1136 568 ) (0 -1120 568 ) 
4 504 512 (0 -1136 16 ) (0 -1136 0 ) (80 -1136 0 ) (80 -1136 16 ) 
4 504 510 (96 -1136 16 ) (160 -1136 16 ) (160 -1136 352 ) (96 -1136 352 ) 
4 504 511 (0 -1136 352 ) (0 -1136 16 ) (80 -1136 16 ) (80 -1136 352 ) 
4 504 508 (96 -1136 368 ) (160 -1136 368 ) (160 -1136 560 ) (96 -1136 560 ) 
4 504 509 (0 -1136 560 ) (0 -1136 368 ) (80 -1136 368 ) (80 -1136 560 ) 
4 505 513 (1024 -1152 0 ) (1024 -1152 2048 ) (224 -1152 2048 ) (224 -1152 0 ) 
4 505 506 (224 -1152 576 ) (224 -1152 2048 ) (224 -1136 2048 ) (224 -1136 576 ) 
4 506 513 (224 -1152 2048 ) (160 -1152 2048 ) (160 -1152 576 ) (224 -1152 576 ) 
4 506 507 (160 -1136 2048 ) (160 -1136 576 ) (160 -1152 576 ) (160 -1152 2048 ) 
4 507 519 (0 -1152 576 ) (0 -1152 2048 ) (0 -1136 2048 ) (0 -1136 576 ) 
4 507 513 (0 -1152 2048 ) (0 -1152 576 ) (160 -1152 576 ) (160 -1152 2048 ) 
4 508 513 (96 -1152 368 ) (160 -1152 368 ) (160 -1152 560 ) (96 -1152 560 ) 
4 509 520 (0 -1152 368 ) (0 -1152 560 ) (0 -1136 560 ) (0 -1136 368 ) 
4 509 513 (0 -1152 560 ) (0 -1152 368 ) (80 -1152 368 ) (80 -1152 560 ) 
4 510 513 (96 -1152 16 ) (160 -1152 16 ) (160 -1152 352 ) (96 -1152 352 ) 
4 511 521 (0 -1152 16 ) (0 -1152 352 ) (0 -1136 352 ) (0 -1136 16 ) 
4 511 513 (0 -1152 352 ) (0 -1152 16 ) (80 -1152 16 ) (80 -1152 352 ) 
4 511 512 (0 -1136 16 ) (80 -1136 16 ) (80 -1152 16 ) (0 -1152 16 ) 
4 512 521 (0 -1152 0 ) (0 -1152 16 ) (0 -1136 16 ) (0 -1136 0 ) 
4 512 513 (0 -1152 16 ) (0 -1152 0 ) (80 -1152 0 ) (80 -1152 16 ) 
4 513 527 (0 -1984 2048 ) (0 -1152 2048 ) (0 -1152 0 ) (0 -1984 0 ) 
4 514 528 (-1024 -1024 2048 ) (-1024 -1024 576 ) (-1024 -1136 576 ) (-1024 -1136 2048 ) 
4 514 525 (-224 -1136 576 ) (-160 -1136 576 ) (-160 -1136 2048 ) (-224 -1136 2048 ) 
4 514 526 (-1024 -1136 2048 ) (-1024 -1136 576 ) (-224 -1136 576 ) (-224 -1136 2048 ) 
4 514 522 (-160 -1136 576 ) (-80 -1136 576 ) (-80 -1136 2048 ) (-160 -1136 2048 ) 
4 514 519 (-80 -1136 576 ) (0 -1136 576 ) (0 -1136 2048 ) (-80 -1136 2048 ) 
4 514 518 (-224 -1136 576 ) (-1024 -1136 576 ) (-1024 -1120 576 ) (-224 -1120 576 ) 
4 514 516 (-1024 -1120 576 ) (-1024 -1024 576 ) (-224 -1024 576 ) (-224 -1120 576 ) 
4 515 517 (-160 -1120 0 ) (0 -1120 0 ) (0 -1120 568 ) (-160 -1120 568 ) 
4 516 528 (-1024 -1024 576 ) (-1024 -1024 0 ) (-1024 -1120 0 ) (-1024 -1120 576 ) 
4 516 518 (-1024 -1120 0 ) (-224 -1120 0 ) (-224 -1120 576 ) (-1024 -1120 576 ) 
4 517 524 (-96 -1136 352 ) (-160 -1136 352 ) (-160 -1136 16 ) (-96 -1136 16 ) 
4 517 523 (-96 -1136 560 ) (-160 -1136 560 ) (-160 -1136 368 ) (-96 -1136 368 ) 
4 517 521 (-80 -1136 0 ) (0 -1136 0 ) (0 -1136 352 ) (-80 -1136 352 ) 
4 517 520 (0 -1136 368 ) (0 -1136 560 ) (-80 -1136 560 ) (-80 -1136 368 ) 
4 518 528 (-1024 -1120 0 ) (-1024 -1136 0 ) (-1024 -1136 576 ) (-1024 -1120 576 ) 
4 518 526 (-1024 -1136 576 ) (-1024 -1136 0 ) (-224 -1136 0 ) (-224 -1136 576 ) 
4 519 527 (0 -1152 576 ) (0 -1152 2048 ) (-80 -1152 2048 ) (-80 -1152 576 ) 
4 519 522 (-80 -1136 2048 ) (-80 -1136 576 ) (-80 -1152 576 ) (-80 -1152 2048 ) 
4 520 527 (0 -1152 368 ) (0 -1152 560 ) (-80 -1152 560 ) (-80 -1152 368 ) 
4 521 527 (0 -1152 0 ) (0 -1152 352 ) (-80 -1152 352 ) (-80 -1152 0 ) 
4 522 527 (-80 -1152 576 ) (-80 -1152 2048 ) (-160 -1152 2048 ) (-160 -1152 576 ) 
4 522 525 (-160 -1136 2048 ) (-160 -1136 576 ) (-160 -1152 576 ) (-160 -1152 2048 ) 
4 523 527 (-96 -1152 560 ) (-160 -1152 560 ) (-160 -1152 368 ) (-96 -1152 368 ) 
4 524 527 (-96 -1152 352 ) (-160 -1152 352 ) (-160 -1152 16 ) (-96 -1152 16 ) 
4 525 527 (-160 -1152 576 ) (-160 -1152 2048 ) (-224 -1152 2048 ) (-224 -1152 576 ) 
4 525 526 (-224 -1152 576 ) (-224 -1152 2048 ) (-224 -1136 2048 ) (-224 -1136 576 ) 
4 526 528 (-1024 -1152 0 ) (-1024 -1152 2048 ) (-1024 -1136 2048 ) (-1024 -1136 0 ) 
4 526 527 (-224 -1152 2048 ) (-1024 -1152 2048 ) (-1024 -1152 0 ) (-224 -1152 0 ) 
4 527 528 (-1024 -1984 2048 ) (-1024 -1152 2048 ) (-1024 -1152 0 ) (-1024 -1984 0 ) 
