


materialPath: C:\Program Files (x86)\Steam\SteamApps\common\Team Fortress 2\tf\materials
Loading E:\mapping\Team Fortress 2\cp_change\building_d.vmf
ConVarRef mat_reduceparticles doesn't point to an existing ConVar
fixing up env_cubemap materials on brush sides...
0...1...2...3...4...5...6...7...8...9...10**** leaked ****
Entity light (-4144.00 -336.00 208.00) leaked!

FindPortalSide: Couldn't find a good match for which brush to assign to a portal near (3072.0 1408.0 -520.0)
Leaf 0 contents: CONTENTS_SOLID 
Leaf 1 contents: 
viscontents (node 0 contents ^ node 1 contents): CONTENTS_SOLID 
This means that none of the brushes in leaf 0 or 1 that touches the portal has CONTENTS_SOLID 
Check for a huge brush enclosing the coordinates above that has contents CONTENTS_SOLID 
Candidate brush IDs: 


FindPortalSide: Couldn't find a good match for which brush to assign to a portal near (3072.0 1408.0 1584.0)
Leaf 0 contents: CONTENTS_SOLID 
Leaf 1 contents: 
viscontents (node 0 contents ^ node 1 contents): CONTENTS_SOLID 
This means that none of the brushes in leaf 0 or 1 that touches the portal has CONTENTS_SOLID 
Check for a huge brush enclosing the coordinates above that has contents CONTENTS_SOLID 
Candidate brush IDs: 


FindPortalSide: Couldn't find a good match for which brush to assign to a portal near (3072.0 1920.0 532.0)
Leaf 0 contents: CONTENTS_SOLID 
Leaf 1 contents: 
viscontents (node 0 contents ^ node 1 contents): CONTENTS_SOLID 
This means that none of the brushes in leaf 0 or 1 that touches the portal has CONTENTS_SOLID 
Check for a huge brush enclosing the coordinates above that has contents CONTENTS_SOLID 
Candidate brush IDs: 


FindPortalSide: Couldn't find a good match for which brush to assign to a portal near (3584.0 2048.0 532.0)
Leaf 0 contents: 
Leaf 1 contents: CONTENTS_SOLID 
viscontents (node 0 contents ^ node 1 contents): CONTENTS_SOLID 
This means that none of the brushes in leaf 0 or 1 that touches the portal has CONTENTS_SOLID 
Check for a huge brush enclosing the coordinates above that has contents CONTENTS_SOLID 
Candidate brush IDs: 


FindPortalSide: Couldn't find a good match for which brush to assign to a portal near (4096.0 1536.0 532.0)
Leaf 0 contents: 
Leaf 1 contents: CONTENTS_SOLID 
viscontents (node 0 contents ^ node 1 contents): CONTENTS_SOLID 
This means that none of the brushes in leaf 0 or 1 that touches the portal has CONTENTS_SOLID 
Check for a huge brush enclosing the coordinates above that has contents CONTENTS_SOLID 
Candidate brush IDs: 


FindPortalSide: Couldn't find a good match for which brush to assign to a portal near (3072.0 480.0 -520.0)
Leaf 0 contents: CONTENTS_SOLID 
Leaf 1 contents: 
viscontents (node 0 contents ^ node 1 contents): CONTENTS_SOLID 
This means that none of the brushes in leaf 0 or 1 that touches the portal has CONTENTS_SOLID 
Check for a huge brush enclosing the coordinates above that has contents CONTENTS_SOLID 
Candidate brush IDs: 


FindPortalSide: Couldn't find a good match for which brush to assign to a portal near (3072.0 992.0 -520.0)
Leaf 0 contents: CONTENTS_SOLID 
Leaf 1 contents: 
viscontents (node 0 contents ^ node 1 contents): CONTENTS_SOLID 
This means that none of the brushes in leaf 0 or 1 that touches the portal has CONTENTS_SOLID 
Check for a huge brush enclosing the coordinates above that has contents CONTENTS_SOLID 
Candidate brush IDs: 


FindPortalSide: Couldn't find a good match for which brush to assign to a portal near (3072.0 512.0 1584.0)
Leaf 0 contents: CONTENTS_SOLID 
Leaf 1 contents: 
viscontents (node 0 contents ^ node 1 contents): CONTENTS_SOLID 
This means that none of the brushes in leaf 0 or 1 that touches the portal has CONTENTS_SOLID 
Check for a huge brush enclosing the coordinates above that has contents CONTENTS_SOLID 
Candidate brush IDs: 

*** Suppressing further FindPortalSide errors.... ***
Processing areas...done (0)
Building Faces...done (0)
Chop Details...done (0)
Find Visible Detail Sides...
Merged 80 detail faces...done (0)
Merging details...done (0)
FixTjuncs...
PruneNodes...
WriteBSP...
done (1)
Creating default LDR cubemaps for env_cubemap using skybox materials:
   skybox/sky_day01_01*.vmt
 ! Run buildcubemaps in the engine to get the correct cube maps.
Creating default HDR cubemaps for env_cubemap using skybox materials:
   skybox/sky_day01_01*.vmt
 ! Run buildcubemaps in the engine to get the correct cube maps.
Finding displacement neighbors...
Finding lightmap sample positions...
Displacement Alpha : 0...1...2...3...4...5...6...7...8...9...10
Building Physics collision data...
done (0) (292204 bytes)
Error! To use model "models/props_gameplay/resupply_locker.mdl"
      with prop_static, it must be compiled with $staticprop!
Error loading studio model "models/props_gameplay/resupply_locker.mdl"!
Placing detail props : 0...1...2...3...4...5...6...7...8...9...10
Compacting texture/material tables...
Reduced 537 texinfos to 353
Reduced 9 texdatas to 8 (205 bytes to 187)
Writing E:\mapping\Team Fortress 2\cp_change\building_d.bsp
1 second elapsed



4 threads
reading e:\mapping\team fortress 2\cp_change\building_d.bsp
reading e:\mapping\team fortress 2\cp_change\building_d.prt
LoadPortals: couldn't read e:\mapping\team fortress 2\cp_change\building_d.prt



[Reading texlights from 'lights.rad']
[34 texlights parsed from 'lights.rad']

Loading e:\mapping\team fortress 2\cp_change\building_d.bsp
No vis information, direct lighting only.
6056 faces
1252354 square feet [180339104.00 square inches]
300 Displacements
355 Square Feet [51126.34 Square Inches]
306 direct lights
0...1...2...3...4...5...6...7...8...9...10Build Patch/Sample Hash Table(s).....Done<0.0494 sec>
0...1...2...3...4...5...6...7...8...9...10FinalLightFace Done
156 of 156 (100% of) surface lights went in leaf ambient cubes.
0...1...2...3...4...5...6...7...8...9...10Writing leaf ambient...done
Ready to Finish

Object names       Objects/Maxobjs  Memory / Maxmem  Fullness 
------------       ---------------  ---------------  -------- 
models                   1/1024           48/49152    ( 0.1%) 
brushes                866/8192        10392/98304    (10.6%) 
brushsides            5433/65536       43464/524288   ( 8.3%) 
planes                1492/65536       29840/1310720  ( 2.3%) 
vertexes              8010/65536       96120/786432   (12.2%) 
nodes                 2057/65536       65824/2097152  ( 3.1%) 
texinfos               353/12288       25416/884736   ( 2.9%) 
texdata                  8/2048          256/65536    ( 0.4%) 
dispinfos              300/0           52800/0        ( 0.0%) 
disp_verts            7500/0          150000/0        ( 0.0%) 
disp_tris             9600/0           19200/0        ( 0.0%) 
disp_lmsamples       13440/0           13440/0        ( 0.0%) 
faces                 6056/65536      339136/3670016  ( 9.2%) 
hdr faces                0/65536           0/3670016  ( 0.0%) 
origfaces             2920/65536      163520/3670016  ( 4.5%) 
leaves                2059/65536       65888/2097152  ( 3.1%) 
leaffaces             6927/65536       13854/131072   (10.6%) 
leafbrushes           1499/65536        2998/131072   ( 2.3%) 
areas                    5/256            40/2048     ( 2.0%) 
surfedges            40605/512000     162420/2048000  ( 7.9%) 
edges                24016/256000      96064/1024000  ( 9.4%) 
LDR worldlights        306/8192        26928/720896   ( 3.7%) 
HDR worldlights          0/8192            0/720896   ( 0.0%) 
leafwaterdata            0/32768           0/393216   ( 0.0%) 
waterstrips            556/32768        5560/327680   ( 1.7%) 
waterverts               0/65536           0/786432   ( 0.0%) 
waterindices          9666/65536       19332/131072   (14.7%) 
cubemapsamples           0/1024            0/16384    ( 0.0%) 
overlays                 0/512             0/180224   ( 0.0%) 
LDR lightdata         [variable]     6030700/0        ( 0.0%) 
HDR lightdata         [variable]           0/0        ( 0.0%) 
visdata               [variable]           0/16777216 ( 0.0%) 
entdata               [variable]       53570/393216   (13.6%) 
LDR ambient table     2059/65536        8236/262144   ( 3.1%) 
HDR ambient table     2059/65536        8236/262144   ( 3.1%) 
LDR leaf ambient      6275/65536      175700/1835008  ( 9.6%) 
HDR leaf ambient      2059/65536       57652/1835008  ( 3.1%) 
occluders                0/0               0/0        ( 0.0%) 
occluder polygons        0/0               0/0        ( 0.0%) 
occluder vert ind        0/0               0/0        ( 0.0%) 
detail props          [variable]           1/12       ( 8.3%) 
static props          [variable]           1/12       ( 8.3%) 
pakfile               [variable]      105671/0        ( 0.0%) 
physics               [variable]      292204/4194304  ( 7.0%) 
physics terrain       [variable]       77866/1048576  ( 7.4%) 

Level flags = 0

Total triangle count: 16792
Writing e:\mapping\team fortress 2\cp_change\building_d.bsp
38 seconds elapsed



materialPath: C:\Program Files (x86)\Steam\SteamApps\common\Team Fortress 2\tf\materials
Loading E:\mapping\Team Fortress 2\cp_change\building_d.vmf
ConVarRef mat_reduceparticles doesn't point to an existing ConVar
fixing up env_cubemap materials on brush sides...
0...1...2...3...4...5...6...7...8...9...10**** leaked ****
Entity light (-4144.00 -336.00 208.00) leaked!

FindPortalSide: Couldn't find a good match for which brush to assign to a portal near (1024.0 128.0 -424.0)
Leaf 0 contents: CONTENTS_SOLID 
Leaf 1 contents: 
viscontents (node 0 contents ^ node 1 contents): CONTENTS_SOLID 
This means that none of the brushes in leaf 0 or 1 that touches the portal has CONTENTS_SOLID 
Check for a huge brush enclosing the coordinates above that has contents CONTENTS_SOLID 
Candidate brush IDs: 


FindPortalSide: Couldn't find a good match for which brush to assign to a portal near (1024.0 128.0 -224.0)
Leaf 0 contents: CONTENTS_SOLID 
Leaf 1 contents: 
viscontents (node 0 contents ^ node 1 contents): CONTENTS_SOLID 
This means that none of the brushes in leaf 0 or 1 that touches the portal has CONTENTS_SOLID 
Check for a huge brush enclosing the coordinates above that has contents CONTENTS_SOLID 
Candidate brush IDs: 


FindPortalSide: Couldn't find a good match for which brush to assign to a portal near (1024.0 128.0 264.0)
Leaf 0 contents: CONTENTS_SOLID 
Leaf 1 contents: 
viscontents (node 0 contents ^ node 1 contents): CONTENTS_SOLID 
This means that none of the brushes in leaf 0 or 1 that touches the portal has CONTENTS_SOLID 
Check for a huge brush enclosing the coordinates above that has contents CONTENTS_SOLID 
Candidate brush IDs: 


FindPortalSide: Couldn't find a good match for which brush to assign to a portal near (1024.0 640.0 64.0)
Leaf 0 contents: CONTENTS_SOLID 
Leaf 1 contents: 
viscontents (node 0 contents ^ node 1 contents): CONTENTS_SOLID 
This means that none of the brushes in leaf 0 or 1 that touches the portal has CONTENTS_SOLID 
Check for a huge brush enclosing the coordinates above that has contents CONTENTS_SOLID 
Candidate brush IDs: 


FindPortalSide: Couldn't find a good match for which brush to assign to a portal near (1536.0 1024.0 64.0)
Leaf 0 contents: 
Leaf 1 contents: CONTENTS_SOLID 
viscontents (node 0 contents ^ node 1 contents): CONTENTS_SOLID 
This means that none of the brushes in leaf 0 or 1 that touches the portal has CONTENTS_SOLID 
Check for a huge brush enclosing the coordinates above that has contents CONTENTS_SOLID 
Candidate brush IDs: 


FindPortalSide: Couldn't find a good match for which brush to assign to a portal near (2048.0 512.0 64.0)
Leaf 0 contents: 
Leaf 1 contents: CONTENTS_SOLID 
viscontents (node 0 contents ^ node 1 contents): CONTENTS_SOLID 
This means that none of the brushes in leaf 0 or 1 that touches the portal has CONTENTS_SOLID 
Check for a huge brush enclosing the coordinates above that has contents CONTENTS_SOLID 
Candidate brush IDs: 


FindPortalSide: Couldn't find a good match for which brush to assign to a portal near (1024.0 -896.0 -424.0)
Leaf 0 contents: CONTENTS_SOLID 
Leaf 1 contents: 
viscontents (node 0 contents ^ node 1 contents): CONTENTS_SOLID 
This means that none of the brushes in leaf 0 or 1 that touches the portal has CONTENTS_SOLID 
Check for a huge brush enclosing the coordinates above that has contents CONTENTS_SOLID 
Candidate brush IDs: 


FindPortalSide: Couldn't find a good match for which brush to assign to a portal near (1024.0 -764.0 -424.0)
Leaf 0 contents: CONTENTS_SOLID 
Leaf 1 contents: 
viscontents (node 0 contents ^ node 1 contents): CONTENTS_SOLID 
This means that none of the brushes in leaf 0 or 1 that touches the portal has CONTENTS_SOLID 
Check for a huge brush enclosing the coordinates above that has contents CONTENTS_SOLID 
Candidate brush IDs: 

*** Suppressing further FindPortalSide errors.... ***
Processing areas...done (0)
Building Faces...done (0)
Chop Details...done (0)
Find Visible Detail Sides...done (0)
Merging details...done (0)
FixTjuncs...
PruneNodes...
WriteBSP...
done (0)
Creating default LDR cubemaps for env_cubemap using skybox materials:
   skybox/sky_day01_01*.vmt
 ! Run buildcubemaps in the engine to get the correct cube maps.
Creating default HDR cubemaps for env_cubemap using skybox materials:
   skybox/sky_day01_01*.vmt
 ! Run buildcubemaps in the engine to get the correct cube maps.
Finding displacement neighbors...
Finding lightmap sample positions...
Displacement Alpha : 0...1...2...3...4...5...6...7...8...9...10
Building Physics collision data...
done (1) (212799 bytes)
Error! To use model "models/props_gameplay/resupply_locker.mdl"
      with prop_static, it must be compiled with $staticprop!
Error loading studio model "models/props_gameplay/resupply_locker.mdl"!
Placing detail props : 0...1...2...3...4...5...6...7...8...9...10
Compacting texture/material tables...
Reduced 411 texinfos to 280
Reduced 5 texdatas to 5 (125 bytes to 125)
Writing E:\mapping\Team Fortress 2\cp_change\building_d.bsp
1 second elapsed



4 threads
reading e:\mapping\team fortress 2\cp_change\building_d.bsp
reading e:\mapping\team fortress 2\cp_change\building_d.prt
LoadPortals: couldn't read e:\mapping\team fortress 2\cp_change\building_d.prt



[Reading texlights from 'lights.rad']
[34 texlights parsed from 'lights.rad']

Loading e:\mapping\team fortress 2\cp_change\building_d.bsp
No vis information, direct lighting only.
4160 faces
334619 square feet [48185204.00 square inches]
340 Displacements
402 Square Feet [57943.16 Square Inches]
373 direct lights
0...1...2...3...4...5...6...7...8...9...10Build Patch/Sample Hash Table(s).....Done<0.0132 sec>
0...1...2...3...4...5...6...7...8...9...10FinalLightFace Done
176 of 176 (100% of) surface lights went in leaf ambient cubes.
0...1...2...3...4...5...6...7...8...9...10Writing leaf ambient...done
Ready to Finish

Object names       Objects/Maxobjs  Memory / Maxmem  Fullness 
------------       ---------------  ---------------  -------- 
models                   1/1024           48/49152    ( 0.1%) 
brushes                599/8192         7188/98304    ( 7.3%) 
brushsides            3780/65536       30240/524288   ( 5.8%) 
planes                1236/65536       24720/1310720  ( 1.9%) 
vertexes              5361/65536       64332/786432   ( 8.2%) 
nodes                 1964/65536       62848/2097152  ( 3.0%) 
texinfos               280/12288       20160/884736   ( 2.3%) 
texdata                  5/2048          160/65536    ( 0.2%) 
dispinfos              340/0           59840/0        ( 0.0%) 
disp_verts            8500/0          170000/0        ( 0.0%) 
disp_tris            10880/0           21760/0        ( 0.0%) 
disp_lmsamples       15232/0           15232/0        ( 0.0%) 
faces                 4160/65536      232960/3670016  ( 6.3%) 
hdr faces                0/65536           0/3670016  ( 0.0%) 
origfaces             2337/65536      130872/3670016  ( 3.6%) 
leaves                1966/65536       62912/2097152  ( 3.0%) 
leaffaces             5075/65536       10150/131072   ( 7.7%) 
leafbrushes           1113/65536        2226/131072   ( 1.7%) 
areas                    2/256            16/2048     ( 0.8%) 
surfedges            28798/512000     115192/2048000  ( 5.6%) 
edges                16046/256000      64184/1024000  ( 6.3%) 
LDR worldlights        373/8192        32824/720896   ( 4.6%) 
HDR worldlights          0/8192            0/720896   ( 0.0%) 
leafwaterdata            0/32768           0/393216   ( 0.0%) 
waterstrips            268/32768        2680/327680   ( 0.8%) 
waterverts               0/65536           0/786432   ( 0.0%) 
waterindices          4461/65536        8922/131072   ( 6.8%) 
cubemapsamples           0/1024            0/16384    ( 0.0%) 
overlays                 0/512             0/180224   ( 0.0%) 
LDR lightdata         [variable]     1859412/0        ( 0.0%) 
HDR lightdata         [variable]           0/0        ( 0.0%) 
visdata               [variable]           0/16777216 ( 0.0%) 
entdata               [variable]       66056/393216   (16.8%) 
LDR ambient table     1966/65536        7864/262144   ( 3.0%) 
HDR ambient table     1966/65536        7864/262144   ( 3.0%) 
LDR leaf ambient      7415/65536      207620/1835008  (11.3%) 
HDR leaf ambient      1966/65536       55048/1835008  ( 3.0%) 
occluders                0/0               0/0        ( 0.0%) 
occluder polygons        0/0               0/0        ( 0.0%) 
occluder vert ind        0/0               0/0        ( 0.0%) 
detail props          [variable]           1/12       ( 8.3%) 
static props          [variable]           1/12       ( 8.3%) 
pakfile               [variable]      105671/0        ( 0.0%) 
physics               [variable]      212799/4194304  ( 5.1%) 
physics terrain       [variable]       88834/1048576  ( 8.5%) 

Level flags = 0

Total triangle count: 11105
Writing e:\mapping\team fortress 2\cp_change\building_d.bsp
24 seconds elapsed



materialPath: C:\Program Files (x86)\Steam\SteamApps\common\Team Fortress 2\tf\materials
Loading E:\mapping\Team Fortress 2\cp_change\building_d.vmf
ConVarRef mat_reduceparticles doesn't point to an existing ConVar
fixing up env_cubemap materials on brush sides...
0...1...2...3...4...5...6...7...8...9...10**** leaked ****
Entity light (-4144.00 -336.00 208.00) leaked!

FindPortalSide: Couldn't find a good match for which brush to assign to a portal near (3072.0 1408.0 -520.0)
Leaf 0 contents: CONTENTS_SOLID 
Leaf 1 contents: 
viscontents (node 0 contents ^ node 1 contents): CONTENTS_SOLID 
This means that none of the brushes in leaf 0 or 1 that touches the portal has CONTENTS_SOLID 
Check for a huge brush enclosing the coordinates above that has contents CONTENTS_SOLID 
Candidate brush IDs: 


FindPortalSide: Couldn't find a good match for which brush to assign to a portal near (3072.0 1408.0 1584.0)
Leaf 0 contents: CONTENTS_SOLID 
Leaf 1 contents: 
viscontents (node 0 contents ^ node 1 contents): CONTENTS_SOLID 
This means that none of the brushes in leaf 0 or 1 that touches the portal has CONTENTS_SOLID 
Check for a huge brush enclosing the coordinates above that has contents CONTENTS_SOLID 
Candidate brush IDs: 


FindPortalSide: Couldn't find a good match for which brush to assign to a portal near (3072.0 1920.0 532.0)
Leaf 0 contents: CONTENTS_SOLID 
Leaf 1 contents: 
viscontents (node 0 contents ^ node 1 contents): CONTENTS_SOLID 
This means that none of the brushes in leaf 0 or 1 that touches the portal has CONTENTS_SOLID 
Check for a huge brush enclosing the coordinates above that has contents CONTENTS_SOLID 
Candidate brush IDs: 


FindPortalSide: Couldn't find a good match for which brush to assign to a portal near (3584.0 2048.0 532.0)
Leaf 0 contents: 
Leaf 1 contents: CONTENTS_SOLID 
viscontents (node 0 contents ^ node 1 contents): CONTENTS_SOLID 
This means that none of the brushes in leaf 0 or 1 that touches the portal has CONTENTS_SOLID 
Check for a huge brush enclosing the coordinates above that has contents CONTENTS_SOLID 
Candidate brush IDs: 


FindPortalSide: Couldn't find a good match for which brush to assign to a portal near (4096.0 1536.0 532.0)
Leaf 0 contents: 
Leaf 1 contents: CONTENTS_SOLID 
viscontents (node 0 contents ^ node 1 contents): CONTENTS_SOLID 
This means that none of the brushes in leaf 0 or 1 that touches the portal has CONTENTS_SOLID 
Check for a huge brush enclosing the coordinates above that has contents CONTENTS_SOLID 
Candidate brush IDs: 


FindPortalSide: Couldn't find a good match for which brush to assign to a portal near (3072.0 480.0 -520.0)
Leaf 0 contents: CONTENTS_SOLID 
Leaf 1 contents: 
viscontents (node 0 contents ^ node 1 contents): CONTENTS_SOLID 
This means that none of the brushes in leaf 0 or 1 that touches the portal has CONTENTS_SOLID 
Check for a huge brush enclosing the coordinates above that has contents CONTENTS_SOLID 
Candidate brush IDs: 


FindPortalSide: Couldn't find a good match for which brush to assign to a portal near (3072.0 992.0 -520.0)
Leaf 0 contents: CONTENTS_SOLID 
Leaf 1 contents: 
viscontents (node 0 contents ^ node 1 contents): CONTENTS_SOLID 
This means that none of the brushes in leaf 0 or 1 that touches the portal has CONTENTS_SOLID 
Check for a huge brush enclosing the coordinates above that has contents CONTENTS_SOLID 
Candidate brush IDs: 


FindPortalSide: Couldn't find a good match for which brush to assign to a portal near (3072.0 512.0 1584.0)
Leaf 0 contents: CONTENTS_SOLID 
Leaf 1 contents: 
viscontents (node 0 contents ^ node 1 contents): CONTENTS_SOLID 
This means that none of the brushes in leaf 0 or 1 that touches the portal has CONTENTS_SOLID 
Check for a huge brush enclosing the coordinates above that has contents CONTENTS_SOLID 
Candidate brush IDs: 

*** Suppressing further FindPortalSide errors.... ***
Processing areas...done (0)
Building Faces...done (0)
Chop Details...done (0)
Find Visible Detail Sides...
Merged 80 detail faces...done (0)
Merging details...done (0)
FixTjuncs...
PruneNodes...
WriteBSP...
done (1)
Creating default LDR cubemaps for env_cubemap using skybox materials:
   skybox/sky_day01_01*.vmt
 ! Run buildcubemaps in the engine to get the correct cube maps.
Creating default HDR cubemaps for env_cubemap using skybox materials:
   skybox/sky_day01_01*.vmt
 ! Run buildcubemaps in the engine to get the correct cube maps.
Finding displacement neighbors...
Finding lightmap sample positions...
Displacement Alpha : 0...1...2...3...4...5...6...7...8...9...10
Building Physics collision data...
done (0) (299260 bytes)
Error! To use model "models/props_gameplay/resupply_locker.mdl"
      with prop_static, it must be compiled with $staticprop!
Error loading studio model "models/props_gameplay/resupply_locker.mdl"!
Placing detail props : 0...1...2...3...4...5...6...7...8...9...10
Compacting texture/material tables...
Reduced 587 texinfos to 392
Reduced 9 texdatas to 8 (205 bytes to 187)
Writing E:\mapping\Team Fortress 2\cp_change\building_d.bsp
1 second elapsed



4 threads
reading e:\mapping\team fortress 2\cp_change\building_d.bsp
reading e:\mapping\team fortress 2\cp_change\building_d.prt
LoadPortals: couldn't read e:\mapping\team fortress 2\cp_change\building_d.prt



[Reading texlights from 'lights.rad']
[34 texlights parsed from 'lights.rad']

Loading e:\mapping\team fortress 2\cp_change\building_d.bsp
No vis information, direct lighting only.
6260 faces
1252929 square feet [180421856.00 square inches]
350 Displacements
414 Square Feet [59647.35 Square Inches]
385 direct lights
0...1...2...3...4...5...6...7...8...9...10Build Patch/Sample Hash Table(s).....Done<0.0624 sec>
0...1...2...3...4...5...6...7...8...9...10FinalLightFace Done
181 of 181 (100% of) surface lights went in leaf ambient cubes.
0...1...2...3...4...5...6...7...8...9...10Writing leaf ambient...done
Ready to Finish

Object names       Objects/Maxobjs  Memory / Maxmem  Fullness 
------------       ---------------  ---------------  -------- 
models                   1/1024           48/49152    ( 0.1%) 
brushes                884/8192        10608/98304    (10.8%) 
brushsides            5541/65536       44328/524288   ( 8.5%) 
planes                1588/65536       31760/1310720  ( 2.4%) 
vertexes              8280/65536       99360/786432   (12.6%) 
nodes                 2175/65536       69600/2097152  ( 3.3%) 
texinfos               392/12288       28224/884736   ( 3.2%) 
texdata                  8/2048          256/65536    ( 0.4%) 
dispinfos              350/0           61600/0        ( 0.0%) 
disp_verts            8750/0          175000/0        ( 0.0%) 
disp_tris            11200/0           22400/0        ( 0.0%) 
disp_lmsamples       15680/0           15680/0        ( 0.0%) 
faces                 6260/65536      350560/3670016  ( 9.6%) 
hdr faces                0/65536           0/3670016  ( 0.0%) 
origfaces             3060/65536      171360/3670016  ( 4.7%) 
leaves                2177/65536       69664/2097152  ( 3.3%) 
leaffaces             7429/65536       14858/131072   (11.3%) 
leafbrushes           1517/65536        3034/131072   ( 2.3%) 
areas                    5/256            40/2048     ( 2.0%) 
surfedges            42125/512000     168500/2048000  ( 8.2%) 
edges                24812/256000      99248/1024000  ( 9.7%) 
LDR worldlights        385/8192        33880/720896   ( 4.7%) 
HDR worldlights          0/8192            0/720896   ( 0.0%) 
leafwaterdata            0/32768           0/393216   ( 0.0%) 
waterstrips            573/32768        5730/327680   ( 1.7%) 
waterverts               0/65536           0/786432   ( 0.0%) 
waterindices          9945/65536       19890/131072   (15.2%) 
cubemapsamples           0/1024            0/16384    ( 0.0%) 
overlays                 0/512             0/180224   ( 0.0%) 
LDR lightdata         [variable]     6041360/0        ( 0.0%) 
HDR lightdata         [variable]           0/0        ( 0.0%) 
visdata               [variable]           0/16777216 ( 0.0%) 
entdata               [variable]       72435/393216   (18.4%) 
LDR ambient table     2177/65536        8708/262144   ( 3.3%) 
HDR ambient table     2177/65536        8708/262144   ( 3.3%) 
LDR leaf ambient      9620/65536      269360/1835008  (14.7%) 
HDR leaf ambient      2177/65536       60956/1835008  ( 3.3%) 
occluders                0/0               0/0        ( 0.0%) 
occluder polygons        0/0               0/0        ( 0.0%) 
occluder vert ind        0/0               0/0        ( 0.0%) 
detail props          [variable]           1/12       ( 8.3%) 
static props          [variable]           1/12       ( 8.3%) 
pakfile               [variable]      105671/0        ( 0.0%) 
physics               [variable]      299260/4194304  ( 7.1%) 
physics terrain       [variable]       91506/1048576  ( 8.7%) 

Level flags = 0

Total triangle count: 17344
Writing e:\mapping\team fortress 2\cp_change\building_d.bsp
43 seconds elapsed



materialPath: C:\Program Files (x86)\Steam\SteamApps\common\Team Fortress 2\tf\materials
Loading E:\mapping\Team Fortress 2\cp_change\building_d.vmf
ConVarRef mat_reduceparticles doesn't point to an existing ConVar
fixing up env_cubemap materials on brush sides...
0...1...2...3...4...5...6...7...8...9...10**** leaked ****
Entity light (-4144.00 -336.00 208.00) leaked!

FindPortalSide: Couldn't find a good match for which brush to assign to a portal near (1024.0 128.0 -424.0)
Leaf 0 contents: CONTENTS_SOLID 
Leaf 1 contents: 
viscontents (node 0 contents ^ node 1 contents): CONTENTS_SOLID 
This means that none of the brushes in leaf 0 or 1 that touches the portal has CONTENTS_SOLID 
Check for a huge brush enclosing the coordinates above that has contents CONTENTS_SOLID 
Candidate brush IDs: 


FindPortalSide: Couldn't find a good match for which brush to assign to a portal near (1024.0 128.0 -224.0)
Leaf 0 contents: CONTENTS_SOLID 
Leaf 1 contents: 
viscontents (node 0 contents ^ node 1 contents): CONTENTS_SOLID 
This means that none of the brushes in leaf 0 or 1 that touches the portal has CONTENTS_SOLID 
Check for a huge brush enclosing the coordinates above that has contents CONTENTS_SOLID 
Candidate brush IDs: 


FindPortalSide: Couldn't find a good match for which brush to assign to a portal near (1024.0 128.0 264.0)
Leaf 0 contents: CONTENTS_SOLID 
Leaf 1 contents: 
viscontents (node 0 contents ^ node 1 contents): CONTENTS_SOLID 
This means that none of the brushes in leaf 0 or 1 that touches the portal has CONTENTS_SOLID 
Check for a huge brush enclosing the coordinates above that has contents CONTENTS_SOLID 
Candidate brush IDs: 


FindPortalSide: Couldn't find a good match for which brush to assign to a portal near (1024.0 640.0 64.0)
Leaf 0 contents: CONTENTS_SOLID 
Leaf 1 contents: 
viscontents (node 0 contents ^ node 1 contents): CONTENTS_SOLID 
This means that none of the brushes in leaf 0 or 1 that touches the portal has CONTENTS_SOLID 
Check for a huge brush enclosing the coordinates above that has contents CONTENTS_SOLID 
Candidate brush IDs: 


FindPortalSide: Couldn't find a good match for which brush to assign to a portal near (1536.0 1024.0 64.0)
Leaf 0 contents: 
Leaf 1 contents: CONTENTS_SOLID 
viscontents (node 0 contents ^ node 1 contents): CONTENTS_SOLID 
This means that none of the brushes in leaf 0 or 1 that touches the portal has CONTENTS_SOLID 
Check for a huge brush enclosing the coordinates above that has contents CONTENTS_SOLID 
Candidate brush IDs: 


FindPortalSide: Couldn't find a good match for which brush to assign to a portal near (2048.0 512.0 64.0)
Leaf 0 contents: 
Leaf 1 contents: CONTENTS_SOLID 
viscontents (node 0 contents ^ node 1 contents): CONTENTS_SOLID 
This means that none of the brushes in leaf 0 or 1 that touches the portal has CONTENTS_SOLID 
Check for a huge brush enclosing the coordinates above that has contents CONTENTS_SOLID 
Candidate brush IDs: 


FindPortalSide: Couldn't find a good match for which brush to assign to a portal near (1024.0 -896.0 -424.0)
Leaf 0 contents: CONTENTS_SOLID 
Leaf 1 contents: 
viscontents (node 0 contents ^ node 1 contents): CONTENTS_SOLID 
This means that none of the brushes in leaf 0 or 1 that touches the portal has CONTENTS_SOLID 
Check for a huge brush enclosing the coordinates above that has contents CONTENTS_SOLID 
Candidate brush IDs: 


FindPortalSide: Couldn't find a good match for which brush to assign to a portal near (1024.0 -764.0 -424.0)
Leaf 0 contents: CONTENTS_SOLID 
Leaf 1 contents: 
viscontents (node 0 contents ^ node 1 contents): CONTENTS_SOLID 
This means that none of the brushes in leaf 0 or 1 that touches the portal has CONTENTS_SOLID 
Check for a huge brush enclosing the coordinates above that has contents CONTENTS_SOLID 
Candidate brush IDs: 

*** Suppressing further FindPortalSide errors.... ***
Processing areas...done (0)
Building Faces...done (0)
Chop Details...done (0)
Find Visible Detail Sides...done (0)
Merging details...done (0)
FixTjuncs...
PruneNodes...
WriteBSP...
done (1)
Creating default LDR cubemaps for env_cubemap using skybox materials:
   skybox/sky_day01_01*.vmt
 ! Run buildcubemaps in the engine to get the correct cube maps.
Creating default HDR cubemaps for env_cubemap using skybox materials:
   skybox/sky_day01_01*.vmt
 ! Run buildcubemaps in the engine to get the correct cube maps.
Finding displacement neighbors...
Finding lightmap sample positions...
Displacement Alpha : 0...1...2...3...4...5...6...7...8...9...10
Building Physics collision data...
done (0) (233967 bytes)
Error! To use model "models/props_gameplay/resupply_locker.mdl"
      with prop_static, it must be compiled with $staticprop!
Error loading studio model "models/props_gameplay/resupply_locker.mdl"!
Placing detail props : 0...1...2...3...4...5...6...7...8...9...10
Compacting texture/material tables...
Reduced 483 texinfos to 338
Reduced 5 texdatas to 5 (125 bytes to 125)
Writing E:\mapping\Team Fortress 2\cp_change\building_d.bsp
1 second elapsed



4 threads
reading e:\mapping\team fortress 2\cp_change\building_d.bsp
reading e:\mapping\team fortress 2\cp_change\building_d.prt
LoadPortals: couldn't read e:\mapping\team fortress 2\cp_change\building_d.prt



[Reading texlights from 'lights.rad']
[34 texlights parsed from 'lights.rad']

Loading e:\mapping\team fortress 2\cp_change\building_d.bsp
No vis information, direct lighting only.
4801 faces
334085 square feet [48108348.00 square inches]
530 Displacements
627 Square Feet [90323.05 Square Inches]
565 direct lights
0...1...2...3...4...5...6...7...8...9...10Build Patch/Sample Hash Table(s).....Done<0.0235 sec>
0...1...2...3...4...5...6...7...8...9...10FinalLightFace Done
271 of 271 (100% of) surface lights went in leaf ambient cubes.
0...1...2...3...4...5...6...7...8...9...10Writing leaf ambient...done
Ready to Finish

Object names       Objects/Maxobjs  Memory / Maxmem  Fullness 
------------       ---------------  ---------------  -------- 
models                   1/1024           48/49152    ( 0.1%) 
brushes                653/8192         7836/98304    ( 8.0%) 
brushsides            4104/65536       32832/524288   ( 6.3%) 
planes                1460/65536       29200/1310720  ( 2.2%) 
vertexes              6278/65536       75336/786432   ( 9.6%) 
nodes                 2182/65536       69824/2097152  ( 3.3%) 
texinfos               338/12288       24336/884736   ( 2.8%) 
texdata                  5/2048          160/65536    ( 0.2%) 
dispinfos              530/0           93280/0        ( 0.0%) 
disp_verts           13250/0          265000/0        ( 0.0%) 
disp_tris            16960/0           33920/0        ( 0.0%) 
disp_lmsamples       23744/0           23744/0        ( 0.0%) 
faces                 4801/65536      268856/3670016  ( 7.3%) 
hdr faces                0/65536           0/3670016  ( 0.0%) 
origfaces             2797/65536      156632/3670016  ( 4.3%) 
leaves                2184/65536       69888/2097152  ( 3.3%) 
leaffaces             5732/65536       11464/131072   ( 8.7%) 
leafbrushes           1191/65536        2382/131072   ( 1.8%) 
areas                    2/256            16/2048     ( 0.8%) 
surfedges            33652/512000     134608/2048000  ( 6.6%) 
edges                18581/256000      74324/1024000  ( 7.3%) 
LDR worldlights        565/8192        49720/720896   ( 6.9%) 
HDR worldlights          0/8192            0/720896   ( 0.0%) 
leafwaterdata            0/32768           0/393216   ( 0.0%) 
waterstrips            292/32768        2920/327680   ( 0.9%) 
waterverts               0/65536           0/786432   ( 0.0%) 
waterindices          4941/65536        9882/131072   ( 7.5%) 
cubemapsamples           0/1024            0/16384    ( 0.0%) 
overlays                 0/512             0/180224   ( 0.0%) 
LDR lightdata         [variable]     1884804/0        ( 0.0%) 
HDR lightdata         [variable]           0/0        ( 0.0%) 
visdata               [variable]           0/16777216 ( 0.0%) 
entdata               [variable]       97352/393216   (24.8%) 
LDR ambient table     2184/65536        8736/262144   ( 3.3%) 
HDR ambient table     2184/65536        8736/262144   ( 3.3%) 
LDR leaf ambient     10657/65536      298396/1835008  (16.3%) 
HDR leaf ambient      2184/65536       61152/1835008  ( 3.3%) 
occluders                0/0               0/0        ( 0.0%) 
occluder polygons        0/0               0/0        ( 0.0%) 
occluder vert ind        0/0               0/0        ( 0.0%) 
detail props          [variable]           1/12       ( 8.3%) 
static props          [variable]           1/12       ( 8.3%) 
pakfile               [variable]      105671/0        ( 0.0%) 
physics               [variable]      233967/4194304  ( 5.6%) 
physics terrain       [variable]      138678/1048576  (13.2%) 

Level flags = 0

Total triangle count: 12837
Writing e:\mapping\team fortress 2\cp_change\building_d.bsp
26 seconds elapsed



materialPath: C:\Program Files (x86)\Steam\SteamApps\common\Team Fortress 2\tf\materials
Loading E:\mapping\Team Fortress 2\cp_change\building_d.vmf
ConVarRef mat_reduceparticles doesn't point to an existing ConVar
fixing up env_cubemap materials on brush sides...
0...1...2...3...4...5...6...7...8...9...10**** leaked ****
Entity light (-4144.00 -336.00 208.00) leaked!

FindPortalSide: Couldn't find a good match for which brush to assign to a portal near (3072.0 1408.0 -520.0)
Leaf 0 contents: CONTENTS_SOLID 
Leaf 1 contents: 
viscontents (node 0 contents ^ node 1 contents): CONTENTS_SOLID 
This means that none of the brushes in leaf 0 or 1 that touches the portal has CONTENTS_SOLID 
Check for a huge brush enclosing the coordinates above that has contents CONTENTS_SOLID 
Candidate brush IDs: 


FindPortalSide: Couldn't find a good match for which brush to assign to a portal near (3072.0 1408.0 1584.0)
Leaf 0 contents: CONTENTS_SOLID 
Leaf 1 contents: 
viscontents (node 0 contents ^ node 1 contents): CONTENTS_SOLID 
This means that none of the brushes in leaf 0 or 1 that touches the portal has CONTENTS_SOLID 
Check for a huge brush enclosing the coordinates above that has contents CONTENTS_SOLID 
Candidate brush IDs: 


FindPortalSide: Couldn't find a good match for which brush to assign to a portal near (3072.0 1920.0 532.0)
Leaf 0 contents: CONTENTS_SOLID 
Leaf 1 contents: 
viscontents (node 0 contents ^ node 1 contents): CONTENTS_SOLID 
This means that none of the brushes in leaf 0 or 1 that touches the portal has CONTENTS_SOLID 
Check for a huge brush enclosing the coordinates above that has contents CONTENTS_SOLID 
Candidate brush IDs: 


FindPortalSide: Couldn't find a good match for which brush to assign to a portal near (3584.0 2048.0 532.0)
Leaf 0 contents: 
Leaf 1 contents: CONTENTS_SOLID 
viscontents (node 0 contents ^ node 1 contents): CONTENTS_SOLID 
This means that none of the brushes in leaf 0 or 1 that touches the portal has CONTENTS_SOLID 
Check for a huge brush enclosing the coordinates above that has contents CONTENTS_SOLID 
Candidate brush IDs: 


FindPortalSide: Couldn't find a good match for which brush to assign to a portal near (4096.0 1536.0 532.0)
Leaf 0 contents: 
Leaf 1 contents: CONTENTS_SOLID 
viscontents (node 0 contents ^ node 1 contents): CONTENTS_SOLID 
This means that none of the brushes in leaf 0 or 1 that touches the portal has CONTENTS_SOLID 
Check for a huge brush enclosing the coordinates above that has contents CONTENTS_SOLID 
Candidate brush IDs: 


FindPortalSide: Couldn't find a good match for which brush to assign to a portal near (3072.0 480.0 -520.0)
Leaf 0 contents: CONTENTS_SOLID 
Leaf 1 contents: 
viscontents (node 0 contents ^ node 1 contents): CONTENTS_SOLID 
This means that none of the brushes in leaf 0 or 1 that touches the portal has CONTENTS_SOLID 
Check for a huge brush enclosing the coordinates above that has contents CONTENTS_SOLID 
Candidate brush IDs: 


FindPortalSide: Couldn't find a good match for which brush to assign to a portal near (3072.0 992.0 -520.0)
Leaf 0 contents: CONTENTS_SOLID 
Leaf 1 contents: 
viscontents (node 0 contents ^ node 1 contents): CONTENTS_SOLID 
This means that none of the brushes in leaf 0 or 1 that touches the portal has CONTENTS_SOLID 
Check for a huge brush enclosing the coordinates above that has contents CONTENTS_SOLID 
Candidate brush IDs: 


FindPortalSide: Couldn't find a good match for which brush to assign to a portal near (3072.0 512.0 1584.0)
Leaf 0 contents: CONTENTS_SOLID 
Leaf 1 contents: 
viscontents (node 0 contents ^ node 1 contents): CONTENTS_SOLID 
This means that none of the brushes in leaf 0 or 1 that touches the portal has CONTENTS_SOLID 
Check for a huge brush enclosing the coordinates above that has contents CONTENTS_SOLID 
Candidate brush IDs: 

*** Suppressing further FindPortalSide errors.... ***
Processing areas...done (0)
Building Faces...done (0)
Chop Details...done (0)
Find Visible Detail Sides...
Merged 80 detail faces...done (0)
Merging details...done (0)
FixTjuncs...
PruneNodes...
WriteBSP...
done (1)
Creating default LDR cubemaps for env_cubemap using skybox materials:
   skybox/sky_day01_01*.vmt
 ! Run buildcubemaps in the engine to get the correct cube maps.
Creating default HDR cubemaps for env_cubemap using skybox materials:
   skybox/sky_day01_01*.vmt
 ! Run buildcubemaps in the engine to get the correct cube maps.
Finding displacement neighbors...
Finding lightmap sample positions...
Displacement Alpha : 0...1...2...3...4...5...6...7...8...9...10
Building Physics collision data...
done (0) (320428 bytes)
Error! To use model "models/props_gameplay/resupply_locker.mdl"
      with prop_static, it must be compiled with $staticprop!
Error loading studio model "models/props_gameplay/resupply_locker.mdl"!
Placing detail props : 0...1...2...3...4...5...6...7...8...9...10
Compacting texture/material tables...
Reduced 659 texinfos to 450
Reduced 9 texdatas to 8 (205 bytes to 187)
Writing E:\mapping\Team Fortress 2\cp_change\building_d.bsp
1 second elapsed



4 threads
reading e:\mapping\team fortress 2\cp_change\building_d.bsp
reading e:\mapping\team fortress 2\cp_change\building_d.prt
LoadPortals: couldn't read e:\mapping\team fortress 2\cp_change\building_d.prt



[Reading texlights from 'lights.rad']
[34 texlights parsed from 'lights.rad']

Loading e:\mapping\team fortress 2\cp_change\building_d.bsp
No vis information, direct lighting only.
6919 faces
1252392 square feet [180344544.00 square inches]
540 Displacements
639 Square Feet [92027.24 Square Inches]
575 direct lights
0...1...2...3...4...5...6...7...8...9...10Build Patch/Sample Hash Table(s).....Done<0.0624 sec>
0...1...2...3...4...5...6...7...8...9...10FinalLightFace Done
276 of 276 (100% of) surface lights went in leaf ambient cubes.
0...1...2...3...4...5...6...7...8...9...10Writing leaf ambient...done
Ready to Finish

Object names       Objects/Maxobjs  Memory / Maxmem  Fullness 
------------       ---------------  ---------------  -------- 
models                   1/1024           48/49152    ( 0.1%) 
brushes                938/8192        11256/98304    (11.5%) 
brushsides            5865/65536       46920/524288   ( 8.9%) 
planes                1806/65536       36120/1310720  ( 2.8%) 
vertexes              9230/65536      110760/786432   (14.1%) 
nodes                 2406/65536       76992/2097152  ( 3.7%) 
texinfos               450/12288       32400/884736   ( 3.7%) 
texdata                  8/2048          256/65536    ( 0.4%) 
dispinfos              540/0           95040/0        ( 0.0%) 
disp_verts           13500/0          270000/0        ( 0.0%) 
disp_tris            17280/0           34560/0        ( 0.0%) 
disp_lmsamples       24192/0           24192/0        ( 0.0%) 
faces                 6919/65536      387464/3670016  (10.6%) 
hdr faces                0/65536           0/3670016  ( 0.0%) 
origfaces             3517/65536      196952/3670016  ( 5.4%) 
leaves                2408/65536       77056/2097152  ( 3.7%) 
leaffaces             8138/65536       16276/131072   (12.4%) 
leafbrushes           1601/65536        3202/131072   ( 2.4%) 
areas                    5/256            40/2048     ( 2.0%) 
surfedges            47069/512000     188276/2048000  ( 9.2%) 
edges                27392/256000     109568/1024000  (10.7%) 
LDR worldlights        575/8192        50600/720896   ( 7.0%) 
HDR worldlights          0/8192            0/720896   ( 0.0%) 
leafwaterdata            0/32768           0/393216   ( 0.0%) 
waterstrips            597/32768        5970/327680   ( 1.8%) 
waterverts               0/65536           0/786432   ( 0.0%) 
waterindices         10398/65536       20796/131072   (15.9%) 
cubemapsamples           0/1024            0/16384    ( 0.0%) 
overlays                 0/512             0/180224   ( 0.0%) 
LDR lightdata         [variable]     6067668/0        ( 0.0%) 
HDR lightdata         [variable]           0/0        ( 0.0%) 
visdata               [variable]           0/16777216 ( 0.0%) 
entdata               [variable]      103443/393216   (26.3%) 
LDR ambient table     2408/65536        9632/262144   ( 3.7%) 
HDR ambient table     2408/65536        9632/262144   ( 3.7%) 
LDR leaf ambient     10943/65536      306404/1835008  (16.7%) 
HDR leaf ambient      2408/65536       67424/1835008  ( 3.7%) 
occluders                0/0               0/0        ( 0.0%) 
occluder polygons        0/0               0/0        ( 0.0%) 
occluder vert ind        0/0               0/0        ( 0.0%) 
detail props          [variable]           1/12       ( 8.3%) 
static props          [variable]           1/12       ( 8.3%) 
pakfile               [variable]      105671/0        ( 0.0%) 
physics               [variable]      320428/4194304  ( 7.6%) 
physics terrain       [variable]      141350/1048576  (13.5%) 

Level flags = 0

Total triangle count: 19142
Writing e:\mapping\team fortress 2\cp_change\building_d.bsp
1 minute, 1 second elapsed



materialPath: C:\Program Files (x86)\Steam\SteamApps\common\Team Fortress 2\tf\materials
Loading E:\mapping\Team Fortress 2\cp_change\building_d.vmf
ConVarRef mat_reduceparticles doesn't point to an existing ConVar
fixing up env_cubemap materials on brush sides...
0...1...2...3...4...5...6...7...8...9...10**** leaked ****
Entity light (-4144.00 -336.00 208.00) leaked!

FindPortalSide: Couldn't find a good match for which brush to assign to a portal near (3072.0 1408.0 -520.0)
Leaf 0 contents: CONTENTS_SOLID 
Leaf 1 contents: 
viscontents (node 0 contents ^ node 1 contents): CONTENTS_SOLID 
This means that none of the brushes in leaf 0 or 1 that touches the portal has CONTENTS_SOLID 
Check for a huge brush enclosing the coordinates above that has contents CONTENTS_SOLID 
Candidate brush IDs: 


FindPortalSide: Couldn't find a good match for which brush to assign to a portal near (3072.0 1408.0 1584.0)
Leaf 0 contents: CONTENTS_SOLID 
Leaf 1 contents: 
viscontents (node 0 contents ^ node 1 contents): CONTENTS_SOLID 
This means that none of the brushes in leaf 0 or 1 that touches the portal has CONTENTS_SOLID 
Check for a huge brush enclosing the coordinates above that has contents CONTENTS_SOLID 
Candidate brush IDs: 


FindPortalSide: Couldn't find a good match for which brush to assign to a portal near (3072.0 1920.0 532.0)
Leaf 0 contents: CONTENTS_SOLID 
Leaf 1 contents: 
viscontents (node 0 contents ^ node 1 contents): CONTENTS_SOLID 
This means that none of the brushes in leaf 0 or 1 that touches the portal has CONTENTS_SOLID 
Check for a huge brush enclosing the coordinates above that has contents CONTENTS_SOLID 
Candidate brush IDs: 


FindPortalSide: Couldn't find a good match for which brush to assign to a portal near (3584.0 2048.0 532.0)
Leaf 0 contents: 
Leaf 1 contents: CONTENTS_SOLID 
viscontents (node 0 contents ^ node 1 contents): CONTENTS_SOLID 
This means that none of the brushes in leaf 0 or 1 that touches the portal has CONTENTS_SOLID 
Check for a huge brush enclosing the coordinates above that has contents CONTENTS_SOLID 
Candidate brush IDs: 


FindPortalSide: Couldn't find a good match for which brush to assign to a portal near (4096.0 1536.0 532.0)
Leaf 0 contents: 
Leaf 1 contents: CONTENTS_SOLID 
viscontents (node 0 contents ^ node 1 contents): CONTENTS_SOLID 
This means that none of the brushes in leaf 0 or 1 that touches the portal has CONTENTS_SOLID 
Check for a huge brush enclosing the coordinates above that has contents CONTENTS_SOLID 
Candidate brush IDs: 


FindPortalSide: Couldn't find a good match for which brush to assign to a portal near (3072.0 480.0 -520.0)
Leaf 0 contents: CONTENTS_SOLID 
Leaf 1 contents: 
viscontents (node 0 contents ^ node 1 contents): CONTENTS_SOLID 
This means that none of the brushes in leaf 0 or 1 that touches the portal has CONTENTS_SOLID 
Check for a huge brush enclosing the coordinates above that has contents CONTENTS_SOLID 
Candidate brush IDs: 


FindPortalSide: Couldn't find a good match for which brush to assign to a portal near (3072.0 992.0 -520.0)
Leaf 0 contents: CONTENTS_SOLID 
Leaf 1 contents: 
viscontents (node 0 contents ^ node 1 contents): CONTENTS_SOLID 
This means that none of the brushes in leaf 0 or 1 that touches the portal has CONTENTS_SOLID 
Check for a huge brush enclosing the coordinates above that has contents CONTENTS_SOLID 
Candidate brush IDs: 


FindPortalSide: Couldn't find a good match for which brush to assign to a portal near (3072.0 512.0 1584.0)
Leaf 0 contents: CONTENTS_SOLID 
Leaf 1 contents: 
viscontents (node 0 contents ^ node 1 contents): CONTENTS_SOLID 
This means that none of the brushes in leaf 0 or 1 that touches the portal has CONTENTS_SOLID 
Check for a huge brush enclosing the coordinates above that has contents CONTENTS_SOLID 
Candidate brush IDs: 

*** Suppressing further FindPortalSide errors.... ***
Processing areas...WARNING: areaportal entity 323 (brush 63525) touches > 2 areas
done (0)
Building Faces...done (0)
Chop Details...done (0)
Find Visible Detail Sides...
Merged 80 detail faces...done (0)
Merging details...done (0)
FixTjuncs...
PruneNodes...
WriteBSP...
done (1)
Creating default LDR cubemaps for env_cubemap using skybox materials:
   skybox/sky_day01_01*.vmt
 ! Run buildcubemaps in the engine to get the correct cube maps.
Creating default HDR cubemaps for env_cubemap using skybox materials:
   skybox/sky_day01_01*.vmt
 ! Run buildcubemaps in the engine to get the correct cube maps.
Finding displacement neighbors...
Finding lightmap sample positions...
Displacement Alpha : 0...1...2...3...4...5...6...7...8...9...10
Building Physics collision data...
done (0) (336300 bytes)
Error! To use model "models/props_gameplay/resupply_locker.mdl"
      with prop_static, it must be compiled with $staticprop!
Error loading studio model "models/props_gameplay/resupply_locker.mdl"!
Placing detail props : 0...1...2...3...4...5...6...7...8...9...10
Compacting texture/material tables...
Reduced 667 texinfos to 457
Reduced 9 texdatas to 8 (205 bytes to 187)
Writing E:\mapping\Team Fortress 2\cp_change\building_d.bsp
1 second elapsed



4 threads
reading e:\mapping\team fortress 2\cp_change\building_d.bsp
reading e:\mapping\team fortress 2\cp_change\building_d.prt
LoadPortals: couldn't read e:\mapping\team fortress 2\cp_change\building_d.prt



[Reading texlights from 'lights.rad']
[34 texlights parsed from 'lights.rad']

Loading e:\mapping\team fortress 2\cp_change\building_d.bsp
No vis information, direct lighting only.
7250 faces
1281680 square feet [184561920.00 square inches]
580 Displacements
686 Square Feet [98844.05 Square Inches]
615 direct lights
0...1...2...3...4...5...6...7...8...9...10Build Patch/Sample Hash Table(s).....Done<0.0712 sec>
0...1...2...3...4...5...6...7...8...9...10FinalLightFace Done
296 of 296 (100% of) surface lights went in leaf ambient cubes.
0...1...2...3...4...5...6...7...8...9...10Writing leaf ambient...done
Ready to Finish

Object names       Objects/Maxobjs  Memory / Maxmem  Fullness 
------------       ---------------  ---------------  -------- 
models                   1/1024           48/49152    ( 0.1%) 
brushes                979/8192        11748/98304    (12.0%) 
brushsides            6147/65536       49176/524288   ( 9.4%) 
planes                1988/65536       39760/1310720  ( 3.0%) 
vertexes              9700/65536      116400/786432   (14.8%) 
nodes                 2585/65536       82720/2097152  ( 3.9%) 
texinfos               457/12288       32904/884736   ( 3.7%) 
texdata                  8/2048          256/65536    ( 0.4%) 
dispinfos              580/0          102080/0        ( 0.0%) 
disp_verts           14500/0          290000/0        ( 0.0%) 
disp_tris            18560/0           37120/0        ( 0.0%) 
disp_lmsamples       25984/0           25984/0        ( 0.0%) 
faces                 7250/65536      406000/3670016  (11.1%) 
hdr faces                0/65536           0/3670016  ( 0.0%) 
origfaces             3721/65536      208376/3670016  ( 5.7%) 
leaves                2587/65536       82784/2097152  ( 3.9%) 
leaffaces             8510/65536       17020/131072   (13.0%) 
leafbrushes           1674/65536        3348/131072   ( 2.6%) 
areas                    7/256            56/2048     ( 2.7%) 
surfedges            49452/512000     197808/2048000  ( 9.7%) 
edges                28714/256000     114856/1024000  (11.2%) 
LDR worldlights        615/8192        54120/720896   ( 7.5%) 
HDR worldlights          0/8192            0/720896   ( 0.0%) 
leafwaterdata            0/32768           0/393216   ( 0.0%) 
waterstrips            617/32768        6170/327680   ( 1.9%) 
waterverts               0/65536           0/786432   ( 0.0%) 
waterindices         10740/65536       21480/131072   (16.4%) 
cubemapsamples           0/1024            0/16384    ( 0.0%) 
overlays                 0/512             0/180224   ( 0.0%) 
LDR lightdata         [variable]     6167652/0        ( 0.0%) 
HDR lightdata         [variable]           0/0        ( 0.0%) 
visdata               [variable]           0/16777216 ( 0.0%) 
entdata               [variable]      110107/393216   (28.0%) 
LDR ambient table     2587/65536       10348/262144   ( 3.9%) 
HDR ambient table     2587/65536       10348/262144   ( 3.9%) 
LDR leaf ambient     12080/65536      338240/1835008  (18.4%) 
HDR leaf ambient      2587/65536       72436/1835008  ( 3.9%) 
occluders                0/0               0/0        ( 0.0%) 
occluder polygons        0/0               0/0        ( 0.0%) 
occluder vert ind        0/0               0/0        ( 0.0%) 
detail props          [variable]           1/12       ( 8.3%) 
static props          [variable]           1/12       ( 8.3%) 
pakfile               [variable]      105671/0        ( 0.0%) 
physics               [variable]      336300/4194304  ( 8.0%) 
physics terrain       [variable]      152080/1048576  (14.5%) 

Level flags = 0

Total triangle count: 20025
Writing e:\mapping\team fortress 2\cp_change\building_d.bsp
1 minute, 9 seconds elapsed
